<?xml version="1.0" encoding="UTF-8"?>
<!-- Generated by org.testng.reporters.JUnitXMLReporter -->
<testsuite hostname="LP-99" ignored="0" name="Default test" tests="10873" failures="0" timestamp="04 Mar 2019 03:50:28 GMT" time="281.177" errors="0">
  <testcase name="copyFile" time="0.781" classname="com.ptpl.ems.FolderCreate"/>
  <testcase name="copyFile" time="0.05" classname="com.ptpl.ems.FolderCreate"/>
  <testcase name="copyFile" time="0.029" classname="com.ptpl.ems.FolderCreate"/>
  <testcase name="copyFile" time="0.227" classname="com.ptpl.ems.FolderCreate"/>
  <testcase name="copyFile" time="0.061" classname="com.ptpl.ems.FolderCreate"/>
  <testcase name="copyFile" time="0.072" classname="com.ptpl.ems.FolderCreate"/>
  <testcase name="copyFile" time="0.084" classname="com.ptpl.ems.FolderCreate"/>
  <testcase name="copyFile" time="0.048" classname="com.ptpl.ems.FolderCreate"/>
  <testcase name="copyFile" time="0.064" classname="com.ptpl.ems.FolderCreate"/>
  <testcase name="copyFile" time="0.103" classname="com.ptpl.ems.FolderCreate"/>
  <testcase name="copyFile" time="0.022" classname="com.ptpl.ems.FolderCreate"/>
  <testcase name="copyFile" time="0.194" classname="com.ptpl.ems.FolderCreate"/>
  <testcase name="copyFile" time="0.062" classname="com.ptpl.ems.FolderCreate"/>
  <testcase name="copyFile" time="0.09" classname="com.ptpl.ems.FolderCreate"/>
  <testcase name="copyFile" time="0.1" classname="com.ptpl.ems.FolderCreate"/>
  <testcase name="copyFile" time="0.052" classname="com.ptpl.ems.FolderCreate"/>
  <testcase name="copyFile" time="0.083" classname="com.ptpl.ems.FolderCreate"/>
  <testcase name="copyFile" time="0.059" classname="com.ptpl.ems.FolderCreate"/>
  <testcase name="copyFile" time="0.246" classname="com.ptpl.ems.FolderCreate"/>
  <testcase name="copyFile" time="0.066" classname="com.ptpl.ems.FolderCreate"/>
  <testcase name="copyFile" time="0.101" classname="com.ptpl.ems.FolderCreate"/>
  <testcase name="copyFile" time="0.068" classname="com.ptpl.ems.FolderCreate"/>
  <testcase name="copyFile" time="0.055" classname="com.ptpl.ems.FolderCreate"/>
  <testcase name="copyFile" time="0.07" classname="com.ptpl.ems.FolderCreate"/>
  <testcase name="copyFile" time="0.083" classname="com.ptpl.ems.FolderCreate"/>
  <testcase name="copyFile" time="0.2" classname="com.ptpl.ems.FolderCreate"/>
  <testcase name="copyFile" time="0.06" classname="com.ptpl.ems.FolderCreate"/>
  <testcase name="copyFile" time="0.078" classname="com.ptpl.ems.FolderCreate"/>
  <testcase name="copyFile" time="0.061" classname="com.ptpl.ems.FolderCreate"/>
  <testcase name="copyFile" time="0.076" classname="com.ptpl.ems.FolderCreate"/>
  <testcase name="copyFile" time="0.105" classname="com.ptpl.ems.FolderCreate"/>
  <testcase name="copyFile" time="0.041" classname="com.ptpl.ems.FolderCreate"/>
  <testcase name="copyFile" time="0.05" classname="com.ptpl.ems.FolderCreate"/>
  <testcase name="copyFile" time="0.229" classname="com.ptpl.ems.FolderCreate"/>
  <testcase name="copyFile" time="0.11" classname="com.ptpl.ems.FolderCreate"/>
  <testcase name="copyFile" time="0.089" classname="com.ptpl.ems.FolderCreate"/>
  <testcase name="copyFile" time="0.058" classname="com.ptpl.ems.FolderCreate"/>
  <testcase name="copyFile" time="0.081" classname="com.ptpl.ems.FolderCreate"/>
  <testcase name="copyFile" time="0.1" classname="com.ptpl.ems.FolderCreate"/>
  <testcase name="copyFile" time="0.27" classname="com.ptpl.ems.FolderCreate"/>
  <testcase name="copyFile" time="0.116" classname="com.ptpl.ems.FolderCreate"/>
  <testcase name="copyFile" time="0.039" classname="com.ptpl.ems.FolderCreate"/>
  <testcase name="copyFile" time="0.059" classname="com.ptpl.ems.FolderCreate"/>
  <testcase name="copyFile" time="0.099" classname="com.ptpl.ems.FolderCreate"/>
  <testcase name="copyFile" time="0.026" classname="com.ptpl.ems.FolderCreate"/>
  <testcase name="copyFile" time="0.087" classname="com.ptpl.ems.FolderCreate"/>
  <testcase name="copyFile" time="0.263" classname="com.ptpl.ems.FolderCreate"/>
  <testcase name="copyFile" time="0.076" classname="com.ptpl.ems.FolderCreate"/>
  <testcase name="copyFile" time="0.104" classname="com.ptpl.ems.FolderCreate"/>
  <testcase name="copyFile" time="0.036" classname="com.ptpl.ems.FolderCreate"/>
  <testcase name="copyFile" time="0.051" classname="com.ptpl.ems.FolderCreate"/>
  <testcase name="copyFile" time="0.077" classname="com.ptpl.ems.FolderCreate"/>
  <testcase name="copyFile" time="0.05" classname="com.ptpl.ems.FolderCreate"/>
  <testcase name="copyFile" time="0.019" classname="com.ptpl.ems.FolderCreate"/>
  <testcase name="copyFile" time="0.058" classname="com.ptpl.ems.FolderCreate"/>
  <testcase name="copyFile" time="0.262" classname="com.ptpl.ems.FolderCreate"/>
  <testcase name="copyFile" time="0.116" classname="com.ptpl.ems.FolderCreate"/>
  <testcase name="copyFile" time="0.075" classname="com.ptpl.ems.FolderCreate"/>
  <testcase name="copyFile" time="0.071" classname="com.ptpl.ems.FolderCreate"/>
  <testcase name="copyFile" time="0.145" classname="com.ptpl.ems.FolderCreate"/>
  <testcase name="copyFile" time="0.047" classname="com.ptpl.ems.FolderCreate"/>
  <testcase name="copyFile" time="0.219" classname="com.ptpl.ems.FolderCreate"/>
  <testcase name="copyFile" time="0.102" classname="com.ptpl.ems.FolderCreate"/>
  <testcase name="copyFile" time="0.075" classname="com.ptpl.ems.FolderCreate"/>
  <testcase name="copyFile" time="0.045" classname="com.ptpl.ems.FolderCreate"/>
  <testcase name="copyFile" time="0.052" classname="com.ptpl.ems.FolderCreate"/>
  <testcase name="copyFile" time="0.064" classname="com.ptpl.ems.FolderCreate"/>
  <testcase name="copyFile" time="0.075" classname="com.ptpl.ems.FolderCreate"/>
  <testcase name="copyFile" time="0.021" classname="com.ptpl.ems.FolderCreate"/>
  <testcase name="copyFile" time="0.064" classname="com.ptpl.ems.FolderCreate"/>
  <testcase name="copyFile" time="0.624" classname="com.ptpl.ems.FolderCreate"/>
  <testcase name="copyFile" time="0.138" classname="com.ptpl.ems.FolderCreate"/>
  <testcase name="copyFile" time="0.082" classname="com.ptpl.ems.FolderCreate"/>
  <testcase name="copyFile" time="0.068" classname="com.ptpl.ems.FolderCreate"/>
  <testcase name="copyFile" time="0.057" classname="com.ptpl.ems.FolderCreate"/>
  <testcase name="copyFile" time="0.09" classname="com.ptpl.ems.FolderCreate"/>
  <testcase name="copyFile" time="0.192" classname="com.ptpl.ems.FolderCreate"/>
  <testcase name="copyFile" time="0.075" classname="com.ptpl.ems.FolderCreate"/>
  <testcase name="copyFile" time="0.051" classname="com.ptpl.ems.FolderCreate"/>
  <testcase name="copyFile" time="0.093" classname="com.ptpl.ems.FolderCreate"/>
  <testcase name="copyFile" time="0.046" classname="com.ptpl.ems.FolderCreate"/>
  <testcase name="copyFile" time="0.108" classname="com.ptpl.ems.FolderCreate"/>
  <testcase name="copyFile" time="0.061" classname="com.ptpl.ems.FolderCreate"/>
  <testcase name="copyFile" time="0.082" classname="com.ptpl.ems.FolderCreate"/>
  <testcase name="copyFile" time="0.245" classname="com.ptpl.ems.FolderCreate"/>
  <testcase name="copyFile" time="0.114" classname="com.ptpl.ems.FolderCreate"/>
  <testcase name="copyFile" time="0.067" classname="com.ptpl.ems.FolderCreate"/>
  <testcase name="copyFile" time="0.129" classname="com.ptpl.ems.FolderCreate"/>
  <testcase name="copyFile" time="0.064" classname="com.ptpl.ems.FolderCreate"/>
  <testcase name="copyFile" time="0.28" classname="com.ptpl.ems.FolderCreate"/>
  <testcase name="copyFile" time="0.052" classname="com.ptpl.ems.FolderCreate"/>
  <testcase name="copyFile" time="0.076" classname="com.ptpl.ems.FolderCreate"/>
  <testcase name="copyFile" time="0.145" classname="com.ptpl.ems.FolderCreate"/>
  <testcase name="copyFile" time="0.067" classname="com.ptpl.ems.FolderCreate"/>
  <testcase name="copyFile" time="0.064" classname="com.ptpl.ems.FolderCreate"/>
  <testcase name="copyFile" time="0.068" classname="com.ptpl.ems.FolderCreate"/>
  <testcase name="copyFile" time="0.255" classname="com.ptpl.ems.FolderCreate"/>
  <testcase name="copyFile" time="0.098" classname="com.ptpl.ems.FolderCreate"/>
  <testcase name="copyFile" time="0.058" classname="com.ptpl.ems.FolderCreate"/>
  <testcase name="copyFile" time="0.1" classname="com.ptpl.ems.FolderCreate"/>
  <testcase name="copyFile" time="0.163" classname="com.ptpl.ems.FolderCreate"/>
  <testcase name="copyFile" time="0.028" classname="com.ptpl.ems.FolderCreate"/>
  <testcase name="copyFile" time="0.205" classname="com.ptpl.ems.FolderCreate"/>
  <testcase name="copyFile" time="0.022" classname="com.ptpl.ems.FolderCreate"/>
  <testcase name="copyFile" time="0.121" classname="com.ptpl.ems.FolderCreate"/>
  <testcase name="copyFile" time="0.077" classname="com.ptpl.ems.FolderCreate"/>
  <testcase name="copyFile" time="0.064" classname="com.ptpl.ems.FolderCreate"/>
  <testcase name="copyFile" time="0.092" classname="com.ptpl.ems.FolderCreate"/>
  <testcase name="copyFile" time="0.077" classname="com.ptpl.ems.FolderCreate"/>
  <testcase name="copyFile" time="0.026" classname="com.ptpl.ems.FolderCreate"/>
  <testcase name="copyFile" time="0.266" classname="com.ptpl.ems.FolderCreate"/>
  <testcase name="copyFile" time="0.055" classname="com.ptpl.ems.FolderCreate"/>
  <testcase name="copyFile" time="0.074" classname="com.ptpl.ems.FolderCreate"/>
  <testcase name="copyFile" time="0.153" classname="com.ptpl.ems.FolderCreate"/>
  <testcase name="copyFile" time="0.022" classname="com.ptpl.ems.FolderCreate"/>
  <testcase name="copyFile" time="0.072" classname="com.ptpl.ems.FolderCreate"/>
  <testcase name="copyFile" time="0.065" classname="com.ptpl.ems.FolderCreate"/>
  <testcase name="copyFile" time="0.075" classname="com.ptpl.ems.FolderCreate"/>
  <testcase name="copyFile" time="0.205" classname="com.ptpl.ems.FolderCreate"/>
  <testcase name="copyFile" time="0.047" classname="com.ptpl.ems.FolderCreate"/>
  <testcase name="copyFile" time="0.027" classname="com.ptpl.ems.FolderCreate"/>
  <testcase name="copyFile" time="0.057" classname="com.ptpl.ems.FolderCreate"/>
  <testcase name="copyFile" time="0.098" classname="com.ptpl.ems.FolderCreate"/>
  <testcase name="copyFile" time="0.088" classname="com.ptpl.ems.FolderCreate"/>
  <testcase name="copyFile" time="0.114" classname="com.ptpl.ems.FolderCreate"/>
  <testcase name="copyFile" time="0.268" classname="com.ptpl.ems.FolderCreate"/>
  <testcase name="copyFile" time="0.141" classname="com.ptpl.ems.FolderCreate"/>
  <testcase name="copyFile" time="0.115" classname="com.ptpl.ems.FolderCreate"/>
  <testcase name="copyFile" time="0.063" classname="com.ptpl.ems.FolderCreate"/>
  <testcase name="copyFile" time="0.056" classname="com.ptpl.ems.FolderCreate"/>
  <testcase name="copyFile" time="0.054" classname="com.ptpl.ems.FolderCreate"/>
  <testcase name="copyFile" time="0.235" classname="com.ptpl.ems.FolderCreate"/>
  <testcase name="copyFile" time="0.065" classname="com.ptpl.ems.FolderCreate"/>
  <testcase name="copyFile" time="0.041" classname="com.ptpl.ems.FolderCreate"/>
  <testcase name="copyFile" time="0.073" classname="com.ptpl.ems.FolderCreate"/>
  <testcase name="copyFile" time="0.077" classname="com.ptpl.ems.FolderCreate"/>
  <testcase name="copyFile" time="0.067" classname="com.ptpl.ems.FolderCreate"/>
  <testcase name="copyFile" time="0.001" classname="com.ptpl.ems.FolderCreate"/>
  <testcase name="copyFile" time="0.001" classname="com.ptpl.ems.FolderCreate"/>
  <testcase name="copyFile" time="0.001" classname="com.ptpl.ems.FolderCreate"/>
  <testcase name="copyFile" time="0.211" classname="com.ptpl.ems.FolderCreate"/>
  <testcase name="copyFile" time="0.001" classname="com.ptpl.ems.FolderCreate"/>
  <testcase name="copyFile" time="0.001" classname="com.ptpl.ems.FolderCreate"/>
  <testcase name="copyFile" time="0.276" classname="com.ptpl.ems.FolderCreate"/>
  <testcase name="copyFile" time="0.001" classname="com.ptpl.ems.FolderCreate"/>
  <testcase name="copyFile" time="0.001" classname="com.ptpl.ems.FolderCreate"/>
  <testcase name="copyFile" time="0.001" classname="com.ptpl.ems.FolderCreate"/>
  <testcase name="copyFile" time="0.0" classname="com.ptpl.ems.FolderCreate"/>
  <testcase name="copyFile" time="0.001" classname="com.ptpl.ems.FolderCreate"/>
  <testcase name="copyFile" time="0.0" classname="com.ptpl.ems.FolderCreate"/>
  <testcase name="copyFile" time="0.001" classname="com.ptpl.ems.FolderCreate"/>
  <testcase name="copyFile" time="0.002" classname="com.ptpl.ems.FolderCreate"/>
  <testcase name="copyFile" time="0.001" classname="com.ptpl.ems.FolderCreate"/>
  <testcase name="copyFile" time="0.001" classname="com.ptpl.ems.FolderCreate"/>
  <testcase name="copyFile" time="0.118" classname="com.ptpl.ems.FolderCreate"/>
  <testcase name="copyFile" time="0.268" classname="com.ptpl.ems.FolderCreate"/>
  <testcase name="copyFile" time="0.087" classname="com.ptpl.ems.FolderCreate"/>
  <testcase name="copyFile" time="0.087" classname="com.ptpl.ems.FolderCreate"/>
  <testcase name="copyFile" time="0.062" classname="com.ptpl.ems.FolderCreate"/>
  <testcase name="copyFile" time="0.062" classname="com.ptpl.ems.FolderCreate"/>
  <testcase name="copyFile" time="0.171" classname="com.ptpl.ems.FolderCreate"/>
  <testcase name="copyFile" time="0.115" classname="com.ptpl.ems.FolderCreate"/>
  <testcase name="copyFile" time="0.039" classname="com.ptpl.ems.FolderCreate"/>
  <testcase name="copyFile" time="0.001" classname="com.ptpl.ems.FolderCreate"/>
  <testcase name="copyFile" time="0.001" classname="com.ptpl.ems.FolderCreate"/>
  <testcase name="copyFile" time="0.0" classname="com.ptpl.ems.FolderCreate"/>
  <testcase name="copyFile" time="0.001" classname="com.ptpl.ems.FolderCreate"/>
  <testcase name="copyFile" time="0.001" classname="com.ptpl.ems.FolderCreate"/>
  <testcase name="copyFile" time="0.0" classname="com.ptpl.ems.FolderCreate"/>
  <testcase name="copyFile" time="0.001" classname="com.ptpl.ems.FolderCreate"/>
  <testcase name="copyFile" time="0.001" classname="com.ptpl.ems.FolderCreate"/>
  <testcase name="copyFile" time="0.027" classname="com.ptpl.ems.FolderCreate"/>
  <testcase name="copyFile" time="0.001" classname="com.ptpl.ems.FolderCreate"/>
  <testcase name="copyFile" time="0.0" classname="com.ptpl.ems.FolderCreate"/>
  <testcase name="copyFile" time="0.001" classname="com.ptpl.ems.FolderCreate"/>
  <testcase name="copyFile" time="0.001" classname="com.ptpl.ems.FolderCreate"/>
  <testcase name="copyFile" time="0.001" classname="com.ptpl.ems.FolderCreate"/>
  <testcase name="copyFile" time="0.0" classname="com.ptpl.ems.FolderCreate"/>
  <testcase name="copyFile" time="0.0" classname="com.ptpl.ems.FolderCreate"/>
  <testcase name="copyFile" time="0.003" classname="com.ptpl.ems.FolderCreate"/>
  <testcase name="copyFile" time="0.001" classname="com.ptpl.ems.FolderCreate"/>
  <testcase name="copyFile" time="0.001" classname="com.ptpl.ems.FolderCreate"/>
  <testcase name="copyFile" time="0.001" classname="com.ptpl.ems.FolderCreate"/>
  <testcase name="copyFile" time="0.001" classname="com.ptpl.ems.FolderCreate"/>
  <testcase name="copyFile" time="0.002" classname="com.ptpl.ems.FolderCreate"/>
  <testcase name="copyFile" time="0.002" classname="com.ptpl.ems.FolderCreate"/>
  <testcase name="copyFile" time="0.08" classname="com.ptpl.ems.FolderCreate"/>
  <testcase name="copyFile" time="0.022" classname="com.ptpl.ems.FolderCreate"/>
  <testcase name="copyFile" time="0.082" classname="com.ptpl.ems.FolderCreate"/>
  <testcase name="copyFile" time="0.053" classname="com.ptpl.ems.FolderCreate"/>
  <testcase name="copyFile" time="0.18" classname="com.ptpl.ems.FolderCreate"/>
  <testcase name="copyFile" time="0.061" classname="com.ptpl.ems.FolderCreate"/>
  <testcase name="copyFile" time="0.06" classname="com.ptpl.ems.FolderCreate"/>
  <testcase name="copyFile" time="0.06" classname="com.ptpl.ems.FolderCreate"/>
  <testcase name="copyFile" time="0.001" classname="com.ptpl.ems.FolderCreate"/>
  <testcase name="copyFile" time="0.0" classname="com.ptpl.ems.FolderCreate"/>
  <testcase name="copyFile" time="0.0" classname="com.ptpl.ems.FolderCreate"/>
  <testcase name="copyFile" time="0.002" classname="com.ptpl.ems.FolderCreate"/>
  <testcase name="copyFile" time="0.021" classname="com.ptpl.ems.FolderCreate"/>
  <testcase name="copyFile" time="0.0" classname="com.ptpl.ems.FolderCreate"/>
  <testcase name="copyFile" time="0.0" classname="com.ptpl.ems.FolderCreate"/>
  <testcase name="copyFile" time="0.001" classname="com.ptpl.ems.FolderCreate"/>
  <testcase name="copyFile" time="0.001" classname="com.ptpl.ems.FolderCreate"/>
  <testcase name="copyFile" time="0.049" classname="com.ptpl.ems.FolderCreate"/>
  <testcase name="copyFile" time="0.001" classname="com.ptpl.ems.FolderCreate"/>
  <testcase name="copyFile" time="0.001" classname="com.ptpl.ems.FolderCreate"/>
  <testcase name="copyFile" time="0.001" classname="com.ptpl.ems.FolderCreate"/>
  <testcase name="copyFile" time="0.002" classname="com.ptpl.ems.FolderCreate"/>
  <testcase name="copyFile" time="0.025" classname="com.ptpl.ems.FolderCreate"/>
  <testcase name="copyFile" time="0.001" classname="com.ptpl.ems.FolderCreate"/>
  <testcase name="copyFile" time="0.001" classname="com.ptpl.ems.FolderCreate"/>
  <testcase name="copyFile" time="0.0" classname="com.ptpl.ems.FolderCreate"/>
  <testcase name="copyFile" time="0.001" classname="com.ptpl.ems.FolderCreate"/>
  <testcase name="copyFile" time="0.097" classname="com.ptpl.ems.FolderCreate"/>
  <testcase name="copyFile" time="0.036" classname="com.ptpl.ems.FolderCreate"/>
  <testcase name="copyFile" time="0.254" classname="com.ptpl.ems.FolderCreate"/>
  <testcase name="copyFile" time="0.256" classname="com.ptpl.ems.FolderCreate"/>
  <testcase name="copyFile" time="0.022" classname="com.ptpl.ems.FolderCreate"/>
  <testcase name="copyFile" time="0.096" classname="com.ptpl.ems.FolderCreate"/>
  <testcase name="copyFile" time="0.016" classname="com.ptpl.ems.FolderCreate"/>
  <testcase name="copyFile" time="0.097" classname="com.ptpl.ems.FolderCreate"/>
  <testcase name="copyFile" time="0.012" classname="com.ptpl.ems.FolderCreate"/>
  <testcase name="copyFile" time="0.062" classname="com.ptpl.ems.FolderCreate"/>
  <testcase name="copyFile" time="0.001" classname="com.ptpl.ems.FolderCreate"/>
  <testcase name="copyFile" time="0.001" classname="com.ptpl.ems.FolderCreate"/>
  <testcase name="copyFile" time="0.001" classname="com.ptpl.ems.FolderCreate"/>
  <testcase name="copyFile" time="0.001" classname="com.ptpl.ems.FolderCreate"/>
  <testcase name="copyFile" time="0.061" classname="com.ptpl.ems.FolderCreate"/>
  <testcase name="copyFile" time="0.005" classname="com.ptpl.ems.FolderCreate"/>
  <testcase name="copyFile" time="0.001" classname="com.ptpl.ems.FolderCreate"/>
  <testcase name="copyFile" time="0.001" classname="com.ptpl.ems.FolderCreate"/>
  <testcase name="copyFile" time="0.001" classname="com.ptpl.ems.FolderCreate"/>
  <testcase name="copyFile" time="0.115" classname="com.ptpl.ems.FolderCreate"/>
  <testcase name="copyFile" time="0.001" classname="com.ptpl.ems.FolderCreate"/>
  <testcase name="copyFile" time="0.001" classname="com.ptpl.ems.FolderCreate"/>
  <testcase name="copyFile" time="0.001" classname="com.ptpl.ems.FolderCreate"/>
  <testcase name="copyFile" time="0.001" classname="com.ptpl.ems.FolderCreate"/>
  <testcase name="copyFile" time="0.356" classname="com.ptpl.ems.FolderCreate"/>
  <testcase name="copyFile" time="0.002" classname="com.ptpl.ems.FolderCreate"/>
  <testcase name="copyFile" time="0.001" classname="com.ptpl.ems.FolderCreate"/>
  <testcase name="copyFile" time="0.001" classname="com.ptpl.ems.FolderCreate"/>
  <testcase name="copyFile" time="0.001" classname="com.ptpl.ems.FolderCreate"/>
  <testcase name="copyFile" time="0.026" classname="com.ptpl.ems.FolderCreate"/>
  <testcase name="copyFile" time="0.012" classname="com.ptpl.ems.FolderCreate"/>
  <testcase name="copyFile" time="0.001" classname="com.ptpl.ems.FolderCreate"/>
  <testcase name="copyFile" time="0.001" classname="com.ptpl.ems.FolderCreate"/>
  <testcase name="copyFile" time="0.019" classname="com.ptpl.ems.FolderCreate"/>
  <testcase name="copyFile" time="0.064" classname="com.ptpl.ems.FolderCreate"/>
  <testcase name="copyFile" time="0.059" classname="com.ptpl.ems.FolderCreate"/>
  <testcase name="copyFile" time="0.031" classname="com.ptpl.ems.FolderCreate"/>
  <testcase name="copyFile" time="0.224" classname="com.ptpl.ems.FolderCreate"/>
  <testcase name="copyFile" time="0.133" classname="com.ptpl.ems.FolderCreate"/>
  <testcase name="copyFile" time="0.097" classname="com.ptpl.ems.FolderCreate"/>
  <testcase name="copyFile" time="0.075" classname="com.ptpl.ems.FolderCreate"/>
  <testcase name="copyFile" time="0.006" classname="com.ptpl.ems.FolderCreate"/>
  <testcase name="copyFile" time="0.051" classname="com.ptpl.ems.FolderCreate"/>
  <testcase name="copyFile" time="0.001" classname="com.ptpl.ems.FolderCreate"/>
  <testcase name="copyFile" time="0.001" classname="com.ptpl.ems.FolderCreate"/>
  <testcase name="copyFile" time="0.001" classname="com.ptpl.ems.FolderCreate"/>
  <testcase name="copyFile" time="0.002" classname="com.ptpl.ems.FolderCreate"/>
  <testcase name="copyFile" time="0.002" classname="com.ptpl.ems.FolderCreate"/>
  <testcase name="copyFile" time="0.058" classname="com.ptpl.ems.FolderCreate"/>
  <testcase name="copyFile" time="0.0" classname="com.ptpl.ems.FolderCreate"/>
  <testcase name="copyFile" time="0.001" classname="com.ptpl.ems.FolderCreate"/>
  <testcase name="copyFile" time="0.0" classname="com.ptpl.ems.FolderCreate"/>
  <testcase name="copyFile" time="0.0" classname="com.ptpl.ems.FolderCreate"/>
  <testcase name="copyFile" time="0.0" classname="com.ptpl.ems.FolderCreate"/>
  <testcase name="copyFile" time="0.001" classname="com.ptpl.ems.FolderCreate"/>
  <testcase name="copyFile" time="0.0" classname="com.ptpl.ems.FolderCreate"/>
  <testcase name="copyFile" time="0.001" classname="com.ptpl.ems.FolderCreate"/>
  <testcase name="copyFile" time="0.001" classname="com.ptpl.ems.FolderCreate"/>
  <testcase name="copyFile" time="0.001" classname="com.ptpl.ems.FolderCreate"/>
  <testcase name="copyFile" time="0.001" classname="com.ptpl.ems.FolderCreate"/>
  <testcase name="copyFile" time="0.001" classname="com.ptpl.ems.FolderCreate"/>
  <testcase name="copyFile" time="0.001" classname="com.ptpl.ems.FolderCreate"/>
  <testcase name="copyFile" time="0.0" classname="com.ptpl.ems.FolderCreate"/>
  <testcase name="copyFile" time="0.088" classname="com.ptpl.ems.FolderCreate"/>
  <testcase name="copyFile" time="0.263" classname="com.ptpl.ems.FolderCreate"/>
  <testcase name="copyFile" time="0.075" classname="com.ptpl.ems.FolderCreate"/>
  <testcase name="copyFile" time="0.073" classname="com.ptpl.ems.FolderCreate"/>
  <testcase name="copyFile" time="0.095" classname="com.ptpl.ems.FolderCreate"/>
  <testcase name="copyFile" time="0.045" classname="com.ptpl.ems.FolderCreate"/>
  <testcase name="copyFile" time="0.001" classname="com.ptpl.ems.FolderCreate"/>
  <testcase name="copyFile" time="0.001" classname="com.ptpl.ems.FolderCreate"/>
  <testcase name="copyFile" time="0.0" classname="com.ptpl.ems.FolderCreate"/>
  <testcase name="copyFile" time="0.0" classname="com.ptpl.ems.FolderCreate"/>
  <testcase name="copyFile" time="0.0" classname="com.ptpl.ems.FolderCreate"/>
  <testcase name="copyFile" time="0.001" classname="com.ptpl.ems.FolderCreate"/>
  <testcase name="copyFile" time="0.056" classname="com.ptpl.ems.FolderCreate"/>
  <testcase name="copyFile" time="0.001" classname="com.ptpl.ems.FolderCreate"/>
  <testcase name="copyFile" time="0.001" classname="com.ptpl.ems.FolderCreate"/>
  <testcase name="copyFile" time="0.001" classname="com.ptpl.ems.FolderCreate"/>
  <testcase name="copyFile" time="0.001" classname="com.ptpl.ems.FolderCreate"/>
  <testcase name="copyFile" time="0.0" classname="com.ptpl.ems.FolderCreate"/>
  <testcase name="copyFile" time="0.001" classname="com.ptpl.ems.FolderCreate"/>
  <testcase name="copyFile" time="0.001" classname="com.ptpl.ems.FolderCreate"/>
  <testcase name="copyFile" time="0.0" classname="com.ptpl.ems.FolderCreate"/>
  <testcase name="copyFile" time="0.0" classname="com.ptpl.ems.FolderCreate"/>
  <testcase name="copyFile" time="0.0" classname="com.ptpl.ems.FolderCreate"/>
  <testcase name="copyFile" time="0.001" classname="com.ptpl.ems.FolderCreate"/>
  <testcase name="copyFile" time="0.001" classname="com.ptpl.ems.FolderCreate"/>
  <testcase name="copyFile" time="0.0" classname="com.ptpl.ems.FolderCreate"/>
  <testcase name="copyFile" time="0.0" classname="com.ptpl.ems.FolderCreate"/>
  <testcase name="copyFile" time="0.001" classname="com.ptpl.ems.FolderCreate"/>
  <testcase name="copyFile" time="0.001" classname="com.ptpl.ems.FolderCreate"/>
  <testcase name="copyFile" time="0.486" classname="com.ptpl.ems.FolderCreate"/>
  <testcase name="copyFile" time="0.293" classname="com.ptpl.ems.FolderCreate"/>
  <testcase name="copyFile" time="0.087" classname="com.ptpl.ems.FolderCreate"/>
  <testcase name="copyFile" time="0.075" classname="com.ptpl.ems.FolderCreate"/>
  <testcase name="copyFile" time="0.056" classname="com.ptpl.ems.FolderCreate"/>
  <testcase name="copyFile" time="0.001" classname="com.ptpl.ems.FolderCreate"/>
  <testcase name="copyFile" time="0.001" classname="com.ptpl.ems.FolderCreate"/>
  <testcase name="copyFile" time="0.0" classname="com.ptpl.ems.FolderCreate"/>
  <testcase name="copyFile" time="0.001" classname="com.ptpl.ems.FolderCreate"/>
  <testcase name="copyFile" time="0.001" classname="com.ptpl.ems.FolderCreate"/>
  <testcase name="copyFile" time="0.001" classname="com.ptpl.ems.FolderCreate"/>
  <testcase name="copyFile" time="0.0" classname="com.ptpl.ems.FolderCreate"/>
  <testcase name="copyFile" time="0.0" classname="com.ptpl.ems.FolderCreate"/>
  <testcase name="copyFile" time="0.001" classname="com.ptpl.ems.FolderCreate"/>
  <testcase name="copyFile" time="0.001" classname="com.ptpl.ems.FolderCreate"/>
  <testcase name="copyFile" time="0.0" classname="com.ptpl.ems.FolderCreate"/>
  <testcase name="copyFile" time="0.0" classname="com.ptpl.ems.FolderCreate"/>
  <testcase name="copyFile" time="0.001" classname="com.ptpl.ems.FolderCreate"/>
  <testcase name="copyFile" time="0.002" classname="com.ptpl.ems.FolderCreate"/>
  <testcase name="copyFile" time="0.186" classname="com.ptpl.ems.FolderCreate"/>
  <testcase name="copyFile" time="0.11" classname="com.ptpl.ems.FolderCreate"/>
  <testcase name="copyFile" time="0.034" classname="com.ptpl.ems.FolderCreate"/>
  <testcase name="copyFile" time="0.064" classname="com.ptpl.ems.FolderCreate"/>
  <testcase name="copyFile" time="0.082" classname="com.ptpl.ems.FolderCreate"/>
  <testcase name="copyFile" time="0.069" classname="com.ptpl.ems.FolderCreate"/>
  <testcase name="copyFile" time="0.085" classname="com.ptpl.ems.FolderCreate"/>
  <testcase name="copyFile" time="0.088" classname="com.ptpl.ems.FolderCreate"/>
  <testcase name="copyFile" time="0.291" classname="com.ptpl.ems.FolderCreate"/>
  <testcase name="copyFile" time="0.054" classname="com.ptpl.ems.FolderCreate"/>
  <testcase name="copyFile" time="0.077" classname="com.ptpl.ems.FolderCreate"/>
  <testcase name="copyFile" time="0.062" classname="com.ptpl.ems.FolderCreate"/>
  <testcase name="copyFile" time="0.044" classname="com.ptpl.ems.FolderCreate"/>
  <testcase name="copyFile" time="0.047" classname="com.ptpl.ems.FolderCreate"/>
  <testcase name="copyFile" time="0.067" classname="com.ptpl.ems.FolderCreate"/>
  <testcase name="copyFile" time="0.084" classname="com.ptpl.ems.FolderCreate"/>
  <testcase name="copyFile" time="0.053" classname="com.ptpl.ems.FolderCreate"/>
  <testcase name="copyFile" time="0.241" classname="com.ptpl.ems.FolderCreate"/>
  <testcase name="copyFile" time="0.075" classname="com.ptpl.ems.FolderCreate"/>
  <testcase name="copyFile" time="0.127" classname="com.ptpl.ems.FolderCreate"/>
  <testcase name="copyFile" time="0.063" classname="com.ptpl.ems.FolderCreate"/>
  <testcase name="copyFile" time="0.075" classname="com.ptpl.ems.FolderCreate"/>
  <testcase name="copyFile" time="0.032" classname="com.ptpl.ems.FolderCreate"/>
  <testcase name="copyFile" time="0.091" classname="com.ptpl.ems.FolderCreate"/>
  <testcase name="copyFile" time="0.245" classname="com.ptpl.ems.FolderCreate"/>
  <testcase name="copyFile" time="0.055" classname="com.ptpl.ems.FolderCreate"/>
  <testcase name="copyFile" time="0.025" classname="com.ptpl.ems.FolderCreate"/>
  <testcase name="copyFile" time="0.142" classname="com.ptpl.ems.FolderCreate"/>
  <testcase name="copyFile" time="0.067" classname="com.ptpl.ems.FolderCreate"/>
  <testcase name="copyFile" time="0.038" classname="com.ptpl.ems.FolderCreate"/>
  <testcase name="copyFile" time="0.084" classname="com.ptpl.ems.FolderCreate"/>
  <testcase name="copyFile" time="0.257" classname="com.ptpl.ems.FolderCreate"/>
  <testcase name="copyFile" time="0.069" classname="com.ptpl.ems.FolderCreate"/>
  <testcase name="copyFile" time="0.037" classname="com.ptpl.ems.FolderCreate"/>
  <testcase name="copyFile" time="0.091" classname="com.ptpl.ems.FolderCreate"/>
  <testcase name="copyFile" time="0.06" classname="com.ptpl.ems.FolderCreate"/>
  <testcase name="copyFile" time="0.075" classname="com.ptpl.ems.FolderCreate"/>
  <testcase name="copyFile" time="0.028" classname="com.ptpl.ems.FolderCreate"/>
  <testcase name="copyFile" time="0.018" classname="com.ptpl.ems.FolderCreate"/>
  <testcase name="copyFile" time="0.268" classname="com.ptpl.ems.FolderCreate"/>
  <testcase name="copyFile" time="0.088" classname="com.ptpl.ems.FolderCreate"/>
  <testcase name="copyFile" time="0.062" classname="com.ptpl.ems.FolderCreate"/>
  <testcase name="copyFile" time="0.352" classname="com.ptpl.ems.FolderCreate"/>
  <testcase name="copyFile" time="0.078" classname="com.ptpl.ems.FolderCreate"/>
  <testcase name="copyFile" time="0.064" classname="com.ptpl.ems.FolderCreate"/>
  <testcase name="copyFile" time="0.08" classname="com.ptpl.ems.FolderCreate"/>
  <testcase name="copyFile" time="0.06" classname="com.ptpl.ems.FolderCreate"/>
  <testcase name="copyFile" time="0.059" classname="com.ptpl.ems.FolderCreate"/>
  <testcase name="copyFile" time="0.008" classname="com.ptpl.ems.FolderCreate"/>
  <testcase name="copyFile" time="0.274" classname="com.ptpl.ems.FolderCreate"/>
  <testcase name="copyFile" time="0.055" classname="com.ptpl.ems.FolderCreate"/>
  <testcase name="copyFile" time="0.047" classname="com.ptpl.ems.FolderCreate"/>
  <testcase name="copyFile" time="0.078" classname="com.ptpl.ems.FolderCreate"/>
  <testcase name="copyFile" time="0.066" classname="com.ptpl.ems.FolderCreate"/>
  <testcase name="copyFile" time="0.056" classname="com.ptpl.ems.FolderCreate"/>
  <testcase name="copyFile" time="0.075" classname="com.ptpl.ems.FolderCreate"/>
  <testcase name="copyFile" time="0.037" classname="com.ptpl.ems.FolderCreate"/>
  <testcase name="copyFile" time="0.214" classname="com.ptpl.ems.FolderCreate"/>
  <testcase name="copyFile" time="0.093" classname="com.ptpl.ems.FolderCreate"/>
  <testcase name="copyFile" time="0.088" classname="com.ptpl.ems.FolderCreate"/>
  <testcase name="copyFile" time="0.064" classname="com.ptpl.ems.FolderCreate"/>
  <testcase name="copyFile" time="0.055" classname="com.ptpl.ems.FolderCreate"/>
  <testcase name="copyFile" time="0.077" classname="com.ptpl.ems.FolderCreate"/>
  <testcase name="copyFile" time="0.047" classname="com.ptpl.ems.FolderCreate"/>
  <testcase name="copyFile" time="0.024" classname="com.ptpl.ems.FolderCreate"/>
  <testcase name="copyFile" time="0.238" classname="com.ptpl.ems.FolderCreate"/>
  <testcase name="copyFile" time="0.128" classname="com.ptpl.ems.FolderCreate"/>
  <testcase name="copyFile" time="0.034" classname="com.ptpl.ems.FolderCreate"/>
  <testcase name="copyFile" time="0.036" classname="com.ptpl.ems.FolderCreate"/>
  <testcase name="copyFile" time="0.033" classname="com.ptpl.ems.FolderCreate"/>
  <testcase name="copyFile" time="0.059" classname="com.ptpl.ems.FolderCreate"/>
  <testcase name="copyFile" time="0.069" classname="com.ptpl.ems.FolderCreate"/>
  <testcase name="copyFile" time="0.064" classname="com.ptpl.ems.FolderCreate"/>
  <testcase name="copyFile" time="0.158" classname="com.ptpl.ems.FolderCreate"/>
  <testcase name="copyFile" time="0.13" classname="com.ptpl.ems.FolderCreate"/>
  <testcase name="copyFile" time="0.091" classname="com.ptpl.ems.FolderCreate"/>
  <testcase name="copyFile" time="0.066" classname="com.ptpl.ems.FolderCreate"/>
  <testcase name="copyFile" time="0.043" classname="com.ptpl.ems.FolderCreate"/>
  <testcase name="copyFile" time="0.066" classname="com.ptpl.ems.FolderCreate"/>
  <testcase name="copyFile" time="0.033" classname="com.ptpl.ems.FolderCreate"/>
  <testcase name="copyFile" time="0.055" classname="com.ptpl.ems.FolderCreate"/>
  <testcase name="copyFile" time="0.034" classname="com.ptpl.ems.FolderCreate"/>
  <testcase name="copyFile" time="0.183" classname="com.ptpl.ems.FolderCreate"/>
  <testcase name="copyFile" time="0.127" classname="com.ptpl.ems.FolderCreate"/>
  <testcase name="copyFile" time="0.019" classname="com.ptpl.ems.FolderCreate"/>
  <testcase name="copyFile" time="0.046" classname="com.ptpl.ems.FolderCreate"/>
  <testcase name="copyFile" time="0.044" classname="com.ptpl.ems.FolderCreate"/>
  <testcase name="copyFile" time="0.044" classname="com.ptpl.ems.FolderCreate"/>
  <testcase name="copyFile" time="0.055" classname="com.ptpl.ems.FolderCreate"/>
  <testcase name="copyFile" time="0.056" classname="com.ptpl.ems.FolderCreate"/>
  <testcase name="copyFile" time="0.015" classname="com.ptpl.ems.FolderCreate"/>
  <testcase name="copyFile" time="0.04" classname="com.ptpl.ems.FolderCreate"/>
  <testcase name="copyFile" time="0.044" classname="com.ptpl.ems.FolderCreate"/>
  <testcase name="copyFile" time="0.153" classname="com.ptpl.ems.FolderCreate"/>
  <testcase name="copyFile" time="0.113" classname="com.ptpl.ems.FolderCreate"/>
  <testcase name="copyFile" time="0.021" classname="com.ptpl.ems.FolderCreate"/>
  <testcase name="copyFile" time="0.055" classname="com.ptpl.ems.FolderCreate"/>
  <testcase name="copyFile" time="0.026" classname="com.ptpl.ems.FolderCreate"/>
  <testcase name="copyFile" time="0.052" classname="com.ptpl.ems.FolderCreate"/>
  <testcase name="copyFile" time="0.044" classname="com.ptpl.ems.FolderCreate"/>
  <testcase name="copyFile" time="0.033" classname="com.ptpl.ems.FolderCreate"/>
  <testcase name="copyFile" time="0.012" classname="com.ptpl.ems.FolderCreate"/>
  <testcase name="copyFile" time="0.042" classname="com.ptpl.ems.FolderCreate"/>
  <testcase name="copyFile" time="0.044" classname="com.ptpl.ems.FolderCreate"/>
  <testcase name="copyFile" time="0.267" classname="com.ptpl.ems.FolderCreate"/>
  <testcase name="copyFile" time="0.107" classname="com.ptpl.ems.FolderCreate"/>
  <testcase name="copyFile" time="0.129" classname="com.ptpl.ems.FolderCreate"/>
  <testcase name="copyFile" time="0.047" classname="com.ptpl.ems.FolderCreate"/>
  <testcase name="copyFile" time="0.037" classname="com.ptpl.ems.FolderCreate"/>
  <testcase name="copyFile" time="0.034" classname="com.ptpl.ems.FolderCreate"/>
  <testcase name="copyFile" time="0.056" classname="com.ptpl.ems.FolderCreate"/>
  <testcase name="copyFile" time="0.056" classname="com.ptpl.ems.FolderCreate"/>
  <testcase name="copyFile" time="0.193" classname="com.ptpl.ems.FolderCreate"/>
  <testcase name="copyFile" time="0.12" classname="com.ptpl.ems.FolderCreate"/>
  <testcase name="copyFile" time="0.022" classname="com.ptpl.ems.FolderCreate"/>
  <testcase name="copyFile" time="0.063" classname="com.ptpl.ems.FolderCreate"/>
  <testcase name="copyFile" time="0.044" classname="com.ptpl.ems.FolderCreate"/>
  <testcase name="copyFile" time="0.044" classname="com.ptpl.ems.FolderCreate"/>
  <testcase name="copyFile" time="0.044" classname="com.ptpl.ems.FolderCreate"/>
  <testcase name="copyFile" time="0.056" classname="com.ptpl.ems.FolderCreate"/>
  <testcase name="copyFile" time="0.021" classname="com.ptpl.ems.FolderCreate"/>
  <testcase name="copyFile" time="0.046" classname="com.ptpl.ems.FolderCreate"/>
  <testcase name="copyFile" time="0.033" classname="com.ptpl.ems.FolderCreate"/>
  <testcase name="copyFile" time="0.155" classname="com.ptpl.ems.FolderCreate"/>
  <testcase name="copyFile" time="0.086" classname="com.ptpl.ems.FolderCreate"/>
  <testcase name="copyFile" time="0.023" classname="com.ptpl.ems.FolderCreate"/>
  <testcase name="copyFile" time="0.001" classname="com.ptpl.ems.FolderCreate"/>
  <testcase name="copyFile" time="0.001" classname="com.ptpl.ems.FolderCreate"/>
  <testcase name="copyFile" time="0.001" classname="com.ptpl.ems.FolderCreate"/>
  <testcase name="copyFile" time="0.001" classname="com.ptpl.ems.FolderCreate"/>
  <testcase name="copyFile" time="0.001" classname="com.ptpl.ems.FolderCreate"/>
  <testcase name="copyFile" time="0.001" classname="com.ptpl.ems.FolderCreate"/>
  <testcase name="copyFile" time="0.001" classname="com.ptpl.ems.FolderCreate"/>
  <testcase name="copyFile" time="0.001" classname="com.ptpl.ems.FolderCreate"/>
  <testcase name="copyFile" time="0.114" classname="com.ptpl.ems.FolderCreate"/>
  <testcase name="copyFile" time="0.091" classname="com.ptpl.ems.FolderCreate"/>
  <testcase name="copyFile" time="0.089" classname="com.ptpl.ems.FolderCreate"/>
  <testcase name="copyFile" time="0.032" classname="com.ptpl.ems.FolderCreate"/>
  <testcase name="copyFile" time="0.077" classname="com.ptpl.ems.FolderCreate"/>
  <testcase name="copyFile" time="0.023" classname="com.ptpl.ems.FolderCreate"/>
  <testcase name="copyFile" time="0.001" classname="com.ptpl.ems.FolderCreate"/>
  <testcase name="copyFile" time="0.0" classname="com.ptpl.ems.FolderCreate"/>
  <testcase name="copyFile" time="0.0" classname="com.ptpl.ems.FolderCreate"/>
  <testcase name="copyFile" time="0.001" classname="com.ptpl.ems.FolderCreate"/>
  <testcase name="copyFile" time="0.001" classname="com.ptpl.ems.FolderCreate"/>
  <testcase name="copyFile" time="0.001" classname="com.ptpl.ems.FolderCreate"/>
  <testcase name="copyFile" time="0.001" classname="com.ptpl.ems.FolderCreate"/>
  <testcase name="copyFile" time="0.001" classname="com.ptpl.ems.FolderCreate"/>
  <testcase name="copyFile" time="0.001" classname="com.ptpl.ems.FolderCreate"/>
  <testcase name="copyFile" time="0.001" classname="com.ptpl.ems.FolderCreate"/>
  <testcase name="copyFile" time="0.001" classname="com.ptpl.ems.FolderCreate"/>
  <testcase name="copyFile" time="0.001" classname="com.ptpl.ems.FolderCreate"/>
  <testcase name="copyFile" time="0.0" classname="com.ptpl.ems.FolderCreate"/>
  <testcase name="copyFile" time="0.001" classname="com.ptpl.ems.FolderCreate"/>
  <testcase name="copyFile" time="0.001" classname="com.ptpl.ems.FolderCreate"/>
  <testcase name="copyFile" time="0.001" classname="com.ptpl.ems.FolderCreate"/>
  <testcase name="copyFile" time="0.243" classname="com.ptpl.ems.FolderCreate"/>
  <testcase name="copyFile" time="0.001" classname="com.ptpl.ems.FolderCreate"/>
  <testcase name="copyFile" time="0.0" classname="com.ptpl.ems.FolderCreate"/>
  <testcase name="copyFile" time="0.001" classname="com.ptpl.ems.FolderCreate"/>
  <testcase name="copyFile" time="0.0" classname="com.ptpl.ems.FolderCreate"/>
  <testcase name="copyFile" time="0.001" classname="com.ptpl.ems.FolderCreate"/>
  <testcase name="copyFile" time="0.001" classname="com.ptpl.ems.FolderCreate"/>
  <testcase name="copyFile" time="0.001" classname="com.ptpl.ems.FolderCreate"/>
  <testcase name="copyFile" time="0.001" classname="com.ptpl.ems.FolderCreate"/>
  <testcase name="copyFile" time="0.042" classname="com.ptpl.ems.FolderCreate"/>
  <testcase name="copyFile" time="0.472" classname="com.ptpl.ems.FolderCreate"/>
  <testcase name="copyFile" time="0.111" classname="com.ptpl.ems.FolderCreate"/>
  <testcase name="copyFile" time="0.093" classname="com.ptpl.ems.FolderCreate"/>
  <testcase name="copyFile" time="0.051" classname="com.ptpl.ems.FolderCreate"/>
  <testcase name="copyFile" time="0.197" classname="com.ptpl.ems.FolderCreate"/>
  <testcase name="copyFile" time="0.129" classname="com.ptpl.ems.FolderCreate"/>
  <testcase name="copyFile" time="0.038" classname="com.ptpl.ems.FolderCreate"/>
  <testcase name="copyFile" time="0.059" classname="com.ptpl.ems.FolderCreate"/>
  <testcase name="copyFile" time="0.0" classname="com.ptpl.ems.FolderCreate"/>
  <testcase name="copyFile" time="0.001" classname="com.ptpl.ems.FolderCreate"/>
  <testcase name="copyFile" time="0.001" classname="com.ptpl.ems.FolderCreate"/>
  <testcase name="copyFile" time="0.001" classname="com.ptpl.ems.FolderCreate"/>
  <testcase name="copyFile" time="0.001" classname="com.ptpl.ems.FolderCreate"/>
  <testcase name="copyFile" time="0.001" classname="com.ptpl.ems.FolderCreate"/>
  <testcase name="copyFile" time="0.001" classname="com.ptpl.ems.FolderCreate"/>
  <testcase name="copyFile" time="0.001" classname="com.ptpl.ems.FolderCreate"/>
  <testcase name="copyFile" time="0.003" classname="com.ptpl.ems.FolderCreate"/>
  <testcase name="copyFile" time="0.0" classname="com.ptpl.ems.FolderCreate"/>
  <testcase name="copyFile" time="0.0" classname="com.ptpl.ems.FolderCreate"/>
  <testcase name="copyFile" time="0.0" classname="com.ptpl.ems.FolderCreate"/>
  <testcase name="copyFile" time="0.001" classname="com.ptpl.ems.FolderCreate"/>
  <testcase name="copyFile" time="0.001" classname="com.ptpl.ems.FolderCreate"/>
  <testcase name="copyFile" time="0.001" classname="com.ptpl.ems.FolderCreate"/>
  <testcase name="copyFile" time="0.001" classname="com.ptpl.ems.FolderCreate"/>
  <testcase name="copyFile" time="0.001" classname="com.ptpl.ems.FolderCreate"/>
  <testcase name="copyFile" time="0.0" classname="com.ptpl.ems.FolderCreate"/>
  <testcase name="copyFile" time="0.0" classname="com.ptpl.ems.FolderCreate"/>
  <testcase name="copyFile" time="0.001" classname="com.ptpl.ems.FolderCreate"/>
  <testcase name="copyFile" time="0.001" classname="com.ptpl.ems.FolderCreate"/>
  <testcase name="copyFile" time="0.001" classname="com.ptpl.ems.FolderCreate"/>
  <testcase name="copyFile" time="0.023" classname="com.ptpl.ems.FolderCreate"/>
  <testcase name="copyFile" time="0.049" classname="com.ptpl.ems.FolderCreate"/>
  <testcase name="copyFile" time="0.058" classname="com.ptpl.ems.FolderCreate"/>
  <testcase name="copyFile" time="0.243" classname="com.ptpl.ems.FolderCreate"/>
  <testcase name="copyFile" time="0.071" classname="com.ptpl.ems.FolderCreate"/>
  <testcase name="copyFile" time="0.13" classname="com.ptpl.ems.FolderCreate"/>
  <testcase name="copyFile" time="0.038" classname="com.ptpl.ems.FolderCreate"/>
  <testcase name="copyFile" time="0.08" classname="com.ptpl.ems.FolderCreate"/>
  <testcase name="copyFile" time="0.051" classname="com.ptpl.ems.FolderCreate"/>
  <testcase name="copyFile" time="0.001" classname="com.ptpl.ems.FolderCreate"/>
  <testcase name="copyFile" time="0.001" classname="com.ptpl.ems.FolderCreate"/>
  <testcase name="copyFile" time="0.0" classname="com.ptpl.ems.FolderCreate"/>
  <testcase name="copyFile" time="0.0" classname="com.ptpl.ems.FolderCreate"/>
  <testcase name="copyFile" time="0.0" classname="com.ptpl.ems.FolderCreate"/>
  <testcase name="copyFile" time="0.0" classname="com.ptpl.ems.FolderCreate"/>
  <testcase name="copyFile" time="0.0" classname="com.ptpl.ems.FolderCreate"/>
  <testcase name="copyFile" time="0.0" classname="com.ptpl.ems.FolderCreate"/>
  <testcase name="copyFile" time="0.001" classname="com.ptpl.ems.FolderCreate"/>
  <testcase name="copyFile" time="0.001" classname="com.ptpl.ems.FolderCreate"/>
  <testcase name="copyFile" time="0.001" classname="com.ptpl.ems.FolderCreate"/>
  <testcase name="copyFile" time="0.009" classname="com.ptpl.ems.FolderCreate"/>
  <testcase name="copyFile" time="0.001" classname="com.ptpl.ems.FolderCreate"/>
  <testcase name="copyFile" time="0.001" classname="com.ptpl.ems.FolderCreate"/>
  <testcase name="copyFile" time="0.001" classname="com.ptpl.ems.FolderCreate"/>
  <testcase name="copyFile" time="0.0" classname="com.ptpl.ems.FolderCreate"/>
  <testcase name="copyFile" time="0.0" classname="com.ptpl.ems.FolderCreate"/>
  <testcase name="copyFile" time="0.001" classname="com.ptpl.ems.FolderCreate"/>
  <testcase name="copyFile" time="0.001" classname="com.ptpl.ems.FolderCreate"/>
  <testcase name="copyFile" time="0.0" classname="com.ptpl.ems.FolderCreate"/>
  <testcase name="copyFile" time="0.248" classname="com.ptpl.ems.FolderCreate"/>
  <testcase name="copyFile" time="0.053" classname="com.ptpl.ems.FolderCreate"/>
  <testcase name="copyFile" time="0.046" classname="com.ptpl.ems.FolderCreate"/>
  <testcase name="copyFile" time="0.044" classname="com.ptpl.ems.FolderCreate"/>
  <testcase name="copyFile" time="0.089" classname="com.ptpl.ems.FolderCreate"/>
  <testcase name="copyFile" time="0.054" classname="com.ptpl.ems.FolderCreate"/>
  <testcase name="copyFile" time="0.017" classname="com.ptpl.ems.FolderCreate"/>
  <testcase name="copyFile" time="0.05" classname="com.ptpl.ems.FolderCreate"/>
  <testcase name="copyFile" time="0.224" classname="com.ptpl.ems.FolderCreate"/>
  <testcase name="copyFile" time="0.041" classname="com.ptpl.ems.FolderCreate"/>
  <testcase name="copyFile" time="0.017" classname="com.ptpl.ems.FolderCreate"/>
  <testcase name="copyFile" time="0.048" classname="com.ptpl.ems.FolderCreate"/>
  <testcase name="copyFile" time="0.028" classname="com.ptpl.ems.FolderCreate"/>
  <testcase name="copyFile" time="0.0" classname="com.ptpl.ems.FolderCreate"/>
  <testcase name="copyFile" time="0.0" classname="com.ptpl.ems.FolderCreate"/>
  <testcase name="copyFile" time="0.0" classname="com.ptpl.ems.FolderCreate"/>
  <testcase name="copyFile" time="0.001" classname="com.ptpl.ems.FolderCreate"/>
  <testcase name="copyFile" time="0.001" classname="com.ptpl.ems.FolderCreate"/>
  <testcase name="copyFile" time="0.001" classname="com.ptpl.ems.FolderCreate"/>
  <testcase name="copyFile" time="0.0" classname="com.ptpl.ems.FolderCreate"/>
  <testcase name="copyFile" time="0.0" classname="com.ptpl.ems.FolderCreate"/>
  <testcase name="copyFile" time="0.001" classname="com.ptpl.ems.FolderCreate"/>
  <testcase name="copyFile" time="0.0" classname="com.ptpl.ems.FolderCreate"/>
  <testcase name="copyFile" time="0.0" classname="com.ptpl.ems.FolderCreate"/>
  <testcase name="copyFile" time="0.0" classname="com.ptpl.ems.FolderCreate"/>
  <testcase name="copyFile" time="0.001" classname="com.ptpl.ems.FolderCreate"/>
  <testcase name="copyFile" time="0.001" classname="com.ptpl.ems.FolderCreate"/>
  <testcase name="copyFile" time="0.001" classname="com.ptpl.ems.FolderCreate"/>
  <testcase name="copyFile" time="0.001" classname="com.ptpl.ems.FolderCreate"/>
  <testcase name="copyFile" time="0.001" classname="com.ptpl.ems.FolderCreate"/>
  <testcase name="copyFile" time="0.0" classname="com.ptpl.ems.FolderCreate"/>
  <testcase name="copyFile" time="0.056" classname="com.ptpl.ems.FolderCreate"/>
  <testcase name="copyFile" time="0.018" classname="com.ptpl.ems.FolderCreate"/>
  <testcase name="copyFile" time="0.037" classname="com.ptpl.ems.FolderCreate"/>
  <testcase name="copyFile" time="0.02" classname="com.ptpl.ems.FolderCreate"/>
  <testcase name="copyFile" time="0.046" classname="com.ptpl.ems.FolderCreate"/>
  <testcase name="copyFile" time="0.043" classname="com.ptpl.ems.FolderCreate"/>
  <testcase name="copyFile" time="0.126" classname="com.ptpl.ems.FolderCreate"/>
  <testcase name="copyFile" time="0.096" classname="com.ptpl.ems.FolderCreate"/>
  <testcase name="copyFile" time="0.031" classname="com.ptpl.ems.FolderCreate"/>
  <testcase name="copyFile" time="0.033" classname="com.ptpl.ems.FolderCreate"/>
  <testcase name="copyFile" time="0.056" classname="com.ptpl.ems.FolderCreate"/>
  <testcase name="copyFile" time="0.045" classname="com.ptpl.ems.FolderCreate"/>
  <testcase name="copyFile" time="0.001" classname="com.ptpl.ems.FolderCreate"/>
  <testcase name="copyFile" time="0.001" classname="com.ptpl.ems.FolderCreate"/>
  <testcase name="copyFile" time="0.001" classname="com.ptpl.ems.FolderCreate"/>
  <testcase name="copyFile" time="0.001" classname="com.ptpl.ems.FolderCreate"/>
  <testcase name="copyFile" time="0.001" classname="com.ptpl.ems.FolderCreate"/>
  <testcase name="copyFile" time="0.001" classname="com.ptpl.ems.FolderCreate"/>
  <testcase name="copyFile" time="0.001" classname="com.ptpl.ems.FolderCreate"/>
  <testcase name="copyFile" time="0.001" classname="com.ptpl.ems.FolderCreate"/>
  <testcase name="copyFile" time="0.001" classname="com.ptpl.ems.FolderCreate"/>
  <testcase name="copyFile" time="0.0" classname="com.ptpl.ems.FolderCreate"/>
  <testcase name="copyFile" time="0.001" classname="com.ptpl.ems.FolderCreate"/>
  <testcase name="copyFile" time="0.0" classname="com.ptpl.ems.FolderCreate"/>
  <testcase name="copyFile" time="0.0" classname="com.ptpl.ems.FolderCreate"/>
  <testcase name="copyFile" time="0.0" classname="com.ptpl.ems.FolderCreate"/>
  <testcase name="copyFile" time="0.0" classname="com.ptpl.ems.FolderCreate"/>
  <testcase name="copyFile" time="0.0" classname="com.ptpl.ems.FolderCreate"/>
  <testcase name="copyFile" time="0.001" classname="com.ptpl.ems.FolderCreate"/>
  <testcase name="copyFile" time="0.0" classname="com.ptpl.ems.FolderCreate"/>
  <testcase name="copyFile" time="0.073" classname="com.ptpl.ems.FolderCreate"/>
  <testcase name="copyFile" time="0.045" classname="com.ptpl.ems.FolderCreate"/>
  <testcase name="copyFile" time="0.065" classname="com.ptpl.ems.FolderCreate"/>
  <testcase name="copyFile" time="0.079" classname="com.ptpl.ems.FolderCreate"/>
  <testcase name="copyFile" time="0.244" classname="com.ptpl.ems.FolderCreate"/>
  <testcase name="copyFile" time="0.032" classname="com.ptpl.ems.FolderCreate"/>
  <testcase name="copyFile" time="0.023" classname="com.ptpl.ems.FolderCreate"/>
  <testcase name="copyFile" time="0.092" classname="com.ptpl.ems.FolderCreate"/>
  <testcase name="copyFile" time="0.0" classname="com.ptpl.ems.FolderCreate"/>
  <testcase name="copyFile" time="0.0" classname="com.ptpl.ems.FolderCreate"/>
  <testcase name="copyFile" time="0.034" classname="com.ptpl.ems.FolderCreate"/>
  <testcase name="copyFile" time="0.001" classname="com.ptpl.ems.FolderCreate"/>
  <testcase name="copyFile" time="0.001" classname="com.ptpl.ems.FolderCreate"/>
  <testcase name="copyFile" time="0.0" classname="com.ptpl.ems.FolderCreate"/>
  <testcase name="copyFile" time="0.001" classname="com.ptpl.ems.FolderCreate"/>
  <testcase name="copyFile" time="0.0" classname="com.ptpl.ems.FolderCreate"/>
  <testcase name="copyFile" time="0.0" classname="com.ptpl.ems.FolderCreate"/>
  <testcase name="copyFile" time="0.001" classname="com.ptpl.ems.FolderCreate"/>
  <testcase name="copyFile" time="0.0" classname="com.ptpl.ems.FolderCreate"/>
  <testcase name="copyFile" time="0.0" classname="com.ptpl.ems.FolderCreate"/>
  <testcase name="copyFile" time="0.033" classname="com.ptpl.ems.FolderCreate"/>
  <testcase name="copyFile" time="0.027" classname="com.ptpl.ems.FolderCreate"/>
  <testcase name="copyFile" time="0.083" classname="com.ptpl.ems.FolderCreate"/>
  <testcase name="copyFile" time="0.023" classname="com.ptpl.ems.FolderCreate"/>
  <testcase name="copyFile" time="0.209" classname="com.ptpl.ems.FolderCreate"/>
  <testcase name="copyFile" time="0.501" classname="com.ptpl.ems.FolderCreate"/>
  <testcase name="copyFile" time="0.049" classname="com.ptpl.ems.FolderCreate"/>
  <testcase name="copyFile" time="0.05" classname="com.ptpl.ems.FolderCreate"/>
  <testcase name="copyFile" time="0.044" classname="com.ptpl.ems.FolderCreate"/>
  <testcase name="copyFile" time="0.067" classname="com.ptpl.ems.FolderCreate"/>
  <testcase name="copyFile" time="0.054" classname="com.ptpl.ems.FolderCreate"/>
  <testcase name="copyFile" time="0.011" classname="com.ptpl.ems.FolderCreate"/>
  <testcase name="copyFile" time="0.056" classname="com.ptpl.ems.FolderCreate"/>
  <testcase name="copyFile" time="0.01" classname="com.ptpl.ems.FolderCreate"/>
  <testcase name="copyFile" time="0.189" classname="com.ptpl.ems.FolderCreate"/>
  <testcase name="copyFile" time="0.023" classname="com.ptpl.ems.FolderCreate"/>
  <testcase name="copyFile" time="0.078" classname="com.ptpl.ems.FolderCreate"/>
  <testcase name="copyFile" time="0.027" classname="com.ptpl.ems.FolderCreate"/>
  <testcase name="copyFile" time="0.052" classname="com.ptpl.ems.FolderCreate"/>
  <testcase name="copyFile" time="0.055" classname="com.ptpl.ems.FolderCreate"/>
  <testcase name="copyFile" time="0.077" classname="com.ptpl.ems.FolderCreate"/>
  <testcase name="copyFile" time="0.055" classname="com.ptpl.ems.FolderCreate"/>
  <testcase name="copyFile" time="0.044" classname="com.ptpl.ems.FolderCreate"/>
  <testcase name="copyFile" time="0.181" classname="com.ptpl.ems.FolderCreate"/>
  <testcase name="copyFile" time="0.14" classname="com.ptpl.ems.FolderCreate"/>
  <testcase name="copyFile" time="0.055" classname="com.ptpl.ems.FolderCreate"/>
  <testcase name="copyFile" time="0.056" classname="com.ptpl.ems.FolderCreate"/>
  <testcase name="copyFile" time="0.045" classname="com.ptpl.ems.FolderCreate"/>
  <testcase name="copyFile" time="0.045" classname="com.ptpl.ems.FolderCreate"/>
  <testcase name="copyFile" time="0.054" classname="com.ptpl.ems.FolderCreate"/>
  <testcase name="copyFile" time="0.055" classname="com.ptpl.ems.FolderCreate"/>
  <testcase name="copyFile" time="0.033" classname="com.ptpl.ems.FolderCreate"/>
  <testcase name="copyFile" time="0.194" classname="com.ptpl.ems.FolderCreate"/>
  <testcase name="copyFile" time="0.127" classname="com.ptpl.ems.FolderCreate"/>
  <testcase name="copyFile" time="0.037" classname="com.ptpl.ems.FolderCreate"/>
  <testcase name="copyFile" time="0.04" classname="com.ptpl.ems.FolderCreate"/>
  <testcase name="copyFile" time="0.021" classname="com.ptpl.ems.FolderCreate"/>
  <testcase name="copyFile" time="0.045" classname="com.ptpl.ems.FolderCreate"/>
  <testcase name="copyFile" time="0.044" classname="com.ptpl.ems.FolderCreate"/>
  <testcase name="copyFile" time="0.078" classname="com.ptpl.ems.FolderCreate"/>
  <testcase name="copyFile" time="0.019" classname="com.ptpl.ems.FolderCreate"/>
  <testcase name="copyFile" time="0.062" classname="com.ptpl.ems.FolderCreate"/>
  <testcase name="copyFile" time="0.051" classname="com.ptpl.ems.FolderCreate"/>
  <testcase name="copyFile" time="0.222" classname="com.ptpl.ems.FolderCreate"/>
  <testcase name="copyFile" time="0.026" classname="com.ptpl.ems.FolderCreate"/>
  <testcase name="copyFile" time="0.03" classname="com.ptpl.ems.FolderCreate"/>
  <testcase name="copyFile" time="0.021" classname="com.ptpl.ems.FolderCreate"/>
  <testcase name="copyFile" time="0.056" classname="com.ptpl.ems.FolderCreate"/>
  <testcase name="copyFile" time="0.027" classname="com.ptpl.ems.FolderCreate"/>
  <testcase name="copyFile" time="0.094" classname="com.ptpl.ems.FolderCreate"/>
  <testcase name="copyFile" time="0.018" classname="com.ptpl.ems.FolderCreate"/>
  <testcase name="copyFile" time="0.059" classname="com.ptpl.ems.FolderCreate"/>
  <testcase name="copyFile" time="0.252" classname="com.ptpl.ems.FolderCreate"/>
  <testcase name="copyFile" time="0.022" classname="com.ptpl.ems.FolderCreate"/>
  <testcase name="copyFile" time="0.057" classname="com.ptpl.ems.FolderCreate"/>
  <testcase name="copyFile" time="0.014" classname="com.ptpl.ems.FolderCreate"/>
  <testcase name="copyFile" time="0.063" classname="com.ptpl.ems.FolderCreate"/>
  <testcase name="copyFile" time="0.056" classname="com.ptpl.ems.FolderCreate"/>
  <testcase name="copyFile" time="0.056" classname="com.ptpl.ems.FolderCreate"/>
  <testcase name="copyFile" time="0.02" classname="com.ptpl.ems.FolderCreate"/>
  <testcase name="copyFile" time="0.057" classname="com.ptpl.ems.FolderCreate"/>
  <testcase name="copyFile" time="0.013" classname="com.ptpl.ems.FolderCreate"/>
  <testcase name="copyFile" time="0.207" classname="com.ptpl.ems.FolderCreate"/>
  <testcase name="copyFile" time="0.034" classname="com.ptpl.ems.FolderCreate"/>
  <testcase name="copyFile" time="0.033" classname="com.ptpl.ems.FolderCreate"/>
  <testcase name="copyFile" time="0.056" classname="com.ptpl.ems.FolderCreate"/>
  <testcase name="copyFile" time="0.045" classname="com.ptpl.ems.FolderCreate"/>
  <testcase name="copyFile" time="0.056" classname="com.ptpl.ems.FolderCreate"/>
  <testcase name="copyFile" time="0.045" classname="com.ptpl.ems.FolderCreate"/>
  <testcase name="copyFile" time="0.044" classname="com.ptpl.ems.FolderCreate"/>
  <testcase name="copyFile" time="0.044" classname="com.ptpl.ems.FolderCreate"/>
  <testcase name="copyFile" time="0.157" classname="com.ptpl.ems.FolderCreate"/>
  <testcase name="copyFile" time="0.132" classname="com.ptpl.ems.FolderCreate"/>
  <testcase name="copyFile" time="0.088" classname="com.ptpl.ems.FolderCreate"/>
  <testcase name="copyFile" time="0.055" classname="com.ptpl.ems.FolderCreate"/>
  <testcase name="copyFile" time="0.035" classname="com.ptpl.ems.FolderCreate"/>
  <testcase name="copyFile" time="0.017" classname="com.ptpl.ems.FolderCreate"/>
  <testcase name="copyFile" time="0.081" classname="com.ptpl.ems.FolderCreate"/>
  <testcase name="copyFile" time="0.032" classname="com.ptpl.ems.FolderCreate"/>
  <testcase name="copyFile" time="0.066" classname="com.ptpl.ems.FolderCreate"/>
  <testcase name="copyFile" time="0.045" classname="com.ptpl.ems.FolderCreate"/>
  <testcase name="copyFile" time="0.169" classname="com.ptpl.ems.FolderCreate"/>
  <testcase name="copyFile" time="0.121" classname="com.ptpl.ems.FolderCreate"/>
  <testcase name="copyFile" time="0.044" classname="com.ptpl.ems.FolderCreate"/>
  <testcase name="copyFile" time="0.067" classname="com.ptpl.ems.FolderCreate"/>
  <testcase name="copyFile" time="0.034" classname="com.ptpl.ems.FolderCreate"/>
  <testcase name="copyFile" time="0.055" classname="com.ptpl.ems.FolderCreate"/>
  <testcase name="copyFile" time="0.034" classname="com.ptpl.ems.FolderCreate"/>
  <testcase name="copyFile" time="0.089" classname="com.ptpl.ems.FolderCreate"/>
  <testcase name="copyFile" time="0.019" classname="com.ptpl.ems.FolderCreate"/>
  <testcase name="copyFile" time="0.048" classname="com.ptpl.ems.FolderCreate"/>
  <testcase name="copyFile" time="0.235" classname="com.ptpl.ems.FolderCreate"/>
  <testcase name="copyFile" time="0.046" classname="com.ptpl.ems.FolderCreate"/>
  <testcase name="copyFile" time="0.052" classname="com.ptpl.ems.FolderCreate"/>
  <testcase name="copyFile" time="0.033" classname="com.ptpl.ems.FolderCreate"/>
  <testcase name="copyFile" time="0.088" classname="com.ptpl.ems.FolderCreate"/>
  <testcase name="copyFile" time="0.044" classname="com.ptpl.ems.FolderCreate"/>
  <testcase name="copyFile" time="0.033" classname="com.ptpl.ems.FolderCreate"/>
  <testcase name="copyFile" time="0.023" classname="com.ptpl.ems.FolderCreate"/>
  <testcase name="copyFile" time="0.098" classname="com.ptpl.ems.FolderCreate"/>
  <testcase name="copyFile" time="0.011" classname="com.ptpl.ems.FolderCreate"/>
  <testcase name="copyFile" time="0.158" classname="com.ptpl.ems.FolderCreate"/>
  <testcase name="copyFile" time="0.025" classname="com.ptpl.ems.FolderCreate"/>
  <testcase name="copyFile" time="0.048" classname="com.ptpl.ems.FolderCreate"/>
  <testcase name="copyFile" time="0.025" classname="com.ptpl.ems.FolderCreate"/>
  <testcase name="copyFile" time="0.052" classname="com.ptpl.ems.FolderCreate"/>
  <testcase name="copyFile" time="0.03" classname="com.ptpl.ems.FolderCreate"/>
  <testcase name="copyFile" time="0.059" classname="com.ptpl.ems.FolderCreate"/>
  <testcase name="copyFile" time="0.024" classname="com.ptpl.ems.FolderCreate"/>
  <testcase name="copyFile" time="0.053" classname="com.ptpl.ems.FolderCreate"/>
  <testcase name="copyFile" time="0.247" classname="com.ptpl.ems.FolderCreate"/>
  <testcase name="copyFile" time="0.017" classname="com.ptpl.ems.FolderCreate"/>
  <testcase name="copyFile" time="0.081" classname="com.ptpl.ems.FolderCreate"/>
  <testcase name="copyFile" time="0.033" classname="com.ptpl.ems.FolderCreate"/>
  <testcase name="copyFile" time="0.056" classname="com.ptpl.ems.FolderCreate"/>
  <testcase name="copyFile" time="0.069" classname="com.ptpl.ems.FolderCreate"/>
  <testcase name="copyFile" time="0.066" classname="com.ptpl.ems.FolderCreate"/>
  <testcase name="copyFile" time="0.01" classname="com.ptpl.ems.FolderCreate"/>
  <testcase name="copyFile" time="0.033" classname="com.ptpl.ems.FolderCreate"/>
  <testcase name="copyFile" time="0.067" classname="com.ptpl.ems.FolderCreate"/>
  <testcase name="copyFile" time="0.137" classname="com.ptpl.ems.FolderCreate"/>
  <testcase name="copyFile" time="0.001" classname="com.ptpl.ems.FolderCreate"/>
  <testcase name="copyFile" time="0.0" classname="com.ptpl.ems.FolderCreate"/>
  <testcase name="copyFile" time="0.001" classname="com.ptpl.ems.FolderCreate"/>
  <testcase name="copyFile" time="0.0" classname="com.ptpl.ems.FolderCreate"/>
  <testcase name="copyFile" time="0.001" classname="com.ptpl.ems.FolderCreate"/>
  <testcase name="copyFile" time="0.0" classname="com.ptpl.ems.FolderCreate"/>
  <testcase name="copyFile" time="0.0" classname="com.ptpl.ems.FolderCreate"/>
  <testcase name="copyFile" time="0.001" classname="com.ptpl.ems.FolderCreate"/>
  <testcase name="copyFile" time="0.0" classname="com.ptpl.ems.FolderCreate"/>
  <testcase name="copyFile" time="0.0" classname="com.ptpl.ems.FolderCreate"/>
  <testcase name="copyFile" time="0.0" classname="com.ptpl.ems.FolderCreate"/>
  <testcase name="copyFile" time="0.001" classname="com.ptpl.ems.FolderCreate"/>
  <testcase name="copyFile" time="0.132" classname="com.ptpl.ems.FolderCreate"/>
  <testcase name="copyFile" time="0.021" classname="com.ptpl.ems.FolderCreate"/>
  <testcase name="copyFile" time="0.055" classname="com.ptpl.ems.FolderCreate"/>
  <testcase name="copyFile" time="0.045" classname="com.ptpl.ems.FolderCreate"/>
  <testcase name="copyFile" time="0.067" classname="com.ptpl.ems.FolderCreate"/>
  <testcase name="copyFile" time="0.033" classname="com.ptpl.ems.FolderCreate"/>
  <testcase name="copyFile" time="0.044" classname="com.ptpl.ems.FolderCreate"/>
  <testcase name="copyFile" time="0.038" classname="com.ptpl.ems.FolderCreate"/>
  <testcase name="copyFile" time="0.198" classname="com.ptpl.ems.FolderCreate"/>
  <testcase name="copyFile" time="0.096" classname="com.ptpl.ems.FolderCreate"/>
  <testcase name="copyFile" time="0.033" classname="com.ptpl.ems.FolderCreate"/>
  <testcase name="copyFile" time="0.089" classname="com.ptpl.ems.FolderCreate"/>
  <testcase name="copyFile" time="0.001" classname="com.ptpl.ems.FolderCreate"/>
  <testcase name="copyFile" time="0.002" classname="com.ptpl.ems.FolderCreate"/>
  <testcase name="copyFile" time="0.0" classname="com.ptpl.ems.FolderCreate"/>
  <testcase name="copyFile" time="0.0" classname="com.ptpl.ems.FolderCreate"/>
  <testcase name="copyFile" time="0.001" classname="com.ptpl.ems.FolderCreate"/>
  <testcase name="copyFile" time="0.0" classname="com.ptpl.ems.FolderCreate"/>
  <testcase name="copyFile" time="0.001" classname="com.ptpl.ems.FolderCreate"/>
  <testcase name="copyFile" time="0.0" classname="com.ptpl.ems.FolderCreate"/>
  <testcase name="copyFile" time="0.0" classname="com.ptpl.ems.FolderCreate"/>
  <testcase name="copyFile" time="0.0" classname="com.ptpl.ems.FolderCreate"/>
  <testcase name="copyFile" time="0.0" classname="com.ptpl.ems.FolderCreate"/>
  <testcase name="copyFile" time="0.0" classname="com.ptpl.ems.FolderCreate"/>
  <testcase name="copyFile" time="0.001" classname="com.ptpl.ems.FolderCreate"/>
  <testcase name="copyFile" time="0.0" classname="com.ptpl.ems.FolderCreate"/>
  <testcase name="copyFile" time="0.0" classname="com.ptpl.ems.FolderCreate"/>
  <testcase name="copyFile" time="0.001" classname="com.ptpl.ems.FolderCreate"/>
  <testcase name="copyFile" time="0.0" classname="com.ptpl.ems.FolderCreate"/>
  <testcase name="copyFile" time="0.0" classname="com.ptpl.ems.FolderCreate"/>
  <testcase name="copyFile" time="0.0" classname="com.ptpl.ems.FolderCreate"/>
  <testcase name="copyFile" time="0.001" classname="com.ptpl.ems.FolderCreate"/>
  <testcase name="copyFile" time="0.042" classname="com.ptpl.ems.FolderCreate"/>
  <testcase name="copyFile" time="0.056" classname="com.ptpl.ems.FolderCreate"/>
  <testcase name="copyFile" time="0.089" classname="com.ptpl.ems.FolderCreate"/>
  <testcase name="copyFile" time="0.013" classname="com.ptpl.ems.FolderCreate"/>
  <testcase name="copyFile" time="0.052" classname="com.ptpl.ems.FolderCreate"/>
  <testcase name="copyFile" time="0.033" classname="com.ptpl.ems.FolderCreate"/>
  <testcase name="copyFile" time="0.163" classname="com.ptpl.ems.FolderCreate"/>
  <testcase name="copyFile" time="0.092" classname="com.ptpl.ems.FolderCreate"/>
  <testcase name="copyFile" time="0.044" classname="com.ptpl.ems.FolderCreate"/>
  <testcase name="copyFile" time="0.055" classname="com.ptpl.ems.FolderCreate"/>
  <testcase name="copyFile" time="0.045" classname="com.ptpl.ems.FolderCreate"/>
  <testcase name="copyFile" time="0.059" classname="com.ptpl.ems.FolderCreate"/>
  <testcase name="copyFile" time="0.053" classname="com.ptpl.ems.FolderCreate"/>
  <testcase name="copyFile" time="0.01" classname="com.ptpl.ems.FolderCreate"/>
  <testcase name="copyFile" time="0.033" classname="com.ptpl.ems.FolderCreate"/>
  <testcase name="copyFile" time="0.002" classname="com.ptpl.ems.FolderCreate"/>
  <testcase name="copyFile" time="0.001" classname="com.ptpl.ems.FolderCreate"/>
  <testcase name="copyFile" time="0.0" classname="com.ptpl.ems.FolderCreate"/>
  <testcase name="copyFile" time="0.001" classname="com.ptpl.ems.FolderCreate"/>
  <testcase name="copyFile" time="0.0" classname="com.ptpl.ems.FolderCreate"/>
  <testcase name="copyFile" time="0.001" classname="com.ptpl.ems.FolderCreate"/>
  <testcase name="copyFile" time="0.0" classname="com.ptpl.ems.FolderCreate"/>
  <testcase name="copyFile" time="0.0" classname="com.ptpl.ems.FolderCreate"/>
  <testcase name="copyFile" time="0.0" classname="com.ptpl.ems.FolderCreate"/>
  <testcase name="copyFile" time="0.001" classname="com.ptpl.ems.FolderCreate"/>
  <testcase name="copyFile" time="0.0" classname="com.ptpl.ems.FolderCreate"/>
  <testcase name="copyFile" time="0.001" classname="com.ptpl.ems.FolderCreate"/>
  <testcase name="copyFile" time="0.0" classname="com.ptpl.ems.FolderCreate"/>
  <testcase name="copyFile" time="0.001" classname="com.ptpl.ems.FolderCreate"/>
  <testcase name="copyFile" time="0.0" classname="com.ptpl.ems.FolderCreate"/>
  <testcase name="copyFile" time="0.0" classname="com.ptpl.ems.FolderCreate"/>
  <testcase name="copyFile" time="0.034" classname="com.ptpl.ems.FolderCreate"/>
  <testcase name="copyFile" time="0.181" classname="com.ptpl.ems.FolderCreate"/>
  <testcase name="copyFile" time="0.111" classname="com.ptpl.ems.FolderCreate"/>
  <testcase name="copyFile" time="0.017" classname="com.ptpl.ems.FolderCreate"/>
  <testcase name="copyFile" time="0.032" classname="com.ptpl.ems.FolderCreate"/>
  <testcase name="copyFile" time="0.046" classname="com.ptpl.ems.FolderCreate"/>
  <testcase name="copyFile" time="0.026" classname="com.ptpl.ems.FolderCreate"/>
  <testcase name="copyFile" time="0.061" classname="com.ptpl.ems.FolderCreate"/>
  <testcase name="copyFile" time="0.033" classname="com.ptpl.ems.FolderCreate"/>
  <testcase name="copyFile" time="0.044" classname="com.ptpl.ems.FolderCreate"/>
  <testcase name="copyFile" time="0.044" classname="com.ptpl.ems.FolderCreate"/>
  <testcase name="copyFile" time="0.145" classname="com.ptpl.ems.FolderCreate"/>
  <testcase name="copyFile" time="0.001" classname="com.ptpl.ems.FolderCreate"/>
  <testcase name="copyFile" time="0.001" classname="com.ptpl.ems.FolderCreate"/>
  <testcase name="copyFile" time="0.001" classname="com.ptpl.ems.FolderCreate"/>
  <testcase name="copyFile" time="0.001" classname="com.ptpl.ems.FolderCreate"/>
  <testcase name="copyFile" time="0.001" classname="com.ptpl.ems.FolderCreate"/>
  <testcase name="copyFile" time="0.001" classname="com.ptpl.ems.FolderCreate"/>
  <testcase name="copyFile" time="0.0" classname="com.ptpl.ems.FolderCreate"/>
  <testcase name="copyFile" time="0.0" classname="com.ptpl.ems.FolderCreate"/>
  <testcase name="copyFile" time="0.0" classname="com.ptpl.ems.FolderCreate"/>
  <testcase name="copyFile" time="0.0" classname="com.ptpl.ems.FolderCreate"/>
  <testcase name="copyFile" time="0.0" classname="com.ptpl.ems.FolderCreate"/>
  <testcase name="copyFile" time="0.001" classname="com.ptpl.ems.FolderCreate"/>
  <testcase name="copyFile" time="0.001" classname="com.ptpl.ems.FolderCreate"/>
  <testcase name="copyFile" time="0.001" classname="com.ptpl.ems.FolderCreate"/>
  <testcase name="copyFile" time="0.001" classname="com.ptpl.ems.FolderCreate"/>
  <testcase name="copyFile" time="0.001" classname="com.ptpl.ems.FolderCreate"/>
  <testcase name="copyFile" time="0.0" classname="com.ptpl.ems.FolderCreate"/>
  <testcase name="copyFile" time="0.0" classname="com.ptpl.ems.FolderCreate"/>
  <testcase name="copyFile" time="0.081" classname="com.ptpl.ems.FolderCreate"/>
  <testcase name="copyFile" time="0.044" classname="com.ptpl.ems.FolderCreate"/>
  <testcase name="copyFile" time="0.055" classname="com.ptpl.ems.FolderCreate"/>
  <testcase name="copyFile" time="0.034" classname="com.ptpl.ems.FolderCreate"/>
  <testcase name="copyFile" time="0.055" classname="com.ptpl.ems.FolderCreate"/>
  <testcase name="copyFile" time="0.043" classname="com.ptpl.ems.FolderCreate"/>
  <testcase name="copyFile" time="0.066" classname="com.ptpl.ems.FolderCreate"/>
  <testcase name="copyFile" time="0.044" classname="com.ptpl.ems.FolderCreate"/>
  <testcase name="copyFile" time="0.155" classname="com.ptpl.ems.FolderCreate"/>
  <testcase name="copyFile" time="0.123" classname="com.ptpl.ems.FolderCreate"/>
  <testcase name="copyFile" time="0.767" classname="com.ptpl.ems.FolderCreate"/>
  <testcase name="copyFile" time="0.035" classname="com.ptpl.ems.FolderCreate"/>
  <testcase name="copyFile" time="0.001" classname="com.ptpl.ems.FolderCreate"/>
  <testcase name="copyFile" time="0.0" classname="com.ptpl.ems.FolderCreate"/>
  <testcase name="copyFile" time="0.001" classname="com.ptpl.ems.FolderCreate"/>
  <testcase name="copyFile" time="0.0" classname="com.ptpl.ems.FolderCreate"/>
  <testcase name="copyFile" time="0.0" classname="com.ptpl.ems.FolderCreate"/>
  <testcase name="copyFile" time="0.0" classname="com.ptpl.ems.FolderCreate"/>
  <testcase name="copyFile" time="0.0" classname="com.ptpl.ems.FolderCreate"/>
  <testcase name="copyFile" time="0.0" classname="com.ptpl.ems.FolderCreate"/>
  <testcase name="copyFile" time="0.0" classname="com.ptpl.ems.FolderCreate"/>
  <testcase name="copyFile" time="0.0" classname="com.ptpl.ems.FolderCreate"/>
  <testcase name="copyFile" time="0.001" classname="com.ptpl.ems.FolderCreate"/>
  <testcase name="copyFile" time="0.0" classname="com.ptpl.ems.FolderCreate"/>
  <testcase name="copyFile" time="0.001" classname="com.ptpl.ems.FolderCreate"/>
  <testcase name="copyFile" time="0.0" classname="com.ptpl.ems.FolderCreate"/>
  <testcase name="copyFile" time="0.001" classname="com.ptpl.ems.FolderCreate"/>
  <testcase name="copyFile" time="0.0" classname="com.ptpl.ems.FolderCreate"/>
  <testcase name="copyFile" time="0.0" classname="com.ptpl.ems.FolderCreate"/>
  <testcase name="copyFile" time="0.001" classname="com.ptpl.ems.FolderCreate"/>
  <testcase name="copyFile" time="0.039" classname="com.ptpl.ems.FolderCreate"/>
  <testcase name="copyFile" time="0.013" classname="com.ptpl.ems.FolderCreate"/>
  <testcase name="copyFile" time="0.181" classname="com.ptpl.ems.FolderCreate"/>
  <testcase name="copyFile" time="0.022" classname="com.ptpl.ems.FolderCreate"/>
  <testcase name="copyFile" time="0.058" classname="com.ptpl.ems.FolderCreate"/>
  <testcase name="copyFile" time="0.056" classname="com.ptpl.ems.FolderCreate"/>
  <testcase name="copyFile" time="0.055" classname="com.ptpl.ems.FolderCreate"/>
  <testcase name="copyFile" time="0.055" classname="com.ptpl.ems.FolderCreate"/>
  <testcase name="copyFile" time="0.055" classname="com.ptpl.ems.FolderCreate"/>
  <testcase name="copyFile" time="0.028" classname="com.ptpl.ems.FolderCreate"/>
  <testcase name="copyFile" time="0.05" classname="com.ptpl.ems.FolderCreate"/>
  <testcase name="copyFile" time="0.021" classname="com.ptpl.ems.FolderCreate"/>
  <testcase name="copyFile" time="0.0" classname="com.ptpl.ems.FolderCreate"/>
  <testcase name="copyFile" time="0.0" classname="com.ptpl.ems.FolderCreate"/>
  <testcase name="copyFile" time="0.001" classname="com.ptpl.ems.FolderCreate"/>
  <testcase name="copyFile" time="0.0" classname="com.ptpl.ems.FolderCreate"/>
  <testcase name="copyFile" time="0.0" classname="com.ptpl.ems.FolderCreate"/>
  <testcase name="copyFile" time="0.0" classname="com.ptpl.ems.FolderCreate"/>
  <testcase name="copyFile" time="0.001" classname="com.ptpl.ems.FolderCreate"/>
  <testcase name="copyFile" time="0.0" classname="com.ptpl.ems.FolderCreate"/>
  <testcase name="copyFile" time="0.001" classname="com.ptpl.ems.FolderCreate"/>
  <testcase name="copyFile" time="0.0" classname="com.ptpl.ems.FolderCreate"/>
  <testcase name="copyFile" time="0.0" classname="com.ptpl.ems.FolderCreate"/>
  <testcase name="copyFile" time="0.001" classname="com.ptpl.ems.FolderCreate"/>
  <testcase name="copyFile" time="0.001" classname="com.ptpl.ems.FolderCreate"/>
  <testcase name="copyFile" time="0.001" classname="com.ptpl.ems.FolderCreate"/>
  <testcase name="copyFile" time="0.001" classname="com.ptpl.ems.FolderCreate"/>
  <testcase name="copyFile" time="0.001" classname="com.ptpl.ems.FolderCreate"/>
  <testcase name="copyFile" time="0.0" classname="com.ptpl.ems.FolderCreate"/>
  <testcase name="copyFile" time="0.001" classname="com.ptpl.ems.FolderCreate"/>
  <testcase name="copyFile" time="0.213" classname="com.ptpl.ems.FolderCreate"/>
  <testcase name="copyFile" time="0.041" classname="com.ptpl.ems.FolderCreate"/>
  <testcase name="copyFile" time="0.029" classname="com.ptpl.ems.FolderCreate"/>
  <testcase name="copyFile" time="0.001" classname="com.ptpl.ems.FolderCreate"/>
  <testcase name="copyFile" time="0.0" classname="com.ptpl.ems.FolderCreate"/>
  <testcase name="copyFile" time="0.001" classname="com.ptpl.ems.FolderCreate"/>
  <testcase name="copyFile" time="0.001" classname="com.ptpl.ems.FolderCreate"/>
  <testcase name="copyFile" time="0.001" classname="com.ptpl.ems.FolderCreate"/>
  <testcase name="copyFile" time="0.0" classname="com.ptpl.ems.FolderCreate"/>
  <testcase name="copyFile" time="0.001" classname="com.ptpl.ems.FolderCreate"/>
  <testcase name="copyFile" time="0.001" classname="com.ptpl.ems.FolderCreate"/>
  <testcase name="copyFile" time="0.0" classname="com.ptpl.ems.FolderCreate"/>
  <testcase name="copyFile" time="0.001" classname="com.ptpl.ems.FolderCreate"/>
  <testcase name="copyFile" time="0.0" classname="com.ptpl.ems.FolderCreate"/>
  <testcase name="copyFile" time="0.001" classname="com.ptpl.ems.FolderCreate"/>
  <testcase name="copyFile" time="0.375" classname="com.ptpl.ems.FolderCreate"/>
  <testcase name="copyFile" time="0.013" classname="com.ptpl.ems.FolderCreate"/>
  <testcase name="copyFile" time="0.053" classname="com.ptpl.ems.FolderCreate"/>
  <testcase name="copyFile" time="0.186" classname="com.ptpl.ems.FolderCreate"/>
  <testcase name="copyFile" time="0.024" classname="com.ptpl.ems.FolderCreate"/>
  <testcase name="copyFile" time="0.057" classname="com.ptpl.ems.FolderCreate"/>
  <testcase name="copyFile" time="0.044" classname="com.ptpl.ems.FolderCreate"/>
  <testcase name="copyFile" time="0.072" classname="com.ptpl.ems.FolderCreate"/>
  <testcase name="copyFile" time="0.051" classname="com.ptpl.ems.FolderCreate"/>
  <testcase name="copyFile" time="0.034" classname="com.ptpl.ems.FolderCreate"/>
  <testcase name="copyFile" time="0.022" classname="com.ptpl.ems.FolderCreate"/>
  <testcase name="copyFile" time="0.096" classname="com.ptpl.ems.FolderCreate"/>
  <testcase name="copyFile" time="0.037" classname="com.ptpl.ems.FolderCreate"/>
  <testcase name="copyFile" time="0.257" classname="com.ptpl.ems.FolderCreate"/>
  <testcase name="copyFile" time="0.161" classname="com.ptpl.ems.FolderCreate"/>
  <testcase name="copyFile" time="0.147" classname="com.ptpl.ems.FolderCreate"/>
  <testcase name="copyFile" time="0.045" classname="com.ptpl.ems.FolderCreate"/>
  <testcase name="copyFile" time="0.028" classname="com.ptpl.ems.FolderCreate"/>
  <testcase name="copyFile" time="0.049" classname="com.ptpl.ems.FolderCreate"/>
  <testcase name="copyFile" time="0.059" classname="com.ptpl.ems.FolderCreate"/>
  <testcase name="copyFile" time="0.046" classname="com.ptpl.ems.FolderCreate"/>
  <testcase name="copyFile" time="0.029" classname="com.ptpl.ems.FolderCreate"/>
  <testcase name="copyFile" time="0.045" classname="com.ptpl.ems.FolderCreate"/>
  <testcase name="copyFile" time="0.247" classname="com.ptpl.ems.FolderCreate"/>
  <testcase name="copyFile" time="0.017" classname="com.ptpl.ems.FolderCreate"/>
  <testcase name="copyFile" time="0.047" classname="com.ptpl.ems.FolderCreate"/>
  <testcase name="copyFile" time="0.055" classname="com.ptpl.ems.FolderCreate"/>
  <testcase name="copyFile" time="0.017" classname="com.ptpl.ems.FolderCreate"/>
  <testcase name="copyFile" time="0.045" classname="com.ptpl.ems.FolderCreate"/>
  <testcase name="copyFile" time="0.029" classname="com.ptpl.ems.FolderCreate"/>
  <testcase name="copyFile" time="0.141" classname="com.ptpl.ems.FolderCreate"/>
  <testcase name="copyFile" time="0.044" classname="com.ptpl.ems.FolderCreate"/>
  <testcase name="copyFile" time="0.033" classname="com.ptpl.ems.FolderCreate"/>
  <testcase name="copyFile" time="0.045" classname="com.ptpl.ems.FolderCreate"/>
  <testcase name="copyFile" time="0.023" classname="com.ptpl.ems.FolderCreate"/>
  <testcase name="copyFile" time="0.197" classname="com.ptpl.ems.FolderCreate"/>
  <testcase name="copyFile" time="0.044" classname="com.ptpl.ems.FolderCreate"/>
  <testcase name="copyFile" time="0.066" classname="com.ptpl.ems.FolderCreate"/>
  <testcase name="copyFile" time="0.08" classname="com.ptpl.ems.FolderCreate"/>
  <testcase name="copyFile" time="0.053" classname="com.ptpl.ems.FolderCreate"/>
  <testcase name="copyFile" time="0.033" classname="com.ptpl.ems.FolderCreate"/>
  <testcase name="copyFile" time="0.077" classname="com.ptpl.ems.FolderCreate"/>
  <testcase name="copyFile" time="0.034" classname="com.ptpl.ems.FolderCreate"/>
  <testcase name="copyFile" time="0.026" classname="com.ptpl.ems.FolderCreate"/>
  <testcase name="copyFile" time="0.064" classname="com.ptpl.ems.FolderCreate"/>
  <testcase name="copyFile" time="0.024" classname="com.ptpl.ems.FolderCreate"/>
  <testcase name="copyFile" time="0.284" classname="com.ptpl.ems.FolderCreate"/>
  <testcase name="copyFile" time="0.049" classname="com.ptpl.ems.FolderCreate"/>
  <testcase name="copyFile" time="0.026" classname="com.ptpl.ems.FolderCreate"/>
  <testcase name="copyFile" time="0.051" classname="com.ptpl.ems.FolderCreate"/>
  <testcase name="copyFile" time="0.062" classname="com.ptpl.ems.FolderCreate"/>
  <testcase name="copyFile" time="0.055" classname="com.ptpl.ems.FolderCreate"/>
  <testcase name="copyFile" time="0.038" classname="com.ptpl.ems.FolderCreate"/>
  <testcase name="copyFile" time="0.055" classname="com.ptpl.ems.FolderCreate"/>
  <testcase name="copyFile" time="0.016" classname="com.ptpl.ems.FolderCreate"/>
  <testcase name="copyFile" time="0.216" classname="com.ptpl.ems.FolderCreate"/>
  <testcase name="copyFile" time="0.033" classname="com.ptpl.ems.FolderCreate"/>
[...]
  <testcase name="copyFile" time="0.008" classname="com.ptpl.ems.FolderCreate"/>
  <testcase name="copyFile" time="0.013" classname="com.ptpl.ems.FolderCreate"/>
  <testcase name="copyFile" time="0.004" classname="com.ptpl.ems.FolderCreate"/>
  <testcase name="copyFile" time="0.014" classname="com.ptpl.ems.FolderCreate"/>
  <testcase name="copyFile" time="0.008" classname="com.ptpl.ems.FolderCreate"/>
  <testcase name="copyFile" time="0.013" classname="com.ptpl.ems.FolderCreate"/>
  <testcase name="copyFile" time="0.005" classname="com.ptpl.ems.FolderCreate"/>
  <testcase name="copyFile" time="0.006" classname="com.ptpl.ems.FolderCreate"/>
  <testcase name="copyFile" time="0.008" classname="com.ptpl.ems.FolderCreate"/>
  <testcase name="copyFile" time="0.007" classname="com.ptpl.ems.FolderCreate"/>
  <testcase name="copyFile" time="0.011" classname="com.ptpl.ems.FolderCreate"/>
  <testcase name="copyFile" time="0.005" classname="com.ptpl.ems.FolderCreate"/>
  <testcase name="copyFile" time="0.034" classname="com.ptpl.ems.FolderCreate"/>
  <testcase name="copyFile" time="0.001" classname="com.ptpl.ems.FolderCreate"/>
  <testcase name="copyFile" time="0.003" classname="com.ptpl.ems.FolderCreate"/>
  <testcase name="copyFile" time="0.009" classname="com.ptpl.ems.FolderCreate"/>
  <testcase name="copyFile" time="0.005" classname="com.ptpl.ems.FolderCreate"/>
  <testcase name="copyFile" time="0.004" classname="com.ptpl.ems.FolderCreate"/>
  <testcase name="copyFile" time="0.012" classname="com.ptpl.ems.FolderCreate"/>
  <testcase name="copyFile" time="0.001" classname="com.ptpl.ems.FolderCreate"/>
  <testcase name="copyFile" time="0.005" classname="com.ptpl.ems.FolderCreate"/>
  <testcase name="copyFile" time="0.005" classname="com.ptpl.ems.FolderCreate"/>
  <testcase name="copyFile" time="0.011" classname="com.ptpl.ems.FolderCreate"/>
  <testcase name="copyFile" time="0.006" classname="com.ptpl.ems.FolderCreate"/>
  <testcase name="copyFile" time="0.008" classname="com.ptpl.ems.FolderCreate"/>
  <testcase name="copyFile" time="0.013" classname="com.ptpl.ems.FolderCreate"/>
  <testcase name="copyFile" time="0.013" classname="com.ptpl.ems.FolderCreate"/>
  <testcase name="copyFile" time="0.005" classname="com.ptpl.ems.FolderCreate"/>
  <testcase name="copyFile" time="0.001" classname="com.ptpl.ems.FolderCreate"/>
  <testcase name="copyFile" time="0.007" classname="com.ptpl.ems.FolderCreate"/>
  <testcase name="copyFile" time="0.01" classname="com.ptpl.ems.FolderCreate"/>
  <testcase name="copyFile" time="0.009" classname="com.ptpl.ems.FolderCreate"/>
  <testcase name="copyFile" time="0.006" classname="com.ptpl.ems.FolderCreate"/>
  <testcase name="copyFile" time="0.004" classname="com.ptpl.ems.FolderCreate"/>
  <testcase name="copyFile" time="0.004" classname="com.ptpl.ems.FolderCreate"/>
  <testcase name="copyFile" time="0.005" classname="com.ptpl.ems.FolderCreate"/>
  <testcase name="copyFile" time="0.003" classname="com.ptpl.ems.FolderCreate"/>
  <testcase name="copyFile" time="0.006" classname="com.ptpl.ems.FolderCreate"/>
  <testcase name="copyFile" time="0.005" classname="com.ptpl.ems.FolderCreate"/>
  <testcase name="copyFile" time="0.013" classname="com.ptpl.ems.FolderCreate"/>
  <testcase name="copyFile" time="0.0" classname="com.ptpl.ems.FolderCreate"/>
  <testcase name="copyFile" time="0.005" classname="com.ptpl.ems.FolderCreate"/>
  <testcase name="copyFile" time="0.006" classname="com.ptpl.ems.FolderCreate"/>
  <testcase name="copyFile" time="0.012" classname="com.ptpl.ems.FolderCreate"/>
  <testcase name="copyFile" time="0.009" classname="com.ptpl.ems.FolderCreate"/>
  <testcase name="copyFile" time="0.006" classname="com.ptpl.ems.FolderCreate"/>
  <testcase name="copyFile" time="0.013" classname="com.ptpl.ems.FolderCreate"/>
  <testcase name="copyFile" time="0.006" classname="com.ptpl.ems.FolderCreate"/>
  <testcase name="copyFile" time="0.013" classname="com.ptpl.ems.FolderCreate"/>
  <testcase name="copyFile" time="0.004" classname="com.ptpl.ems.FolderCreate"/>
  <testcase name="copyFile" time="0.005" classname="com.ptpl.ems.FolderCreate"/>
  <testcase name="copyFile" time="0.001" classname="com.ptpl.ems.FolderCreate"/>
  <testcase name="copyFile" time="0.01" classname="com.ptpl.ems.FolderCreate"/>
  <testcase name="copyFile" time="0.013" classname="com.ptpl.ems.FolderCreate"/>
  <testcase name="copyFile" time="0.01" classname="com.ptpl.ems.FolderCreate"/>
  <testcase name="copyFile" time="0.013" classname="com.ptpl.ems.FolderCreate"/>
  <testcase name="copyFile" time="0.005" classname="com.ptpl.ems.FolderCreate"/>
  <testcase name="copyFile" time="0.007" classname="com.ptpl.ems.FolderCreate"/>
  <testcase name="copyFile" time="0.012" classname="com.ptpl.ems.FolderCreate"/>
  <testcase name="copyFile" time="0.003" classname="com.ptpl.ems.FolderCreate"/>
  <testcase name="copyFile" time="0.011" classname="com.ptpl.ems.FolderCreate"/>
  <testcase name="copyFile" time="0.012" classname="com.ptpl.ems.FolderCreate"/>
  <testcase name="copyFile" time="0.007" classname="com.ptpl.ems.FolderCreate"/>
  <testcase name="copyFile" time="0.004" classname="com.ptpl.ems.FolderCreate"/>
  <testcase name="copyFile" time="0.016" classname="com.ptpl.ems.FolderCreate"/>
  <testcase name="copyFile" time="0.001" classname="com.ptpl.ems.FolderCreate"/>
  <testcase name="copyFile" time="0.013" classname="com.ptpl.ems.FolderCreate"/>
  <testcase name="copyFile" time="0.01" classname="com.ptpl.ems.FolderCreate"/>
  <testcase name="copyFile" time="0.014" classname="com.ptpl.ems.FolderCreate"/>
  <testcase name="copyFile" time="0.012" classname="com.ptpl.ems.FolderCreate"/>
  <testcase name="copyFile" time="0.012" classname="com.ptpl.ems.FolderCreate"/>
  <testcase name="copyFile" time="0.006" classname="com.ptpl.ems.FolderCreate"/>
  <testcase name="copyFile" time="0.009" classname="com.ptpl.ems.FolderCreate"/>
  <testcase name="copyFile" time="0.002" classname="com.ptpl.ems.FolderCreate"/>
  <testcase name="copyFile" time="0.004" classname="com.ptpl.ems.FolderCreate"/>
  <testcase name="copyFile" time="0.007" classname="com.ptpl.ems.FolderCreate"/>
  <testcase name="copyFile" time="0.005" classname="com.ptpl.ems.FolderCreate"/>
  <testcase name="copyFile" time="0.011" classname="com.ptpl.ems.FolderCreate"/>
  <testcase name="copyFile" time="0.013" classname="com.ptpl.ems.FolderCreate"/>
  <testcase name="copyFile" time="0.01" classname="com.ptpl.ems.FolderCreate"/>
  <testcase name="copyFile" time="0.005" classname="com.ptpl.ems.FolderCreate"/>
  <testcase name="copyFile" time="0.007" classname="com.ptpl.ems.FolderCreate"/>
  <testcase name="copyFile" time="0.01" classname="com.ptpl.ems.FolderCreate"/>
  <testcase name="copyFile" time="0.013" classname="com.ptpl.ems.FolderCreate"/>
  <testcase name="copyFile" time="0.012" classname="com.ptpl.ems.FolderCreate"/>
  <testcase name="copyFile" time="0.012" classname="com.ptpl.ems.FolderCreate"/>
  <testcase name="copyFile" time="0.008" classname="com.ptpl.ems.FolderCreate"/>
  <testcase name="copyFile" time="0.008" classname="com.ptpl.ems.FolderCreate"/>
  <testcase name="copyFile" time="0.009" classname="com.ptpl.ems.FolderCreate"/>
  <testcase name="copyFile" time="0.003" classname="com.ptpl.ems.FolderCreate"/>
  <testcase name="copyFile" time="0.002" classname="com.ptpl.ems.FolderCreate"/>
  <testcase name="copyFile" time="0.003" classname="com.ptpl.ems.FolderCreate"/>
  <testcase name="copyFile" time="0.012" classname="com.ptpl.ems.FolderCreate"/>
  <testcase name="copyFile" time="0.014" classname="com.ptpl.ems.FolderCreate"/>
  <testcase name="copyFile" time="0.01" classname="com.ptpl.ems.FolderCreate"/>
  <testcase name="copyFile" time="0.001" classname="com.ptpl.ems.FolderCreate"/>
  <testcase name="copyFile" time="0.001" classname="com.ptpl.ems.FolderCreate"/>
  <testcase name="copyFile" time="0.0" classname="com.ptpl.ems.FolderCreate"/>
  <testcase name="copyFile" time="0.001" classname="com.ptpl.ems.FolderCreate"/>
  <testcase name="copyFile" time="0.001" classname="com.ptpl.ems.FolderCreate"/>
  <testcase name="copyFile" time="0.0" classname="com.ptpl.ems.FolderCreate"/>
  <testcase name="copyFile" time="0.001" classname="com.ptpl.ems.FolderCreate"/>
  <testcase name="copyFile" time="0.0" classname="com.ptpl.ems.FolderCreate"/>
  <testcase name="copyFile" time="0.001" classname="com.ptpl.ems.FolderCreate"/>
  <testcase name="copyFile" time="0.0" classname="com.ptpl.ems.FolderCreate"/>
  <testcase name="copyFile" time="0.0" classname="com.ptpl.ems.FolderCreate"/>
  <testcase name="copyFile" time="0.0" classname="com.ptpl.ems.FolderCreate"/>
  <testcase name="copyFile" time="0.0" classname="com.ptpl.ems.FolderCreate"/>
  <testcase name="copyFile" time="0.0" classname="com.ptpl.ems.FolderCreate"/>
  <testcase name="copyFile" time="0.0" classname="com.ptpl.ems.FolderCreate"/>
  <testcase name="copyFile" time="0.0" classname="com.ptpl.ems.FolderCreate"/>
  <testcase name="copyFile" time="0.0" classname="com.ptpl.ems.FolderCreate"/>
  <testcase name="copyFile" time="0.001" classname="com.ptpl.ems.FolderCreate"/>
  <testcase name="copyFile" time="0.0" classname="com.ptpl.ems.FolderCreate"/>
  <testcase name="copyFile" time="0.0" classname="com.ptpl.ems.FolderCreate"/>
  <testcase name="copyFile" time="0.001" classname="com.ptpl.ems.FolderCreate"/>
  <testcase name="copyFile" time="0.0" classname="com.ptpl.ems.FolderCreate"/>
  <testcase name="copyFile" time="0.0" classname="com.ptpl.ems.FolderCreate"/>
  <testcase name="copyFile" time="0.001" classname="com.ptpl.ems.FolderCreate"/>
  <testcase name="copyFile" time="0.0" classname="com.ptpl.ems.FolderCreate"/>
  <testcase name="copyFile" time="0.0" classname="com.ptpl.ems.FolderCreate"/>
  <testcase name="copyFile" time="0.0" classname="com.ptpl.ems.FolderCreate"/>
  <testcase name="copyFile" time="0.001" classname="com.ptpl.ems.FolderCreate"/>
  <testcase name="copyFile" time="0.0" classname="com.ptpl.ems.FolderCreate"/>
  <testcase name="copyFile" time="0.0" classname="com.ptpl.ems.FolderCreate"/>
  <testcase name="copyFile" time="0.0" classname="com.ptpl.ems.FolderCreate"/>
  <testcase name="copyFile" time="0.0" classname="com.ptpl.ems.FolderCreate"/>
  <testcase name="copyFile" time="0.018" classname="com.ptpl.ems.FolderCreate"/>
  <testcase name="copyFile" time="0.001" classname="com.ptpl.ems.FolderCreate"/>
  <testcase name="copyFile" time="0.0" classname="com.ptpl.ems.FolderCreate"/>
  <testcase name="copyFile" time="0.0" classname="com.ptpl.ems.FolderCreate"/>
  <testcase name="copyFile" time="0.001" classname="com.ptpl.ems.FolderCreate"/>
  <testcase name="copyFile" time="0.0" classname="com.ptpl.ems.FolderCreate"/>
  <testcase name="copyFile" time="0.001" classname="com.ptpl.ems.FolderCreate"/>
  <testcase name="copyFile" time="0.001" classname="com.ptpl.ems.FolderCreate"/>
  <testcase name="copyFile" time="0.0" classname="com.ptpl.ems.FolderCreate"/>
  <testcase name="copyFile" time="0.001" classname="com.ptpl.ems.FolderCreate"/>
  <testcase name="copyFile" time="0.0" classname="com.ptpl.ems.FolderCreate"/>
  <testcase name="copyFile" time="0.0" classname="com.ptpl.ems.FolderCreate"/>
  <testcase name="copyFile" time="0.001" classname="com.ptpl.ems.FolderCreate"/>
  <testcase name="copyFile" time="0.0" classname="com.ptpl.ems.FolderCreate"/>
  <testcase name="copyFile" time="0.0" classname="com.ptpl.ems.FolderCreate"/>
  <testcase name="copyFile" time="0.0" classname="com.ptpl.ems.FolderCreate"/>
  <testcase name="copyFile" time="0.001" classname="com.ptpl.ems.FolderCreate"/>
  <testcase name="copyFile" time="0.0" classname="com.ptpl.ems.FolderCreate"/>
  <testcase name="copyFile" time="0.0" classname="com.ptpl.ems.FolderCreate"/>
  <testcase name="copyFile" time="0.0" classname="com.ptpl.ems.FolderCreate"/>
  <testcase name="copyFile" time="0.0" classname="com.ptpl.ems.FolderCreate"/>
  <testcase name="copyFile" time="0.006" classname="com.ptpl.ems.FolderCreate"/>
  <testcase name="copyFile" time="0.008" classname="com.ptpl.ems.FolderCreate"/>
  <testcase name="copyFile" time="0.0" classname="com.ptpl.ems.FolderCreate"/>
  <testcase name="copyFile" time="0.0" classname="com.ptpl.ems.FolderCreate"/>
  <testcase name="copyFile" time="0.0" classname="com.ptpl.ems.FolderCreate"/>
  <testcase name="copyFile" time="0.0" classname="com.ptpl.ems.FolderCreate"/>
  <testcase name="copyFile" time="0.001" classname="com.ptpl.ems.FolderCreate"/>
  <testcase name="copyFile" time="0.0" classname="com.ptpl.ems.FolderCreate"/>
  <testcase name="copyFile" time="0.0" classname="com.ptpl.ems.FolderCreate"/>
  <testcase name="copyFile" time="0.011" classname="com.ptpl.ems.FolderCreate"/>
  <testcase name="copyFile" time="0.008" classname="com.ptpl.ems.FolderCreate"/>
  <testcase name="copyFile" time="0.001" classname="com.ptpl.ems.FolderCreate"/>
  <testcase name="copyFile" time="0.001" classname="com.ptpl.ems.FolderCreate"/>
  <testcase name="copyFile" time="0.001" classname="com.ptpl.ems.FolderCreate"/>
  <testcase name="copyFile" time="0.0" classname="com.ptpl.ems.FolderCreate"/>
  <testcase name="copyFile" time="0.0" classname="com.ptpl.ems.FolderCreate"/>
  <testcase name="copyFile" time="0.0" classname="com.ptpl.ems.FolderCreate"/>
  <testcase name="copyFile" time="0.0" classname="com.ptpl.ems.FolderCreate"/>
  <testcase name="copyFile" time="0.0" classname="com.ptpl.ems.FolderCreate"/>
  <testcase name="copyFile" time="0.0" classname="com.ptpl.ems.FolderCreate"/>
  <testcase name="copyFile" time="0.0" classname="com.ptpl.ems.FolderCreate"/>
  <testcase name="copyFile" time="0.0" classname="com.ptpl.ems.FolderCreate"/>
  <testcase name="copyFile" time="0.0" classname="com.ptpl.ems.FolderCreate"/>
  <testcase name="copyFile" time="0.0" classname="com.ptpl.ems.FolderCreate"/>
  <testcase name="copyFile" time="0.0" classname="com.ptpl.ems.FolderCreate"/>
  <testcase name="copyFile" time="0.0" classname="com.ptpl.ems.FolderCreate"/>
  <testcase name="copyFile" time="0.0" classname="com.ptpl.ems.FolderCreate"/>
  <testcase name="copyFile" time="0.001" classname="com.ptpl.ems.FolderCreate"/>
  <testcase name="copyFile" time="0.0" classname="com.ptpl.ems.FolderCreate"/>
  <testcase name="copyFile" time="0.0" classname="com.ptpl.ems.FolderCreate"/>
  <testcase name="copyFile" time="0.0" classname="com.ptpl.ems.FolderCreate"/>
  <testcase name="copyFile" time="0.001" classname="com.ptpl.ems.FolderCreate"/>
  <testcase name="copyFile" time="0.0" classname="com.ptpl.ems.FolderCreate"/>
  <testcase name="copyFile" time="0.001" classname="com.ptpl.ems.FolderCreate"/>
  <testcase name="copyFile" time="0.0" classname="com.ptpl.ems.FolderCreate"/>
  <testcase name="copyFile" time="0.0" classname="com.ptpl.ems.FolderCreate"/>
  <testcase name="copyFile" time="0.001" classname="com.ptpl.ems.FolderCreate"/>
  <testcase name="copyFile" time="0.0" classname="com.ptpl.ems.FolderCreate"/>
  <testcase name="copyFile" time="0.088" classname="com.ptpl.ems.FolderCreate"/>
  <testcase name="copyFile" time="0.002" classname="com.ptpl.ems.FolderCreate"/>
  <testcase name="copyFile" time="0.001" classname="com.ptpl.ems.FolderCreate"/>
  <testcase name="copyFile" time="0.0" classname="com.ptpl.ems.FolderCreate"/>
  <testcase name="copyFile" time="0.001" classname="com.ptpl.ems.FolderCreate"/>
  <testcase name="copyFile" time="0.027" classname="com.ptpl.ems.FolderCreate"/>
  <testcase name="copyFile" time="0.0" classname="com.ptpl.ems.FolderCreate"/>
  <testcase name="copyFile" time="0.001" classname="com.ptpl.ems.FolderCreate"/>
  <testcase name="copyFile" time="0.0" classname="com.ptpl.ems.FolderCreate"/>
  <testcase name="copyFile" time="0.001" classname="com.ptpl.ems.FolderCreate"/>
  <testcase name="copyFile" time="0.0" classname="com.ptpl.ems.FolderCreate"/>
  <testcase name="copyFile" time="0.0" classname="com.ptpl.ems.FolderCreate"/>
  <testcase name="copyFile" time="0.0" classname="com.ptpl.ems.FolderCreate"/>
  <testcase name="copyFile" time="0.001" classname="com.ptpl.ems.FolderCreate"/>
  <testcase name="copyFile" time="0.0" classname="com.ptpl.ems.FolderCreate"/>
  <testcase name="copyFile" time="0.0" classname="com.ptpl.ems.FolderCreate"/>
  <testcase name="copyFile" time="0.0" classname="com.ptpl.ems.FolderCreate"/>
  <testcase name="copyFile" time="0.0" classname="com.ptpl.ems.FolderCreate"/>
  <testcase name="copyFile" time="0.0" classname="com.ptpl.ems.FolderCreate"/>
  <testcase name="copyFile" time="0.0" classname="com.ptpl.ems.FolderCreate"/>
  <testcase name="copyFile" time="0.0" classname="com.ptpl.ems.FolderCreate"/>
  <testcase name="copyFile" time="0.0" classname="com.ptpl.ems.FolderCreate"/>
  <testcase name="copyFile" time="0.0" classname="com.ptpl.ems.FolderCreate"/>
  <testcase name="copyFile" time="0.0" classname="com.ptpl.ems.FolderCreate"/>
  <testcase name="copyFile" time="0.0" classname="com.ptpl.ems.FolderCreate"/>
  <testcase name="copyFile" time="0.001" classname="com.ptpl.ems.FolderCreate"/>
  <testcase name="copyFile" time="0.0" classname="com.ptpl.ems.FolderCreate"/>
  <testcase name="copyFile" time="0.0" classname="com.ptpl.ems.FolderCreate"/>
  <testcase name="copyFile" time="0.0" classname="com.ptpl.ems.FolderCreate"/>
  <testcase name="copyFile" time="0.022" classname="com.ptpl.ems.FolderCreate"/>
  <testcase name="copyFile" time="0.004" classname="com.ptpl.ems.FolderCreate"/>
  <testcase name="copyFile" time="0.008" classname="com.ptpl.ems.FolderCreate"/>
  <testcase name="copyFile" time="0.001" classname="com.ptpl.ems.FolderCreate"/>
  <testcase name="copyFile" time="0.0" classname="com.ptpl.ems.FolderCreate"/>
  <testcase name="copyFile" time="0.0" classname="com.ptpl.ems.FolderCreate"/>
  <testcase name="copyFile" time="0.017" classname="com.ptpl.ems.FolderCreate"/>
  <testcase name="copyFile" time="0.001" classname="com.ptpl.ems.FolderCreate"/>
  <testcase name="copyFile" time="0.001" classname="com.ptpl.ems.FolderCreate"/>
  <testcase name="copyFile" time="0.0" classname="com.ptpl.ems.FolderCreate"/>
  <testcase name="copyFile" time="0.0" classname="com.ptpl.ems.FolderCreate"/>
  <testcase name="copyFile" time="0.001" classname="com.ptpl.ems.FolderCreate"/>
  <testcase name="copyFile" time="0.0" classname="com.ptpl.ems.FolderCreate"/>
  <testcase name="copyFile" time="0.0" classname="com.ptpl.ems.FolderCreate"/>
  <testcase name="copyFile" time="0.0" classname="com.ptpl.ems.FolderCreate"/>
  <testcase name="copyFile" time="0.001" classname="com.ptpl.ems.FolderCreate"/>
  <testcase name="copyFile" time="0.0" classname="com.ptpl.ems.FolderCreate"/>
  <testcase name="copyFile" time="0.0" classname="com.ptpl.ems.FolderCreate"/>
  <testcase name="copyFile" time="0.0" classname="com.ptpl.ems.FolderCreate"/>
  <testcase name="copyFile" time="0.001" classname="com.ptpl.ems.FolderCreate"/>
  <testcase name="copyFile" time="0.0" classname="com.ptpl.ems.FolderCreate"/>
  <testcase name="copyFile" time="0.001" classname="com.ptpl.ems.FolderCreate"/>
  <testcase name="copyFile" time="0.0" classname="com.ptpl.ems.FolderCreate"/>
  <testcase name="copyFile" time="0.0" classname="com.ptpl.ems.FolderCreate"/>
  <testcase name="copyFile" time="0.0" classname="com.ptpl.ems.FolderCreate"/>
  <testcase name="copyFile" time="0.001" classname="com.ptpl.ems.FolderCreate"/>
  <testcase name="copyFile" time="0.0" classname="com.ptpl.ems.FolderCreate"/>
  <testcase name="copyFile" time="0.0" classname="com.ptpl.ems.FolderCreate"/>
  <testcase name="copyFile" time="0.0" classname="com.ptpl.ems.FolderCreate"/>
  <testcase name="copyFile" time="0.0" classname="com.ptpl.ems.FolderCreate"/>
  <testcase name="copyFile" time="0.001" classname="com.ptpl.ems.FolderCreate"/>
  <testcase name="copyFile" time="0.0" classname="com.ptpl.ems.FolderCreate"/>
  <testcase name="copyFile" time="0.007" classname="com.ptpl.ems.FolderCreate"/>
  <testcase name="copyFile" time="0.004" classname="com.ptpl.ems.FolderCreate"/>
</testsuite> <!-- Default test -->
