<?xml version="1.0" encoding="UTF-8"?>
<!-- Generated by org.testng.reporters.JUnitReportReporter -->
<testsuite skipped="0" hostname="LP-99" name="com.ptpl.ems.ImageDownload" tests="1189" failures="0" timestamp="28 Feb 2019 13:25:24 GMT" time="0.763" errors="0">
  <testcase name="imageDownload" time="0.001" classname="com.ptpl.ems.ImageDownload"/>
  <testcase name="imageDownload" time="0.000" classname="com.ptpl.ems.ImageDownload"/>
  <testcase name="imageDownload" time="0.001" classname="com.ptpl.ems.ImageDownload"/>
  <testcase name="imageDownload" time="0.001" classname="com.ptpl.ems.ImageDownload"/>
  <testcase name="imageDownload" time="0.002" classname="com.ptpl.ems.ImageDownload"/>
  <testcase name="imageDownload" time="0.000" classname="com.ptpl.ems.ImageDownload"/>
  <testcase name="imageDownload" time="0.000" classname="com.ptpl.ems.ImageDownload"/>
  <testcase name="imageDownload" time="0.001" classname="com.ptpl.ems.ImageDownload"/>
  <testcase name="imageDownload" time="0.001" classname="com.ptpl.ems.ImageDownload"/>
  <testcase name="imageDownload" time="0.000" classname="com.ptpl.ems.ImageDownload"/>
  <testcase name="imageDownload" time="0.000" classname="com.ptpl.ems.ImageDownload"/>
  <testcase name="imageDownload" time="0.000" classname="com.ptpl.ems.ImageDownload"/>
  <testcase name="imageDownload" time="0.001" classname="com.ptpl.ems.ImageDownload"/>
  <testcase name="imageDownload" time="0.000" classname="com.ptpl.ems.ImageDownload"/>
  <testcase name="imageDownload" time="0.000" classname="com.ptpl.ems.ImageDownload"/>
  <testcase name="imageDownload" time="0.001" classname="com.ptpl.ems.ImageDownload"/>
  <testcase name="imageDownload" time="0.001" classname="com.ptpl.ems.ImageDownload"/>
  <testcase name="imageDownload" time="0.002" classname="com.ptpl.ems.ImageDownload"/>
  <testcase name="imageDownload" time="0.000" classname="com.ptpl.ems.ImageDownload"/>
  <testcase name="imageDownload" time="0.000" classname="com.ptpl.ems.ImageDownload"/>
  <testcase name="imageDownload" time="0.001" classname="com.ptpl.ems.ImageDownload"/>
  <testcase name="imageDownload" time="0.000" classname="com.ptpl.ems.ImageDownload"/>
  <testcase name="imageDownload" time="0.000" classname="com.ptpl.ems.ImageDownload"/>
  <testcase name="imageDownload" time="0.001" classname="com.ptpl.ems.ImageDownload"/>
  <testcase name="imageDownload" time="0.001" classname="com.ptpl.ems.ImageDownload"/>
  <testcase name="imageDownload" time="0.000" classname="com.ptpl.ems.ImageDownload"/>
  <testcase name="imageDownload" time="0.000" classname="com.ptpl.ems.ImageDownload"/>
  <testcase name="imageDownload" time="0.000" classname="com.ptpl.ems.ImageDownload"/>
  <testcase name="imageDownload" time="0.001" classname="com.ptpl.ems.ImageDownload"/>
  <testcase name="imageDownload" time="0.000" classname="com.ptpl.ems.ImageDownload"/>
  <testcase name="imageDownload" time="0.001" classname="com.ptpl.ems.ImageDownload"/>
  <testcase name="imageDownload" time="0.000" classname="com.ptpl.ems.ImageDownload"/>
  <testcase name="imageDownload" time="0.000" classname="com.ptpl.ems.ImageDownload"/>
  <testcase name="imageDownload" time="0.000" classname="com.ptpl.ems.ImageDownload"/>
  <testcase name="imageDownload" time="0.001" classname="com.ptpl.ems.ImageDownload"/>
  <testcase name="imageDownload" time="0.000" classname="com.ptpl.ems.ImageDownload"/>
  <testcase name="imageDownload" time="0.000" classname="com.ptpl.ems.ImageDownload"/>
  <testcase name="imageDownload" time="0.001" classname="com.ptpl.ems.ImageDownload"/>
  <testcase name="imageDownload" time="0.001" classname="com.ptpl.ems.ImageDownload"/>
  <testcase name="imageDownload" time="0.001" classname="com.ptpl.ems.ImageDownload"/>
  <testcase name="imageDownload" time="0.001" classname="com.ptpl.ems.ImageDownload"/>
  <testcase name="imageDownload" time="0.000" classname="com.ptpl.ems.ImageDownload"/>
  <testcase name="imageDownload" time="0.001" classname="com.ptpl.ems.ImageDownload"/>
  <testcase name="imageDownload" time="0.000" classname="com.ptpl.ems.ImageDownload"/>
  <testcase name="imageDownload" time="0.000" classname="com.ptpl.ems.ImageDownload"/>
  <testcase name="imageDownload" time="0.001" classname="com.ptpl.ems.ImageDownload"/>
  <testcase name="imageDownload" time="0.000" classname="com.ptpl.ems.ImageDownload"/>
  <testcase name="imageDownload" time="0.001" classname="com.ptpl.ems.ImageDownload"/>
  <testcase name="imageDownload" time="0.001" classname="com.ptpl.ems.ImageDownload"/>
  <testcase name="imageDownload" time="0.000" classname="com.ptpl.ems.ImageDownload"/>
  <testcase name="imageDownload" time="0.001" classname="com.ptpl.ems.ImageDownload"/>
  <testcase name="imageDownload" time="0.000" classname="com.ptpl.ems.ImageDownload"/>
  <testcase name="imageDownload" time="0.001" classname="com.ptpl.ems.ImageDownload"/>
  <testcase name="imageDownload" time="0.000" classname="com.ptpl.ems.ImageDownload"/>
  <testcase name="imageDownload" time="0.000" classname="com.ptpl.ems.ImageDownload"/>
  <testcase name="imageDownload" time="0.001" classname="com.ptpl.ems.ImageDownload"/>
  <testcase name="imageDownload" time="0.002" classname="com.ptpl.ems.ImageDownload"/>
  <testcase name="imageDownload" time="0.000" classname="com.ptpl.ems.ImageDownload"/>
  <testcase name="imageDownload" time="0.001" classname="com.ptpl.ems.ImageDownload"/>
  <testcase name="imageDownload" time="0.000" classname="com.ptpl.ems.ImageDownload"/>
  <testcase name="imageDownload" time="0.000" classname="com.ptpl.ems.ImageDownload"/>
  <testcase name="imageDownload" time="0.000" classname="com.ptpl.ems.ImageDownload"/>
  <testcase name="imageDownload" time="0.001" classname="com.ptpl.ems.ImageDownload"/>
  <testcase name="imageDownload" time="0.000" classname="com.ptpl.ems.ImageDownload"/>
  <testcase name="imageDownload" time="0.000" classname="com.ptpl.ems.ImageDownload"/>
  <testcase name="imageDownload" time="0.000" classname="com.ptpl.ems.ImageDownload"/>
  <testcase name="imageDownload" time="0.001" classname="com.ptpl.ems.ImageDownload"/>
  <testcase name="imageDownload" time="0.001" classname="com.ptpl.ems.ImageDownload"/>
  <testcase name="imageDownload" time="0.001" classname="com.ptpl.ems.ImageDownload"/>
  <testcase name="imageDownload" time="0.001" classname="com.ptpl.ems.ImageDownload"/>
  <testcase name="imageDownload" time="0.001" classname="com.ptpl.ems.ImageDownload"/>
  <testcase name="imageDownload" time="0.000" classname="com.ptpl.ems.ImageDownload"/>
  <testcase name="imageDownload" time="0.001" classname="com.ptpl.ems.ImageDownload"/>
  <testcase name="imageDownload" time="0.001" classname="com.ptpl.ems.ImageDownload"/>
  <testcase name="imageDownload" time="0.000" classname="com.ptpl.ems.ImageDownload"/>
  <testcase name="imageDownload" time="0.002" classname="com.ptpl.ems.ImageDownload"/>
  <testcase name="imageDownload" time="0.000" classname="com.ptpl.ems.ImageDownload"/>
  <testcase name="imageDownload" time="0.000" classname="com.ptpl.ems.ImageDownload"/>
  <testcase name="imageDownload" time="0.000" classname="com.ptpl.ems.ImageDownload"/>
  <testcase name="imageDownload" time="0.000" classname="com.ptpl.ems.ImageDownload"/>
  <testcase name="imageDownload" time="0.001" classname="com.ptpl.ems.ImageDownload"/>
  <testcase name="imageDownload" time="0.000" classname="com.ptpl.ems.ImageDownload"/>
  <testcase name="imageDownload" time="0.000" classname="com.ptpl.ems.ImageDownload"/>
  <testcase name="imageDownload" time="0.001" classname="com.ptpl.ems.ImageDownload"/>
  <testcase name="imageDownload" time="0.001" classname="com.ptpl.ems.ImageDownload"/>
  <testcase name="imageDownload" time="0.001" classname="com.ptpl.ems.ImageDownload"/>
  <testcase name="imageDownload" time="0.001" classname="com.ptpl.ems.ImageDownload"/>
  <testcase name="imageDownload" time="0.000" classname="com.ptpl.ems.ImageDownload"/>
  <testcase name="imageDownload" time="0.000" classname="com.ptpl.ems.ImageDownload"/>
  <testcase name="imageDownload" time="0.001" classname="com.ptpl.ems.ImageDownload"/>
  <testcase name="imageDownload" time="0.001" classname="com.ptpl.ems.ImageDownload"/>
  <testcase name="imageDownload" time="0.000" classname="com.ptpl.ems.ImageDownload"/>
  <testcase name="imageDownload" time="0.000" classname="com.ptpl.ems.ImageDownload"/>
  <testcase name="imageDownload" time="0.002" classname="com.ptpl.ems.ImageDownload"/>
  <testcase name="imageDownload" time="0.001" classname="com.ptpl.ems.ImageDownload"/>
  <testcase name="imageDownload" time="0.001" classname="com.ptpl.ems.ImageDownload"/>
  <testcase name="imageDownload" time="0.001" classname="com.ptpl.ems.ImageDownload"/>
  <testcase name="imageDownload" time="0.000" classname="com.ptpl.ems.ImageDownload"/>
  <testcase name="imageDownload" time="0.001" classname="com.ptpl.ems.ImageDownload"/>
  <testcase name="imageDownload" time="0.000" classname="com.ptpl.ems.ImageDownload"/>
  <testcase name="imageDownload" time="0.000" classname="com.ptpl.ems.ImageDownload"/>
  <testcase name="imageDownload" time="0.002" classname="com.ptpl.ems.ImageDownload"/>
  <testcase name="imageDownload" time="0.000" classname="com.ptpl.ems.ImageDownload"/>
  <testcase name="imageDownload" time="0.000" classname="com.ptpl.ems.ImageDownload"/>
  <testcase name="imageDownload" time="0.000" classname="com.ptpl.ems.ImageDownload"/>
  <testcase name="imageDownload" time="0.000" classname="com.ptpl.ems.ImageDownload"/>
  <testcase name="imageDownload" time="0.001" classname="com.ptpl.ems.ImageDownload"/>
  <testcase name="imageDownload" time="0.000" classname="com.ptpl.ems.ImageDownload"/>
  <testcase name="imageDownload" time="0.022" classname="com.ptpl.ems.ImageDownload"/>
  <testcase name="imageDownload" time="0.001" classname="com.ptpl.ems.ImageDownload"/>
  <testcase name="imageDownload" time="0.001" classname="com.ptpl.ems.ImageDownload"/>
  <testcase name="imageDownload" time="0.000" classname="com.ptpl.ems.ImageDownload"/>
  <testcase name="imageDownload" time="0.002" classname="com.ptpl.ems.ImageDownload"/>
  <testcase name="imageDownload" time="0.001" classname="com.ptpl.ems.ImageDownload"/>
  <testcase name="imageDownload" time="0.001" classname="com.ptpl.ems.ImageDownload"/>
  <testcase name="imageDownload" time="0.000" classname="com.ptpl.ems.ImageDownload"/>
  <testcase name="imageDownload" time="0.001" classname="com.ptpl.ems.ImageDownload"/>
  <testcase name="imageDownload" time="0.000" classname="com.ptpl.ems.ImageDownload"/>
  <testcase name="imageDownload" time="0.000" classname="com.ptpl.ems.ImageDownload"/>
  <testcase name="imageDownload" time="0.001" classname="com.ptpl.ems.ImageDownload"/>
  <testcase name="imageDownload" time="0.001" classname="com.ptpl.ems.ImageDownload"/>
  <testcase name="imageDownload" time="0.000" classname="com.ptpl.ems.ImageDownload"/>
  <testcase name="imageDownload" time="0.000" classname="com.ptpl.ems.ImageDownload"/>
  <testcase name="imageDownload" time="0.001" classname="com.ptpl.ems.ImageDownload"/>
  <testcase name="imageDownload" time="0.000" classname="com.ptpl.ems.ImageDownload"/>
  <testcase name="imageDownload" time="0.000" classname="com.ptpl.ems.ImageDownload"/>
  <testcase name="imageDownload" time="0.000" classname="com.ptpl.ems.ImageDownload"/>
  <testcase name="imageDownload" time="0.001" classname="com.ptpl.ems.ImageDownload"/>
  <testcase name="imageDownload" time="0.001" classname="com.ptpl.ems.ImageDownload"/>
  <testcase name="imageDownload" time="0.001" classname="com.ptpl.ems.ImageDownload"/>
  <testcase name="imageDownload" time="0.001" classname="com.ptpl.ems.ImageDownload"/>
  <testcase name="imageDownload" time="0.001" classname="com.ptpl.ems.ImageDownload"/>
  <testcase name="imageDownload" time="0.000" classname="com.ptpl.ems.ImageDownload"/>
  <testcase name="imageDownload" time="0.000" classname="com.ptpl.ems.ImageDownload"/>
  <testcase name="imageDownload" time="0.000" classname="com.ptpl.ems.ImageDownload"/>
  <testcase name="imageDownload" time="0.001" classname="com.ptpl.ems.ImageDownload"/>
  <testcase name="imageDownload" time="0.001" classname="com.ptpl.ems.ImageDownload"/>
  <testcase name="imageDownload" time="0.000" classname="com.ptpl.ems.ImageDownload"/>
  <testcase name="imageDownload" time="0.000" classname="com.ptpl.ems.ImageDownload"/>
  <testcase name="imageDownload" time="0.000" classname="com.ptpl.ems.ImageDownload"/>
  <testcase name="imageDownload" time="0.001" classname="com.ptpl.ems.ImageDownload"/>
  <testcase name="imageDownload" time="0.000" classname="com.ptpl.ems.ImageDownload"/>
  <testcase name="imageDownload" time="0.001" classname="com.ptpl.ems.ImageDownload"/>
  <testcase name="imageDownload" time="0.000" classname="com.ptpl.ems.ImageDownload"/>
  <testcase name="imageDownload" time="0.000" classname="com.ptpl.ems.ImageDownload"/>
  <testcase name="imageDownload" time="0.000" classname="com.ptpl.ems.ImageDownload"/>
  <testcase name="imageDownload" time="0.001" classname="com.ptpl.ems.ImageDownload"/>
  <testcase name="imageDownload" time="0.000" classname="com.ptpl.ems.ImageDownload"/>
  <testcase name="imageDownload" time="0.001" classname="com.ptpl.ems.ImageDownload"/>
  <testcase name="imageDownload" time="0.000" classname="com.ptpl.ems.ImageDownload"/>
  <testcase name="imageDownload" time="0.000" classname="com.ptpl.ems.ImageDownload"/>
  <testcase name="imageDownload" time="0.000" classname="com.ptpl.ems.ImageDownload"/>
  <testcase name="imageDownload" time="0.001" classname="com.ptpl.ems.ImageDownload"/>
  <testcase name="imageDownload" time="0.000" classname="com.ptpl.ems.ImageDownload"/>
  <testcase name="imageDownload" time="0.001" classname="com.ptpl.ems.ImageDownload"/>
  <testcase name="imageDownload" time="0.001" classname="com.ptpl.ems.ImageDownload"/>
  <testcase name="imageDownload" time="0.005" classname="com.ptpl.ems.ImageDownload"/>
  <testcase name="imageDownload" time="0.000" classname="com.ptpl.ems.ImageDownload"/>
  <testcase name="imageDownload" time="0.000" classname="com.ptpl.ems.ImageDownload"/>
  <testcase name="imageDownload" time="0.000" classname="com.ptpl.ems.ImageDownload"/>
  <testcase name="imageDownload" time="0.001" classname="com.ptpl.ems.ImageDownload"/>
  <testcase name="imageDownload" time="0.000" classname="com.ptpl.ems.ImageDownload"/>
  <testcase name="imageDownload" time="0.000" classname="com.ptpl.ems.ImageDownload"/>
  <testcase name="imageDownload" time="0.001" classname="com.ptpl.ems.ImageDownload"/>
  <testcase name="imageDownload" time="0.001" classname="com.ptpl.ems.ImageDownload"/>
  <testcase name="imageDownload" time="0.000" classname="com.ptpl.ems.ImageDownload"/>
  <testcase name="imageDownload" time="0.000" classname="com.ptpl.ems.ImageDownload"/>
  <testcase name="imageDownload" time="0.001" classname="com.ptpl.ems.ImageDownload"/>
  <testcase name="imageDownload" time="0.000" classname="com.ptpl.ems.ImageDownload"/>
  <testcase name="imageDownload" time="0.000" classname="com.ptpl.ems.ImageDownload"/>
  <testcase name="imageDownload" time="0.001" classname="com.ptpl.ems.ImageDownload"/>
  <testcase name="imageDownload" time="0.000" classname="com.ptpl.ems.ImageDownload"/>
  <testcase name="imageDownload" time="0.000" classname="com.ptpl.ems.ImageDownload"/>
  <testcase name="imageDownload" time="0.000" classname="com.ptpl.ems.ImageDownload"/>
  <testcase name="imageDownload" time="0.001" classname="com.ptpl.ems.ImageDownload"/>
  <testcase name="imageDownload" time="0.001" classname="com.ptpl.ems.ImageDownload"/>
  <testcase name="imageDownload" time="0.001" classname="com.ptpl.ems.ImageDownload"/>
  <testcase name="imageDownload" time="0.000" classname="com.ptpl.ems.ImageDownload"/>
  <testcase name="imageDownload" time="0.000" classname="com.ptpl.ems.ImageDownload"/>
  <testcase name="imageDownload" time="0.000" classname="com.ptpl.ems.ImageDownload"/>
  <testcase name="imageDownload" time="0.001" classname="com.ptpl.ems.ImageDownload"/>
  <testcase name="imageDownload" time="0.001" classname="com.ptpl.ems.ImageDownload"/>
  <testcase name="imageDownload" time="0.000" classname="com.ptpl.ems.ImageDownload"/>
  <testcase name="imageDownload" time="0.000" classname="com.ptpl.ems.ImageDownload"/>
  <testcase name="imageDownload" time="0.000" classname="com.ptpl.ems.ImageDownload"/>
  <testcase name="imageDownload" time="0.010" classname="com.ptpl.ems.ImageDownload"/>
  <testcase name="imageDownload" time="0.004" classname="com.ptpl.ems.ImageDownload"/>
  <testcase name="imageDownload" time="0.000" classname="com.ptpl.ems.ImageDownload"/>
  <testcase name="imageDownload" time="0.000" classname="com.ptpl.ems.ImageDownload"/>
  <testcase name="imageDownload" time="0.000" classname="com.ptpl.ems.ImageDownload"/>
  <testcase name="imageDownload" time="0.000" classname="com.ptpl.ems.ImageDownload"/>
  <testcase name="imageDownload" time="0.001" classname="com.ptpl.ems.ImageDownload"/>
  <testcase name="imageDownload" time="0.001" classname="com.ptpl.ems.ImageDownload"/>
  <testcase name="imageDownload" time="0.001" classname="com.ptpl.ems.ImageDownload"/>
  <testcase name="imageDownload" time="0.001" classname="com.ptpl.ems.ImageDownload"/>
  <testcase name="imageDownload" time="0.000" classname="com.ptpl.ems.ImageDownload"/>
  <testcase name="imageDownload" time="0.001" classname="com.ptpl.ems.ImageDownload"/>
  <testcase name="imageDownload" time="0.000" classname="com.ptpl.ems.ImageDownload"/>
  <testcase name="imageDownload" time="0.001" classname="com.ptpl.ems.ImageDownload"/>
  <testcase name="imageDownload" time="0.001" classname="com.ptpl.ems.ImageDownload"/>
  <testcase name="imageDownload" time="0.000" classname="com.ptpl.ems.ImageDownload"/>
  <testcase name="imageDownload" time="0.002" classname="com.ptpl.ems.ImageDownload"/>
  <testcase name="imageDownload" time="0.000" classname="com.ptpl.ems.ImageDownload"/>
  <testcase name="imageDownload" time="0.000" classname="com.ptpl.ems.ImageDownload"/>
  <testcase name="imageDownload" time="0.012" classname="com.ptpl.ems.ImageDownload"/>
  <testcase name="imageDownload" time="0.000" classname="com.ptpl.ems.ImageDownload"/>
  <testcase name="imageDownload" time="0.001" classname="com.ptpl.ems.ImageDownload"/>
  <testcase name="imageDownload" time="0.000" classname="com.ptpl.ems.ImageDownload"/>
  <testcase name="imageDownload" time="0.001" classname="com.ptpl.ems.ImageDownload"/>
  <testcase name="imageDownload" time="0.001" classname="com.ptpl.ems.ImageDownload"/>
  <testcase name="imageDownload" time="0.001" classname="com.ptpl.ems.ImageDownload"/>
  <testcase name="imageDownload" time="0.001" classname="com.ptpl.ems.ImageDownload"/>
  <testcase name="imageDownload" time="0.000" classname="com.ptpl.ems.ImageDownload"/>
  <testcase name="imageDownload" time="0.001" classname="com.ptpl.ems.ImageDownload"/>
  <testcase name="imageDownload" time="0.000" classname="com.ptpl.ems.ImageDownload"/>
  <testcase name="imageDownload" time="0.000" classname="com.ptpl.ems.ImageDownload"/>
  <testcase name="imageDownload" time="0.001" classname="com.ptpl.ems.ImageDownload"/>
  <testcase name="imageDownload" time="0.000" classname="com.ptpl.ems.ImageDownload"/>
  <testcase name="imageDownload" time="0.000" classname="com.ptpl.ems.ImageDownload"/>
  <testcase name="imageDownload" time="0.000" classname="com.ptpl.ems.ImageDownload"/>
  <testcase name="imageDownload" time="0.001" classname="com.ptpl.ems.ImageDownload"/>
  <testcase name="imageDownload" time="0.000" classname="com.ptpl.ems.ImageDownload"/>
  <testcase name="imageDownload" time="0.000" classname="com.ptpl.ems.ImageDownload"/>
  <testcase name="imageDownload" time="0.001" classname="com.ptpl.ems.ImageDownload"/>
  <testcase name="imageDownload" time="0.000" classname="com.ptpl.ems.ImageDownload"/>
  <testcase name="imageDownload" time="0.000" classname="com.ptpl.ems.ImageDownload"/>
  <testcase name="imageDownload" time="0.001" classname="com.ptpl.ems.ImageDownload"/>
  <testcase name="imageDownload" time="0.001" classname="com.ptpl.ems.ImageDownload"/>
  <testcase name="imageDownload" time="0.000" classname="com.ptpl.ems.ImageDownload"/>
  <testcase name="imageDownload" time="0.000" classname="com.ptpl.ems.ImageDownload"/>
  <testcase name="imageDownload" time="0.000" classname="com.ptpl.ems.ImageDownload"/>
  <testcase name="imageDownload" time="0.001" classname="com.ptpl.ems.ImageDownload"/>
  <testcase name="imageDownload" time="0.001" classname="com.ptpl.ems.ImageDownload"/>
  <testcase name="imageDownload" time="0.002" classname="com.ptpl.ems.ImageDownload"/>
  <testcase name="imageDownload" time="0.000" classname="com.ptpl.ems.ImageDownload"/>
  <testcase name="imageDownload" time="0.000" classname="com.ptpl.ems.ImageDownload"/>
  <testcase name="imageDownload" time="0.001" classname="com.ptpl.ems.ImageDownload"/>
  <testcase name="imageDownload" time="0.000" classname="com.ptpl.ems.ImageDownload"/>
  <testcase name="imageDownload" time="0.000" classname="com.ptpl.ems.ImageDownload"/>
  <testcase name="imageDownload" time="0.000" classname="com.ptpl.ems.ImageDownload"/>
  <testcase name="imageDownload" time="0.000" classname="com.ptpl.ems.ImageDownload"/>
  <testcase name="imageDownload" time="0.001" classname="com.ptpl.ems.ImageDownload"/>
  <testcase name="imageDownload" time="0.000" classname="com.ptpl.ems.ImageDownload"/>
  <testcase name="imageDownload" time="0.000" classname="com.ptpl.ems.ImageDownload"/>
  <testcase name="imageDownload" time="0.001" classname="com.ptpl.ems.ImageDownload"/>
  <testcase name="imageDownload" time="0.001" classname="com.ptpl.ems.ImageDownload"/>
  <testcase name="imageDownload" time="0.001" classname="com.ptpl.ems.ImageDownload"/>
  <testcase name="imageDownload" time="0.000" classname="com.ptpl.ems.ImageDownload"/>
  <testcase name="imageDownload" time="0.000" classname="com.ptpl.ems.ImageDownload"/>
  <testcase name="imageDownload" time="0.000" classname="com.ptpl.ems.ImageDownload"/>
  <testcase name="imageDownload" time="0.001" classname="com.ptpl.ems.ImageDownload"/>
  <testcase name="imageDownload" time="0.000" classname="com.ptpl.ems.ImageDownload"/>
  <testcase name="imageDownload" time="0.000" classname="com.ptpl.ems.ImageDownload"/>
  <testcase name="imageDownload" time="0.001" classname="com.ptpl.ems.ImageDownload"/>
  <testcase name="imageDownload" time="0.000" classname="com.ptpl.ems.ImageDownload"/>
  <testcase name="imageDownload" time="0.000" classname="com.ptpl.ems.ImageDownload"/>
  <testcase name="imageDownload" time="0.000" classname="com.ptpl.ems.ImageDownload"/>
  <testcase name="imageDownload" time="0.001" classname="com.ptpl.ems.ImageDownload"/>
  <testcase name="imageDownload" time="0.000" classname="com.ptpl.ems.ImageDownload"/>
  <testcase name="imageDownload" time="0.001" classname="com.ptpl.ems.ImageDownload"/>
  <testcase name="imageDownload" time="0.001" classname="com.ptpl.ems.ImageDownload"/>
  <testcase name="imageDownload" time="0.000" classname="com.ptpl.ems.ImageDownload"/>
  <testcase name="imageDownload" time="0.000" classname="com.ptpl.ems.ImageDownload"/>
  <testcase name="imageDownload" time="0.000" classname="com.ptpl.ems.ImageDownload"/>
  <testcase name="imageDownload" time="0.001" classname="com.ptpl.ems.ImageDownload"/>
  <testcase name="imageDownload" time="0.003" classname="com.ptpl.ems.ImageDownload"/>
  <testcase name="imageDownload" time="0.001" classname="com.ptpl.ems.ImageDownload"/>
  <testcase name="imageDownload" time="0.001" classname="com.ptpl.ems.ImageDownload"/>
  <testcase name="imageDownload" time="0.000" classname="com.ptpl.ems.ImageDownload"/>
  <testcase name="imageDownload" time="0.001" classname="com.ptpl.ems.ImageDownload"/>
  <testcase name="imageDownload" time="0.000" classname="com.ptpl.ems.ImageDownload"/>
  <testcase name="imageDownload" time="0.001" classname="com.ptpl.ems.ImageDownload"/>
  <testcase name="imageDownload" time="0.000" classname="com.ptpl.ems.ImageDownload"/>
  <testcase name="imageDownload" time="0.001" classname="com.ptpl.ems.ImageDownload"/>
  <testcase name="imageDownload" time="0.000" classname="com.ptpl.ems.ImageDownload"/>
  <testcase name="imageDownload" time="0.001" classname="com.ptpl.ems.ImageDownload"/>
  <testcase name="imageDownload" time="0.002" classname="com.ptpl.ems.ImageDownload"/>
  <testcase name="imageDownload" time="0.001" classname="com.ptpl.ems.ImageDownload"/>
  <testcase name="imageDownload" time="0.000" classname="com.ptpl.ems.ImageDownload"/>
  <testcase name="imageDownload" time="0.001" classname="com.ptpl.ems.ImageDownload"/>
  <testcase name="imageDownload" time="0.000" classname="com.ptpl.ems.ImageDownload"/>
  <testcase name="imageDownload" time="0.000" classname="com.ptpl.ems.ImageDownload"/>
  <testcase name="imageDownload" time="0.000" classname="com.ptpl.ems.ImageDownload"/>
  <testcase name="imageDownload" time="0.000" classname="com.ptpl.ems.ImageDownload"/>
  <testcase name="imageDownload" time="0.000" classname="com.ptpl.ems.ImageDownload"/>
  <testcase name="imageDownload" time="0.001" classname="com.ptpl.ems.ImageDownload"/>
  <testcase name="imageDownload" time="0.000" classname="com.ptpl.ems.ImageDownload"/>
  <testcase name="imageDownload" time="0.000" classname="com.ptpl.ems.ImageDownload"/>
  <testcase name="imageDownload" time="0.000" classname="com.ptpl.ems.ImageDownload"/>
  <testcase name="imageDownload" time="0.001" classname="com.ptpl.ems.ImageDownload"/>
  <testcase name="imageDownload" time="0.000" classname="com.ptpl.ems.ImageDownload"/>
  <testcase name="imageDownload" time="0.001" classname="com.ptpl.ems.ImageDownload"/>
  <testcase name="imageDownload" time="0.000" classname="com.ptpl.ems.ImageDownload"/>
  <testcase name="imageDownload" time="0.001" classname="com.ptpl.ems.ImageDownload"/>
  <testcase name="imageDownload" time="0.001" classname="com.ptpl.ems.ImageDownload"/>
  <testcase name="imageDownload" time="0.005" classname="com.ptpl.ems.ImageDownload"/>
  <testcase name="imageDownload" time="0.000" classname="com.ptpl.ems.ImageDownload"/>
  <testcase name="imageDownload" time="0.000" classname="com.ptpl.ems.ImageDownload"/>
  <testcase name="imageDownload" time="0.001" classname="com.ptpl.ems.ImageDownload"/>
  <testcase name="imageDownload" time="0.001" classname="com.ptpl.ems.ImageDownload"/>
  <testcase name="imageDownload" time="0.001" classname="com.ptpl.ems.ImageDownload"/>
  <testcase name="imageDownload" time="0.000" classname="com.ptpl.ems.ImageDownload"/>
  <testcase name="imageDownload" time="0.000" classname="com.ptpl.ems.ImageDownload"/>
  <testcase name="imageDownload" time="0.001" classname="com.ptpl.ems.ImageDownload"/>
  <testcase name="imageDownload" time="0.000" classname="com.ptpl.ems.ImageDownload"/>
  <testcase name="imageDownload" time="0.000" classname="com.ptpl.ems.ImageDownload"/>
  <testcase name="imageDownload" time="0.000" classname="com.ptpl.ems.ImageDownload"/>
  <testcase name="imageDownload" time="0.000" classname="com.ptpl.ems.ImageDownload"/>
  <testcase name="imageDownload" time="0.000" classname="com.ptpl.ems.ImageDownload"/>
  <testcase name="imageDownload" time="0.001" classname="com.ptpl.ems.ImageDownload"/>
  <testcase name="imageDownload" time="0.001" classname="com.ptpl.ems.ImageDownload"/>
  <testcase name="imageDownload" time="0.001" classname="com.ptpl.ems.ImageDownload"/>
  <testcase name="imageDownload" time="0.000" classname="com.ptpl.ems.ImageDownload"/>
  <testcase name="imageDownload" time="0.000" classname="com.ptpl.ems.ImageDownload"/>
  <testcase name="imageDownload" time="0.000" classname="com.ptpl.ems.ImageDownload"/>
  <testcase name="imageDownload" time="0.000" classname="com.ptpl.ems.ImageDownload"/>
  <testcase name="imageDownload" time="0.000" classname="com.ptpl.ems.ImageDownload"/>
  <testcase name="imageDownload" time="0.001" classname="com.ptpl.ems.ImageDownload"/>
  <testcase name="imageDownload" time="0.000" classname="com.ptpl.ems.ImageDownload"/>
  <testcase name="imageDownload" time="0.001" classname="com.ptpl.ems.ImageDownload"/>
  <testcase name="imageDownload" time="0.000" classname="com.ptpl.ems.ImageDownload"/>
  <testcase name="imageDownload" time="0.000" classname="com.ptpl.ems.ImageDownload"/>
  <testcase name="imageDownload" time="0.000" classname="com.ptpl.ems.ImageDownload"/>
  <testcase name="imageDownload" time="0.000" classname="com.ptpl.ems.ImageDownload"/>
  <testcase name="imageDownload" time="0.002" classname="com.ptpl.ems.ImageDownload"/>
  <testcase name="imageDownload" time="0.000" classname="com.ptpl.ems.ImageDownload"/>
  <testcase name="imageDownload" time="0.000" classname="com.ptpl.ems.ImageDownload"/>
  <testcase name="imageDownload" time="0.000" classname="com.ptpl.ems.ImageDownload"/>
  <testcase name="imageDownload" time="0.000" classname="com.ptpl.ems.ImageDownload"/>
  <testcase name="imageDownload" time="0.001" classname="com.ptpl.ems.ImageDownload"/>
  <testcase name="imageDownload" time="0.001" classname="com.ptpl.ems.ImageDownload"/>
  <testcase name="imageDownload" time="0.000" classname="com.ptpl.ems.ImageDownload"/>
  <testcase name="imageDownload" time="0.001" classname="com.ptpl.ems.ImageDownload"/>
  <testcase name="imageDownload" time="0.000" classname="com.ptpl.ems.ImageDownload"/>
  <testcase name="imageDownload" time="0.000" classname="com.ptpl.ems.ImageDownload"/>
  <testcase name="imageDownload" time="0.000" classname="com.ptpl.ems.ImageDownload"/>
  <testcase name="imageDownload" time="0.002" classname="com.ptpl.ems.ImageDownload"/>
  <testcase name="imageDownload" time="0.001" classname="com.ptpl.ems.ImageDownload"/>
  <testcase name="imageDownload" time="0.000" classname="com.ptpl.ems.ImageDownload"/>
  <testcase name="imageDownload" time="0.000" classname="com.ptpl.ems.ImageDownload"/>
  <testcase name="imageDownload" time="0.000" classname="com.ptpl.ems.ImageDownload"/>
  <testcase name="imageDownload" time="0.000" classname="com.ptpl.ems.ImageDownload"/>
  <testcase name="imageDownload" time="0.000" classname="com.ptpl.ems.ImageDownload"/>
  <testcase name="imageDownload" time="0.001" classname="com.ptpl.ems.ImageDownload"/>
  <testcase name="imageDownload" time="0.000" classname="com.ptpl.ems.ImageDownload"/>
  <testcase name="imageDownload" time="0.000" classname="com.ptpl.ems.ImageDownload"/>
  <testcase name="imageDownload" time="0.000" classname="com.ptpl.ems.ImageDownload"/>
  <testcase name="imageDownload" time="0.000" classname="com.ptpl.ems.ImageDownload"/>
  <testcase name="imageDownload" time="0.000" classname="com.ptpl.ems.ImageDownload"/>
  <testcase name="imageDownload" time="0.000" classname="com.ptpl.ems.ImageDownload"/>
  <testcase name="imageDownload" time="0.000" classname="com.ptpl.ems.ImageDownload"/>
  <testcase name="imageDownload" time="0.001" classname="com.ptpl.ems.ImageDownload"/>
  <testcase name="imageDownload" time="0.001" classname="com.ptpl.ems.ImageDownload"/>
  <testcase name="imageDownload" time="0.000" classname="com.ptpl.ems.ImageDownload"/>
  <testcase name="imageDownload" time="0.001" classname="com.ptpl.ems.ImageDownload"/>
  <testcase name="imageDownload" time="0.000" classname="com.ptpl.ems.ImageDownload"/>
  <testcase name="imageDownload" time="0.001" classname="com.ptpl.ems.ImageDownload"/>
  <testcase name="imageDownload" time="0.001" classname="com.ptpl.ems.ImageDownload"/>
  <testcase name="imageDownload" time="0.001" classname="com.ptpl.ems.ImageDownload"/>
  <testcase name="imageDownload" time="0.001" classname="com.ptpl.ems.ImageDownload"/>
  <testcase name="imageDownload" time="0.000" classname="com.ptpl.ems.ImageDownload"/>
  <testcase name="imageDownload" time="0.001" classname="com.ptpl.ems.ImageDownload"/>
  <testcase name="imageDownload" time="0.000" classname="com.ptpl.ems.ImageDownload"/>
  <testcase name="imageDownload" time="0.001" classname="com.ptpl.ems.ImageDownload"/>
  <testcase name="imageDownload" time="0.000" classname="com.ptpl.ems.ImageDownload"/>
  <testcase name="imageDownload" time="0.001" classname="com.ptpl.ems.ImageDownload"/>
  <testcase name="imageDownload" time="0.001" classname="com.ptpl.ems.ImageDownload"/>
  <testcase name="imageDownload" time="0.001" classname="com.ptpl.ems.ImageDownload"/>
  <testcase name="imageDownload" time="0.001" classname="com.ptpl.ems.ImageDownload"/>
  <testcase name="imageDownload" time="0.001" classname="com.ptpl.ems.ImageDownload"/>
  <testcase name="imageDownload" time="0.001" classname="com.ptpl.ems.ImageDownload"/>
  <testcase name="imageDownload" time="0.000" classname="com.ptpl.ems.ImageDownload"/>
  <testcase name="imageDownload" time="0.000" classname="com.ptpl.ems.ImageDownload"/>
  <testcase name="imageDownload" time="0.001" classname="com.ptpl.ems.ImageDownload"/>
  <testcase name="imageDownload" time="0.000" classname="com.ptpl.ems.ImageDownload"/>
  <testcase name="imageDownload" time="0.001" classname="com.ptpl.ems.ImageDownload"/>
  <testcase name="imageDownload" time="0.000" classname="com.ptpl.ems.ImageDownload"/>
  <testcase name="imageDownload" time="0.000" classname="com.ptpl.ems.ImageDownload"/>
  <testcase name="imageDownload" time="0.001" classname="com.ptpl.ems.ImageDownload"/>
  <testcase name="imageDownload" time="0.000" classname="com.ptpl.ems.ImageDownload"/>
  <testcase name="imageDownload" time="0.001" classname="com.ptpl.ems.ImageDownload"/>
  <testcase name="imageDownload" time="0.001" classname="com.ptpl.ems.ImageDownload"/>
  <testcase name="imageDownload" time="0.002" classname="com.ptpl.ems.ImageDownload"/>
  <testcase name="imageDownload" time="0.000" classname="com.ptpl.ems.ImageDownload"/>
  <testcase name="imageDownload" time="0.001" classname="com.ptpl.ems.ImageDownload"/>
  <testcase name="imageDownload" time="0.001" classname="com.ptpl.ems.ImageDownload"/>
  <testcase name="imageDownload" time="0.001" classname="com.ptpl.ems.ImageDownload"/>
  <testcase name="imageDownload" time="0.001" classname="com.ptpl.ems.ImageDownload"/>
  <testcase name="imageDownload" time="0.000" classname="com.ptpl.ems.ImageDownload"/>
  <testcase name="imageDownload" time="0.001" classname="com.ptpl.ems.ImageDownload"/>
  <testcase name="imageDownload" time="0.000" classname="com.ptpl.ems.ImageDownload"/>
  <testcase name="imageDownload" time="0.000" classname="com.ptpl.ems.ImageDownload"/>
  <testcase name="imageDownload" time="0.000" classname="com.ptpl.ems.ImageDownload"/>
  <testcase name="imageDownload" time="0.002" classname="com.ptpl.ems.ImageDownload"/>
  <testcase name="imageDownload" time="0.000" classname="com.ptpl.ems.ImageDownload"/>
  <testcase name="imageDownload" time="0.002" classname="com.ptpl.ems.ImageDownload"/>
  <testcase name="imageDownload" time="0.002" classname="com.ptpl.ems.ImageDownload"/>
  <testcase name="imageDownload" time="0.000" classname="com.ptpl.ems.ImageDownload"/>
  <testcase name="imageDownload" time="0.000" classname="com.ptpl.ems.ImageDownload"/>
  <testcase name="imageDownload" time="0.000" classname="com.ptpl.ems.ImageDownload"/>
  <testcase name="imageDownload" time="0.000" classname="com.ptpl.ems.ImageDownload"/>
  <testcase name="imageDownload" time="0.002" classname="com.ptpl.ems.ImageDownload"/>
  <testcase name="imageDownload" time="0.003" classname="com.ptpl.ems.ImageDownload"/>
  <testcase name="imageDownload" time="0.000" classname="com.ptpl.ems.ImageDownload"/>
  <testcase name="imageDownload" time="0.000" classname="com.ptpl.ems.ImageDownload"/>
  <testcase name="imageDownload" time="0.001" classname="com.ptpl.ems.ImageDownload"/>
  <testcase name="imageDownload" time="0.001" classname="com.ptpl.ems.ImageDownload"/>
  <testcase name="imageDownload" time="0.000" classname="com.ptpl.ems.ImageDownload"/>
  <testcase name="imageDownload" time="0.000" classname="com.ptpl.ems.ImageDownload"/>
  <testcase name="imageDownload" time="0.000" classname="com.ptpl.ems.ImageDownload"/>
  <testcase name="imageDownload" time="0.002" classname="com.ptpl.ems.ImageDownload"/>
  <testcase name="imageDownload" time="0.001" classname="com.ptpl.ems.ImageDownload"/>
  <testcase name="imageDownload" time="0.000" classname="com.ptpl.ems.ImageDownload"/>
  <testcase name="imageDownload" time="0.000" classname="com.ptpl.ems.ImageDownload"/>
  <testcase name="imageDownload" time="0.001" classname="com.ptpl.ems.ImageDownload"/>
  <testcase name="imageDownload" time="0.001" classname="com.ptpl.ems.ImageDownload"/>
  <testcase name="imageDownload" time="0.001" classname="com.ptpl.ems.ImageDownload"/>
  <testcase name="imageDownload" time="0.000" classname="com.ptpl.ems.ImageDownload"/>
  <testcase name="imageDownload" time="0.000" classname="com.ptpl.ems.ImageDownload"/>
  <testcase name="imageDownload" time="0.000" classname="com.ptpl.ems.ImageDownload"/>
  <testcase name="imageDownload" time="0.000" classname="com.ptpl.ems.ImageDownload"/>
  <testcase name="imageDownload" time="0.000" classname="com.ptpl.ems.ImageDownload"/>
  <testcase name="imageDownload" time="0.000" classname="com.ptpl.ems.ImageDownload"/>
  <testcase name="imageDownload" time="0.000" classname="com.ptpl.ems.ImageDownload"/>
  <testcase name="imageDownload" time="0.002" classname="com.ptpl.ems.ImageDownload"/>
  <testcase name="imageDownload" time="0.000" classname="com.ptpl.ems.ImageDownload"/>
  <testcase name="imageDownload" time="0.000" classname="com.ptpl.ems.ImageDownload"/>
  <testcase name="imageDownload" time="0.000" classname="com.ptpl.ems.ImageDownload"/>
  <testcase name="imageDownload" time="0.000" classname="com.ptpl.ems.ImageDownload"/>
  <testcase name="imageDownload" time="0.000" classname="com.ptpl.ems.ImageDownload"/>
  <testcase name="imageDownload" time="0.000" classname="com.ptpl.ems.ImageDownload"/>
  <testcase name="imageDownload" time="0.001" classname="com.ptpl.ems.ImageDownload"/>
  <testcase name="imageDownload" time="0.006" classname="com.ptpl.ems.ImageDownload"/>
  <testcase name="imageDownload" time="0.000" classname="com.ptpl.ems.ImageDownload"/>
  <testcase name="imageDownload" time="0.000" classname="com.ptpl.ems.ImageDownload"/>
  <testcase name="imageDownload" time="0.000" classname="com.ptpl.ems.ImageDownload"/>
  <testcase name="imageDownload" time="0.001" classname="com.ptpl.ems.ImageDownload"/>
  <testcase name="imageDownload" time="0.000" classname="com.ptpl.ems.ImageDownload"/>
  <testcase name="imageDownload" time="0.001" classname="com.ptpl.ems.ImageDownload"/>
  <testcase name="imageDownload" time="0.000" classname="com.ptpl.ems.ImageDownload"/>
  <testcase name="imageDownload" time="0.000" classname="com.ptpl.ems.ImageDownload"/>
  <testcase name="imageDownload" time="0.000" classname="com.ptpl.ems.ImageDownload"/>
  <testcase name="imageDownload" time="0.003" classname="com.ptpl.ems.ImageDownload"/>
  <testcase name="imageDownload" time="0.001" classname="com.ptpl.ems.ImageDownload"/>
  <testcase name="imageDownload" time="0.001" classname="com.ptpl.ems.ImageDownload"/>
  <testcase name="imageDownload" time="0.001" classname="com.ptpl.ems.ImageDownload"/>
  <testcase name="imageDownload" time="0.001" classname="com.ptpl.ems.ImageDownload"/>
  <testcase name="imageDownload" time="0.000" classname="com.ptpl.ems.ImageDownload"/>
  <testcase name="imageDownload" time="0.001" classname="com.ptpl.ems.ImageDownload"/>
  <testcase name="imageDownload" time="0.000" classname="com.ptpl.ems.ImageDownload"/>
  <testcase name="imageDownload" time="0.001" classname="com.ptpl.ems.ImageDownload"/>
  <testcase name="imageDownload" time="0.008" classname="com.ptpl.ems.ImageDownload"/>
  <testcase name="imageDownload" time="0.001" classname="com.ptpl.ems.ImageDownload"/>
  <testcase name="imageDownload" time="0.000" classname="com.ptpl.ems.ImageDownload"/>
  <testcase name="imageDownload" time="0.000" classname="com.ptpl.ems.ImageDownload"/>
  <testcase name="imageDownload" time="0.000" classname="com.ptpl.ems.ImageDownload"/>
  <testcase name="imageDownload" time="0.001" classname="com.ptpl.ems.ImageDownload"/>
  <testcase name="imageDownload" time="0.000" classname="com.ptpl.ems.ImageDownload"/>
  <testcase name="imageDownload" time="0.000" classname="com.ptpl.ems.ImageDownload"/>
  <testcase name="imageDownload" time="0.001" classname="com.ptpl.ems.ImageDownload"/>
  <testcase name="imageDownload" time="0.000" classname="com.ptpl.ems.ImageDownload"/>
  <testcase name="imageDownload" time="0.000" classname="com.ptpl.ems.ImageDownload"/>
  <testcase name="imageDownload" time="0.001" classname="com.ptpl.ems.ImageDownload"/>
  <testcase name="imageDownload" time="0.000" classname="com.ptpl.ems.ImageDownload"/>
  <testcase name="imageDownload" time="0.001" classname="com.ptpl.ems.ImageDownload"/>
  <testcase name="imageDownload" time="0.000" classname="com.ptpl.ems.ImageDownload"/>
  <testcase name="imageDownload" time="0.001" classname="com.ptpl.ems.ImageDownload"/>
  <testcase name="imageDownload" time="0.001" classname="com.ptpl.ems.ImageDownload"/>
  <testcase name="imageDownload" time="0.001" classname="com.ptpl.ems.ImageDownload"/>
  <testcase name="imageDownload" time="0.000" classname="com.ptpl.ems.ImageDownload"/>
  <testcase name="imageDownload" time="0.001" classname="com.ptpl.ems.ImageDownload"/>
  <testcase name="imageDownload" time="0.001" classname="com.ptpl.ems.ImageDownload"/>
  <testcase name="imageDownload" time="0.000" classname="com.ptpl.ems.ImageDownload"/>
  <testcase name="imageDownload" time="0.001" classname="com.ptpl.ems.ImageDownload"/>
  <testcase name="imageDownload" time="0.000" classname="com.ptpl.ems.ImageDownload"/>
  <testcase name="imageDownload" time="0.002" classname="com.ptpl.ems.ImageDownload"/>
  <testcase name="imageDownload" time="0.000" classname="com.ptpl.ems.ImageDownload"/>
  <testcase name="imageDownload" time="0.000" classname="com.ptpl.ems.ImageDownload"/>
  <testcase name="imageDownload" time="0.000" classname="com.ptpl.ems.ImageDownload"/>
  <testcase name="imageDownload" time="0.001" classname="com.ptpl.ems.ImageDownload"/>
  <testcase name="imageDownload" time="0.001" classname="com.ptpl.ems.ImageDownload"/>
  <testcase name="imageDownload" time="0.000" classname="com.ptpl.ems.ImageDownload"/>
  <testcase name="imageDownload" time="0.001" classname="com.ptpl.ems.ImageDownload"/>
  <testcase name="imageDownload" time="0.001" classname="com.ptpl.ems.ImageDownload"/>
  <testcase name="imageDownload" time="0.000" classname="com.ptpl.ems.ImageDownload"/>
  <testcase name="imageDownload" time="0.000" classname="com.ptpl.ems.ImageDownload"/>
  <testcase name="imageDownload" time="0.000" classname="com.ptpl.ems.ImageDownload"/>
  <testcase name="imageDownload" time="0.000" classname="com.ptpl.ems.ImageDownload"/>
  <testcase name="imageDownload" time="0.000" classname="com.ptpl.ems.ImageDownload"/>
  <testcase name="imageDownload" time="0.000" classname="com.ptpl.ems.ImageDownload"/>
  <testcase name="imageDownload" time="0.001" classname="com.ptpl.ems.ImageDownload"/>
  <testcase name="imageDownload" time="0.000" classname="com.ptpl.ems.ImageDownload"/>
  <testcase name="imageDownload" time="0.001" classname="com.ptpl.ems.ImageDownload"/>
  <testcase name="imageDownload" time="0.000" classname="com.ptpl.ems.ImageDownload"/>
  <testcase name="imageDownload" time="0.000" classname="com.ptpl.ems.ImageDownload"/>
  <testcase name="imageDownload" time="0.000" classname="com.ptpl.ems.ImageDownload"/>
  <testcase name="imageDownload" time="0.000" classname="com.ptpl.ems.ImageDownload"/>
  <testcase name="imageDownload" time="0.000" classname="com.ptpl.ems.ImageDownload"/>
  <testcase name="imageDownload" time="0.000" classname="com.ptpl.ems.ImageDownload"/>
  <testcase name="imageDownload" time="0.001" classname="com.ptpl.ems.ImageDownload"/>
  <testcase name="imageDownload" time="0.001" classname="com.ptpl.ems.ImageDownload"/>
  <testcase name="imageDownload" time="0.000" classname="com.ptpl.ems.ImageDownload"/>
  <testcase name="imageDownload" time="0.000" classname="com.ptpl.ems.ImageDownload"/>
  <testcase name="imageDownload" time="0.001" classname="com.ptpl.ems.ImageDownload"/>
  <testcase name="imageDownload" time="0.000" classname="com.ptpl.ems.ImageDownload"/>
  <testcase name="imageDownload" time="0.000" classname="com.ptpl.ems.ImageDownload"/>
  <testcase name="imageDownload" time="0.001" classname="com.ptpl.ems.ImageDownload"/>
  <testcase name="imageDownload" time="0.000" classname="com.ptpl.ems.ImageDownload"/>
  <testcase name="imageDownload" time="0.000" classname="com.ptpl.ems.ImageDownload"/>
  <testcase name="imageDownload" time="0.002" classname="com.ptpl.ems.ImageDownload"/>
  <testcase name="imageDownload" time="0.000" classname="com.ptpl.ems.ImageDownload"/>
  <testcase name="imageDownload" time="0.000" classname="com.ptpl.ems.ImageDownload"/>
  <testcase name="imageDownload" time="0.000" classname="com.ptpl.ems.ImageDownload"/>
  <testcase name="imageDownload" time="0.001" classname="com.ptpl.ems.ImageDownload"/>
  <testcase name="imageDownload" time="0.000" classname="com.ptpl.ems.ImageDownload"/>
  <testcase name="imageDownload" time="0.000" classname="com.ptpl.ems.ImageDownload"/>
  <testcase name="imageDownload" time="0.001" classname="com.ptpl.ems.ImageDownload"/>
  <testcase name="imageDownload" time="0.001" classname="com.ptpl.ems.ImageDownload"/>
  <testcase name="imageDownload" time="0.001" classname="com.ptpl.ems.ImageDownload"/>
  <testcase name="imageDownload" time="0.000" classname="com.ptpl.ems.ImageDownload"/>
  <testcase name="imageDownload" time="0.001" classname="com.ptpl.ems.ImageDownload"/>
  <testcase name="imageDownload" time="0.000" classname="com.ptpl.ems.ImageDownload"/>
  <testcase name="imageDownload" time="0.000" classname="com.ptpl.ems.ImageDownload"/>
  <testcase name="imageDownload" time="0.000" classname="com.ptpl.ems.ImageDownload"/>
  <testcase name="imageDownload" time="0.005" classname="com.ptpl.ems.ImageDownload"/>
  <testcase name="imageDownload" time="0.000" classname="com.ptpl.ems.ImageDownload"/>
  <testcase name="imageDownload" time="0.000" classname="com.ptpl.ems.ImageDownload"/>
  <testcase name="imageDownload" time="0.001" classname="com.ptpl.ems.ImageDownload"/>
  <testcase name="imageDownload" time="0.000" classname="com.ptpl.ems.ImageDownload"/>
  <testcase name="imageDownload" time="0.000" classname="com.ptpl.ems.ImageDownload"/>
  <testcase name="imageDownload" time="0.000" classname="com.ptpl.ems.ImageDownload"/>
  <testcase name="imageDownload" time="0.000" classname="com.ptpl.ems.ImageDownload"/>
  <testcase name="imageDownload" time="0.000" classname="com.ptpl.ems.ImageDownload"/>
  <testcase name="imageDownload" time="0.000" classname="com.ptpl.ems.ImageDownload"/>
  <testcase name="imageDownload" time="0.007" classname="com.ptpl.ems.ImageDownload"/>
  <testcase name="imageDownload" time="0.001" classname="com.ptpl.ems.ImageDownload"/>
  <testcase name="imageDownload" time="0.001" classname="com.ptpl.ems.ImageDownload"/>
  <testcase name="imageDownload" time="0.000" classname="com.ptpl.ems.ImageDownload"/>
  <testcase name="imageDownload" time="0.000" classname="com.ptpl.ems.ImageDownload"/>
  <testcase name="imageDownload" time="0.000" classname="com.ptpl.ems.ImageDownload"/>
  <testcase name="imageDownload" time="0.001" classname="com.ptpl.ems.ImageDownload"/>
  <testcase name="imageDownload" time="0.001" classname="com.ptpl.ems.ImageDownload"/>
  <testcase name="imageDownload" time="0.001" classname="com.ptpl.ems.ImageDownload"/>
  <testcase name="imageDownload" time="0.000" classname="com.ptpl.ems.ImageDownload"/>
  <testcase name="imageDownload" time="0.001" classname="com.ptpl.ems.ImageDownload"/>
  <testcase name="imageDownload" time="0.000" classname="com.ptpl.ems.ImageDownload"/>
  <testcase name="imageDownload" time="0.001" classname="com.ptpl.ems.ImageDownload"/>
  <testcase name="imageDownload" time="0.000" classname="com.ptpl.ems.ImageDownload"/>
  <testcase name="imageDownload" time="0.000" classname="com.ptpl.ems.ImageDownload"/>
  <testcase name="imageDownload" time="0.001" classname="com.ptpl.ems.ImageDownload"/>
  <testcase name="imageDownload" time="0.000" classname="com.ptpl.ems.ImageDownload"/>
  <testcase name="imageDownload" time="0.000" classname="com.ptpl.ems.ImageDownload"/>
  <testcase name="imageDownload" time="0.000" classname="com.ptpl.ems.ImageDownload"/>
  <testcase name="imageDownload" time="0.001" classname="com.ptpl.ems.ImageDownload"/>
  <testcase name="imageDownload" time="0.001" classname="com.ptpl.ems.ImageDownload"/>
  <testcase name="imageDownload" time="0.000" classname="com.ptpl.ems.ImageDownload"/>
  <testcase name="imageDownload" time="0.000" classname="com.ptpl.ems.ImageDownload"/>
  <testcase name="imageDownload" time="0.000" classname="com.ptpl.ems.ImageDownload"/>
  <testcase name="imageDownload" time="0.000" classname="com.ptpl.ems.ImageDownload"/>
  <testcase name="imageDownload" time="0.000" classname="com.ptpl.ems.ImageDownload"/>
  <testcase name="imageDownload" time="0.000" classname="com.ptpl.ems.ImageDownload"/>
  <testcase name="imageDownload" time="0.001" classname="com.ptpl.ems.ImageDownload"/>
  <testcase name="imageDownload" time="0.002" classname="com.ptpl.ems.ImageDownload"/>
  <testcase name="imageDownload" time="0.000" classname="com.ptpl.ems.ImageDownload"/>
  <testcase name="imageDownload" time="0.000" classname="com.ptpl.ems.ImageDownload"/>
  <testcase name="imageDownload" time="0.000" classname="com.ptpl.ems.ImageDownload"/>
  <testcase name="imageDownload" time="0.001" classname="com.ptpl.ems.ImageDownload"/>
  <testcase name="imageDownload" time="0.003" classname="com.ptpl.ems.ImageDownload"/>
  <testcase name="imageDownload" time="0.000" classname="com.ptpl.ems.ImageDownload"/>
  <testcase name="imageDownload" time="0.000" classname="com.ptpl.ems.ImageDownload"/>
  <testcase name="imageDownload" time="0.000" classname="com.ptpl.ems.ImageDownload"/>
  <testcase name="imageDownload" time="0.000" classname="com.ptpl.ems.ImageDownload"/>
  <testcase name="imageDownload" time="0.000" classname="com.ptpl.ems.ImageDownload"/>
  <testcase name="imageDownload" time="0.000" classname="com.ptpl.ems.ImageDownload"/>
  <testcase name="imageDownload" time="0.000" classname="com.ptpl.ems.ImageDownload"/>
  <testcase name="imageDownload" time="0.001" classname="com.ptpl.ems.ImageDownload"/>
  <testcase name="imageDownload" time="0.001" classname="com.ptpl.ems.ImageDownload"/>
  <testcase name="imageDownload" time="0.001" classname="com.ptpl.ems.ImageDownload"/>
  <testcase name="imageDownload" time="0.001" classname="com.ptpl.ems.ImageDownload"/>
  <testcase name="imageDownload" time="0.000" classname="com.ptpl.ems.ImageDownload"/>
  <testcase name="imageDownload" time="0.000" classname="com.ptpl.ems.ImageDownload"/>
  <testcase name="imageDownload" time="0.000" classname="com.ptpl.ems.ImageDownload"/>
  <testcase name="imageDownload" time="0.000" classname="com.ptpl.ems.ImageDownload"/>
  <testcase name="imageDownload" time="0.000" classname="com.ptpl.ems.ImageDownload"/>
  <testcase name="imageDownload" time="0.000" classname="com.ptpl.ems.ImageDownload"/>
  <testcase name="imageDownload" time="0.000" classname="com.ptpl.ems.ImageDownload"/>
  <testcase name="imageDownload" time="0.000" classname="com.ptpl.ems.ImageDownload"/>
  <testcase name="imageDownload" time="0.000" classname="com.ptpl.ems.ImageDownload"/>
  <testcase name="imageDownload" time="0.001" classname="com.ptpl.ems.ImageDownload"/>
  <testcase name="imageDownload" time="0.000" classname="com.ptpl.ems.ImageDownload"/>
  <testcase name="imageDownload" time="0.000" classname="com.ptpl.ems.ImageDownload"/>
  <testcase name="imageDownload" time="0.000" classname="com.ptpl.ems.ImageDownload"/>
  <testcase name="imageDownload" time="0.001" classname="com.ptpl.ems.ImageDownload"/>
  <testcase name="imageDownload" time="0.001" classname="com.ptpl.ems.ImageDownload"/>
  <testcase name="imageDownload" time="0.001" classname="com.ptpl.ems.ImageDownload"/>
  <testcase name="imageDownload" time="0.001" classname="com.ptpl.ems.ImageDownload"/>
  <testcase name="imageDownload" time="0.002" classname="com.ptpl.ems.ImageDownload"/>
  <testcase name="imageDownload" time="0.000" classname="com.ptpl.ems.ImageDownload"/>
  <testcase name="imageDownload" time="0.001" classname="com.ptpl.ems.ImageDownload"/>
  <testcase name="imageDownload" time="0.009" classname="com.ptpl.ems.ImageDownload"/>
  <testcase name="imageDownload" time="0.000" classname="com.ptpl.ems.ImageDownload"/>
  <testcase name="imageDownload" time="0.000" classname="com.ptpl.ems.ImageDownload"/>
  <testcase name="imageDownload" time="0.001" classname="com.ptpl.ems.ImageDownload"/>
  <testcase name="imageDownload" time="0.001" classname="com.ptpl.ems.ImageDownload"/>
  <testcase name="imageDownload" time="0.000" classname="com.ptpl.ems.ImageDownload"/>
  <testcase name="imageDownload" time="0.000" classname="com.ptpl.ems.ImageDownload"/>
  <testcase name="imageDownload" time="0.000" classname="com.ptpl.ems.ImageDownload"/>
  <testcase name="imageDownload" time="0.000" classname="com.ptpl.ems.ImageDownload"/>
  <testcase name="imageDownload" time="0.000" classname="com.ptpl.ems.ImageDownload"/>
  <testcase name="imageDownload" time="0.001" classname="com.ptpl.ems.ImageDownload"/>
  <testcase name="imageDownload" time="0.000" classname="com.ptpl.ems.ImageDownload"/>
  <testcase name="imageDownload" time="0.005" classname="com.ptpl.ems.ImageDownload"/>
  <testcase name="imageDownload" time="0.000" classname="com.ptpl.ems.ImageDownload"/>
  <testcase name="imageDownload" time="0.000" classname="com.ptpl.ems.ImageDownload"/>
  <testcase name="imageDownload" time="0.001" classname="com.ptpl.ems.ImageDownload"/>
  <testcase name="imageDownload" time="0.001" classname="com.ptpl.ems.ImageDownload"/>
  <testcase name="imageDownload" time="0.001" classname="com.ptpl.ems.ImageDownload"/>
  <testcase name="imageDownload" time="0.000" classname="com.ptpl.ems.ImageDownload"/>
  <testcase name="imageDownload" time="0.000" classname="com.ptpl.ems.ImageDownload"/>
  <testcase name="imageDownload" time="0.001" classname="com.ptpl.ems.ImageDownload"/>
  <testcase name="imageDownload" time="0.000" classname="com.ptpl.ems.ImageDownload"/>
  <testcase name="imageDownload" time="0.001" classname="com.ptpl.ems.ImageDownload"/>
  <testcase name="imageDownload" time="0.001" classname="com.ptpl.ems.ImageDownload"/>
  <testcase name="imageDownload" time="0.000" classname="com.ptpl.ems.ImageDownload"/>
  <testcase name="imageDownload" time="0.000" classname="com.ptpl.ems.ImageDownload"/>
  <testcase name="imageDownload" time="0.001" classname="com.ptpl.ems.ImageDownload"/>
  <testcase name="imageDownload" time="0.000" classname="com.ptpl.ems.ImageDownload"/>
  <testcase name="imageDownload" time="0.001" classname="com.ptpl.ems.ImageDownload"/>
  <testcase name="imageDownload" time="0.000" classname="com.ptpl.ems.ImageDownload"/>
  <testcase name="imageDownload" time="0.001" classname="com.ptpl.ems.ImageDownload"/>
  <testcase name="imageDownload" time="0.001" classname="com.ptpl.ems.ImageDownload"/>
  <testcase name="imageDownload" time="0.000" classname="com.ptpl.ems.ImageDownload"/>
  <testcase name="imageDownload" time="0.000" classname="com.ptpl.ems.ImageDownload"/>
  <testcase name="imageDownload" time="0.001" classname="com.ptpl.ems.ImageDownload"/>
  <testcase name="imageDownload" time="0.000" classname="com.ptpl.ems.ImageDownload"/>
  <testcase name="imageDownload" time="0.000" classname="com.ptpl.ems.ImageDownload"/>
  <testcase name="imageDownload" time="0.000" classname="com.ptpl.ems.ImageDownload"/>
  <testcase name="imageDownload" time="0.000" classname="com.ptpl.ems.ImageDownload"/>
  <testcase name="imageDownload" time="0.001" classname="com.ptpl.ems.ImageDownload"/>
  <testcase name="imageDownload" time="0.000" classname="com.ptpl.ems.ImageDownload"/>
  <testcase name="imageDownload" time="0.000" classname="com.ptpl.ems.ImageDownload"/>
  <testcase name="imageDownload" time="0.002" classname="com.ptpl.ems.ImageDownload"/>
  <testcase name="imageDownload" time="0.000" classname="com.ptpl.ems.ImageDownload"/>
  <testcase name="imageDownload" time="0.001" classname="com.ptpl.ems.ImageDownload"/>
  <testcase name="imageDownload" time="0.004" classname="com.ptpl.ems.ImageDownload"/>
  <testcase name="imageDownload" time="0.000" classname="com.ptpl.ems.ImageDownload"/>
  <testcase name="imageDownload" time="0.000" classname="com.ptpl.ems.ImageDownload"/>
  <testcase name="imageDownload" time="0.001" classname="com.ptpl.ems.ImageDownload"/>
  <testcase name="imageDownload" time="0.001" classname="com.ptpl.ems.ImageDownload"/>
  <testcase name="imageDownload" time="0.001" classname="com.ptpl.ems.ImageDownload"/>
  <testcase name="imageDownload" time="0.000" classname="com.ptpl.ems.ImageDownload"/>
  <testcase name="imageDownload" time="0.002" classname="com.ptpl.ems.ImageDownload"/>
  <testcase name="imageDownload" time="0.000" classname="com.ptpl.ems.ImageDownload"/>
  <testcase name="imageDownload" time="0.002" classname="com.ptpl.ems.ImageDownload"/>
  <testcase name="imageDownload" time="0.001" classname="com.ptpl.ems.ImageDownload"/>
  <testcase name="imageDownload" time="0.000" classname="com.ptpl.ems.ImageDownload"/>
  <testcase name="imageDownload" time="0.002" classname="com.ptpl.ems.ImageDownload"/>
  <testcase name="imageDownload" time="0.000" classname="com.ptpl.ems.ImageDownload"/>
  <testcase name="imageDownload" time="0.000" classname="com.ptpl.ems.ImageDownload"/>
  <testcase name="imageDownload" time="0.001" classname="com.ptpl.ems.ImageDownload"/>
  <testcase name="imageDownload" time="0.000" classname="com.ptpl.ems.ImageDownload"/>
  <testcase name="imageDownload" time="0.000" classname="com.ptpl.ems.ImageDownload"/>
  <testcase name="imageDownload" time="0.000" classname="com.ptpl.ems.ImageDownload"/>
  <testcase name="imageDownload" time="0.000" classname="com.ptpl.ems.ImageDownload"/>
  <testcase name="imageDownload" time="0.001" classname="com.ptpl.ems.ImageDownload"/>
  <testcase name="imageDownload" time="0.000" classname="com.ptpl.ems.ImageDownload"/>
  <testcase name="imageDownload" time="0.000" classname="com.ptpl.ems.ImageDownload"/>
  <testcase name="imageDownload" time="0.000" classname="com.ptpl.ems.ImageDownload"/>
  <testcase name="imageDownload" time="0.000" classname="com.ptpl.ems.ImageDownload"/>
  <testcase name="imageDownload" time="0.000" classname="com.ptpl.ems.ImageDownload"/>
  <testcase name="imageDownload" time="0.000" classname="com.ptpl.ems.ImageDownload"/>
  <testcase name="imageDownload" time="0.000" classname="com.ptpl.ems.ImageDownload"/>
  <testcase name="imageDownload" time="0.000" classname="com.ptpl.ems.ImageDownload"/>
  <testcase name="imageDownload" time="0.001" classname="com.ptpl.ems.ImageDownload"/>
  <testcase name="imageDownload" time="0.003" classname="com.ptpl.ems.ImageDownload"/>
  <testcase name="imageDownload" time="0.000" classname="com.ptpl.ems.ImageDownload"/>
  <testcase name="imageDownload" time="0.000" classname="com.ptpl.ems.ImageDownload"/>
  <testcase name="imageDownload" time="0.001" classname="com.ptpl.ems.ImageDownload"/>
  <testcase name="imageDownload" time="0.000" classname="com.ptpl.ems.ImageDownload"/>
  <testcase name="imageDownload" time="0.001" classname="com.ptpl.ems.ImageDownload"/>
  <testcase name="imageDownload" time="0.000" classname="com.ptpl.ems.ImageDownload"/>
  <testcase name="imageDownload" time="0.009" classname="com.ptpl.ems.ImageDownload"/>
  <testcase name="imageDownload" time="0.000" classname="com.ptpl.ems.ImageDownload"/>
  <testcase name="imageDownload" time="0.001" classname="com.ptpl.ems.ImageDownload"/>
  <testcase name="imageDownload" time="0.000" classname="com.ptpl.ems.ImageDownload"/>
  <testcase name="imageDownload" time="0.000" classname="com.ptpl.ems.ImageDownload"/>
  <testcase name="imageDownload" time="0.000" classname="com.ptpl.ems.ImageDownload"/>
  <testcase name="imageDownload" time="0.001" classname="com.ptpl.ems.ImageDownload"/>
  <testcase name="imageDownload" time="0.001" classname="com.ptpl.ems.ImageDownload"/>
  <testcase name="imageDownload" time="0.000" classname="com.ptpl.ems.ImageDownload"/>
  <testcase name="imageDownload" time="0.000" classname="com.ptpl.ems.ImageDownload"/>
  <testcase name="imageDownload" time="0.001" classname="com.ptpl.ems.ImageDownload"/>
  <testcase name="imageDownload" time="0.001" classname="com.ptpl.ems.ImageDownload"/>
  <testcase name="imageDownload" time="0.001" classname="com.ptpl.ems.ImageDownload"/>
  <testcase name="imageDownload" time="0.000" classname="com.ptpl.ems.ImageDownload"/>
  <testcase name="imageDownload" time="0.000" classname="com.ptpl.ems.ImageDownload"/>
  <testcase name="imageDownload" time="0.000" classname="com.ptpl.ems.ImageDownload"/>
  <testcase name="imageDownload" time="0.001" classname="com.ptpl.ems.ImageDownload"/>
  <testcase name="imageDownload" time="0.000" classname="com.ptpl.ems.ImageDownload"/>
  <testcase name="imageDownload" time="0.002" classname="com.ptpl.ems.ImageDownload"/>
  <testcase name="imageDownload" time="0.000" classname="com.ptpl.ems.ImageDownload"/>
  <testcase name="imageDownload" time="0.001" classname="com.ptpl.ems.ImageDownload"/>
  <testcase name="imageDownload" time="0.001" classname="com.ptpl.ems.ImageDownload"/>
  <testcase name="imageDownload" time="0.001" classname="com.ptpl.ems.ImageDownload"/>
  <testcase name="imageDownload" time="0.001" classname="com.ptpl.ems.ImageDownload"/>
  <testcase name="imageDownload" time="0.000" classname="com.ptpl.ems.ImageDownload"/>
  <testcase name="imageDownload" time="0.001" classname="com.ptpl.ems.ImageDownload"/>
  <testcase name="imageDownload" time="0.000" classname="com.ptpl.ems.ImageDownload"/>
  <testcase name="imageDownload" time="0.000" classname="com.ptpl.ems.ImageDownload"/>
  <testcase name="imageDownload" time="0.000" classname="com.ptpl.ems.ImageDownload"/>
  <testcase name="imageDownload" time="0.000" classname="com.ptpl.ems.ImageDownload"/>
  <testcase name="imageDownload" time="0.000" classname="com.ptpl.ems.ImageDownload"/>
  <testcase name="imageDownload" time="0.000" classname="com.ptpl.ems.ImageDownload"/>
  <testcase name="imageDownload" time="0.000" classname="com.ptpl.ems.ImageDownload"/>
  <testcase name="imageDownload" time="0.000" classname="com.ptpl.ems.ImageDownload"/>
  <testcase name="imageDownload" time="0.001" classname="com.ptpl.ems.ImageDownload"/>
  <testcase name="imageDownload" time="0.000" classname="com.ptpl.ems.ImageDownload"/>
  <testcase name="imageDownload" time="0.000" classname="com.ptpl.ems.ImageDownload"/>
  <testcase name="imageDownload" time="0.000" classname="com.ptpl.ems.ImageDownload"/>
  <testcase name="imageDownload" time="0.000" classname="com.ptpl.ems.ImageDownload"/>
  <testcase name="imageDownload" time="0.001" classname="com.ptpl.ems.ImageDownload"/>
  <testcase name="imageDownload" time="0.000" classname="com.ptpl.ems.ImageDownload"/>
  <testcase name="imageDownload" time="0.000" classname="com.ptpl.ems.ImageDownload"/>
  <testcase name="imageDownload" time="0.000" classname="com.ptpl.ems.ImageDownload"/>
  <testcase name="imageDownload" time="0.000" classname="com.ptpl.ems.ImageDownload"/>
  <testcase name="imageDownload" time="0.000" classname="com.ptpl.ems.ImageDownload"/>
  <testcase name="imageDownload" time="0.000" classname="com.ptpl.ems.ImageDownload"/>
  <testcase name="imageDownload" time="0.000" classname="com.ptpl.ems.ImageDownload"/>
  <testcase name="imageDownload" time="0.001" classname="com.ptpl.ems.ImageDownload"/>
  <testcase name="imageDownload" time="0.001" classname="com.ptpl.ems.ImageDownload"/>
  <testcase name="imageDownload" time="0.000" classname="com.ptpl.ems.ImageDownload"/>
  <testcase name="imageDownload" time="0.001" classname="com.ptpl.ems.ImageDownload"/>
  <testcase name="imageDownload" time="0.000" classname="com.ptpl.ems.ImageDownload"/>
  <testcase name="imageDownload" time="0.001" classname="com.ptpl.ems.ImageDownload"/>
  <testcase name="imageDownload" time="0.000" classname="com.ptpl.ems.ImageDownload"/>
  <testcase name="imageDownload" time="0.002" classname="com.ptpl.ems.ImageDownload"/>
  <testcase name="imageDownload" time="0.000" classname="com.ptpl.ems.ImageDownload"/>
  <testcase name="imageDownload" time="0.001" classname="com.ptpl.ems.ImageDownload"/>
  <testcase name="imageDownload" time="0.001" classname="com.ptpl.ems.ImageDownload"/>
  <testcase name="imageDownload" time="0.000" classname="com.ptpl.ems.ImageDownload"/>
  <testcase name="imageDownload" time="0.000" classname="com.ptpl.ems.ImageDownload"/>
  <testcase name="imageDownload" time="0.000" classname="com.ptpl.ems.ImageDownload"/>
  <testcase name="imageDownload" time="0.000" classname="com.ptpl.ems.ImageDownload"/>
  <testcase name="imageDownload" time="0.000" classname="com.ptpl.ems.ImageDownload"/>
  <testcase name="imageDownload" time="0.005" classname="com.ptpl.ems.ImageDownload"/>
  <testcase name="imageDownload" time="0.000" classname="com.ptpl.ems.ImageDownload"/>
  <testcase name="imageDownload" time="0.000" classname="com.ptpl.ems.ImageDownload"/>
  <testcase name="imageDownload" time="0.001" classname="com.ptpl.ems.ImageDownload"/>
  <testcase name="imageDownload" time="0.000" classname="com.ptpl.ems.ImageDownload"/>
  <testcase name="imageDownload" time="0.000" classname="com.ptpl.ems.ImageDownload"/>
  <testcase name="imageDownload" time="0.000" classname="com.ptpl.ems.ImageDownload"/>
  <testcase name="imageDownload" time="0.000" classname="com.ptpl.ems.ImageDownload"/>
  <testcase name="imageDownload" time="0.000" classname="com.ptpl.ems.ImageDownload"/>
  <testcase name="imageDownload" time="0.001" classname="com.ptpl.ems.ImageDownload"/>
  <testcase name="imageDownload" time="0.000" classname="com.ptpl.ems.ImageDownload"/>
  <testcase name="imageDownload" time="0.000" classname="com.ptpl.ems.ImageDownload"/>
  <testcase name="imageDownload" time="0.000" classname="com.ptpl.ems.ImageDownload"/>
  <testcase name="imageDownload" time="0.000" classname="com.ptpl.ems.ImageDownload"/>
  <testcase name="imageDownload" time="0.000" classname="com.ptpl.ems.ImageDownload"/>
  <testcase name="imageDownload" time="0.000" classname="com.ptpl.ems.ImageDownload"/>
  <testcase name="imageDownload" time="0.000" classname="com.ptpl.ems.ImageDownload"/>
  <testcase name="imageDownload" time="0.000" classname="com.ptpl.ems.ImageDownload"/>
  <testcase name="imageDownload" time="0.000" classname="com.ptpl.ems.ImageDownload"/>
  <testcase name="imageDownload" time="0.000" classname="com.ptpl.ems.ImageDownload"/>
  <testcase name="imageDownload" time="0.001" classname="com.ptpl.ems.ImageDownload"/>
  <testcase name="imageDownload" time="0.000" classname="com.ptpl.ems.ImageDownload"/>
  <testcase name="imageDownload" time="0.000" classname="com.ptpl.ems.ImageDownload"/>
  <testcase name="imageDownload" time="0.000" classname="com.ptpl.ems.ImageDownload"/>
  <testcase name="imageDownload" time="0.000" classname="com.ptpl.ems.ImageDownload"/>
  <testcase name="imageDownload" time="0.001" classname="com.ptpl.ems.ImageDownload"/>
  <testcase name="imageDownload" time="0.000" classname="com.ptpl.ems.ImageDownload"/>
  <testcase name="imageDownload" time="0.001" classname="com.ptpl.ems.ImageDownload"/>
  <testcase name="imageDownload" time="0.000" classname="com.ptpl.ems.ImageDownload"/>
  <testcase name="imageDownload" time="0.002" classname="com.ptpl.ems.ImageDownload"/>
  <testcase name="imageDownload" time="0.000" classname="com.ptpl.ems.ImageDownload"/>
  <testcase name="imageDownload" time="0.001" classname="com.ptpl.ems.ImageDownload"/>
  <testcase name="imageDownload" time="0.001" classname="com.ptpl.ems.ImageDownload"/>
  <testcase name="imageDownload" time="0.000" classname="com.ptpl.ems.ImageDownload"/>
  <testcase name="imageDownload" time="0.001" classname="com.ptpl.ems.ImageDownload"/>
  <testcase name="imageDownload" time="0.001" classname="com.ptpl.ems.ImageDownload"/>
  <testcase name="imageDownload" time="0.000" classname="com.ptpl.ems.ImageDownload"/>
  <testcase name="imageDownload" time="0.002" classname="com.ptpl.ems.ImageDownload"/>
  <testcase name="imageDownload" time="0.001" classname="com.ptpl.ems.ImageDownload"/>
  <testcase name="imageDownload" time="0.001" classname="com.ptpl.ems.ImageDownload"/>
  <testcase name="imageDownload" time="0.000" classname="com.ptpl.ems.ImageDownload"/>
  <testcase name="imageDownload" time="0.001" classname="com.ptpl.ems.ImageDownload"/>
  <testcase name="imageDownload" time="0.000" classname="com.ptpl.ems.ImageDownload"/>
  <testcase name="imageDownload" time="0.001" classname="com.ptpl.ems.ImageDownload"/>
  <testcase name="imageDownload" time="0.000" classname="com.ptpl.ems.ImageDownload"/>
  <testcase name="imageDownload" time="0.003" classname="com.ptpl.ems.ImageDownload"/>
  <testcase name="imageDownload" time="0.000" classname="com.ptpl.ems.ImageDownload"/>
  <testcase name="imageDownload" time="0.001" classname="com.ptpl.ems.ImageDownload"/>
  <testcase name="imageDownload" time="0.001" classname="com.ptpl.ems.ImageDownload"/>
  <testcase name="imageDownload" time="0.000" classname="com.ptpl.ems.ImageDownload"/>
  <testcase name="imageDownload" time="0.000" classname="com.ptpl.ems.ImageDownload"/>
  <testcase name="imageDownload" time="0.000" classname="com.ptpl.ems.ImageDownload"/>
  <testcase name="imageDownload" time="0.002" classname="com.ptpl.ems.ImageDownload"/>
  <testcase name="imageDownload" time="0.000" classname="com.ptpl.ems.ImageDownload"/>
  <testcase name="imageDownload" time="0.000" classname="com.ptpl.ems.ImageDownload"/>
  <testcase name="imageDownload" time="0.000" classname="com.ptpl.ems.ImageDownload"/>
  <testcase name="imageDownload" time="0.000" classname="com.ptpl.ems.ImageDownload"/>
  <testcase name="imageDownload" time="0.001" classname="com.ptpl.ems.ImageDownload"/>
  <testcase name="imageDownload" time="0.000" classname="com.ptpl.ems.ImageDownload"/>
  <testcase name="imageDownload" time="0.001" classname="com.ptpl.ems.ImageDownload"/>
  <testcase name="imageDownload" time="0.000" classname="com.ptpl.ems.ImageDownload"/>
  <testcase name="imageDownload" time="0.001" classname="com.ptpl.ems.ImageDownload"/>
  <testcase name="imageDownload" time="0.001" classname="com.ptpl.ems.ImageDownload"/>
  <testcase name="imageDownload" time="0.000" classname="com.ptpl.ems.ImageDownload"/>
  <testcase name="imageDownload" time="0.000" classname="com.ptpl.ems.ImageDownload"/>
  <testcase name="imageDownload" time="0.000" classname="com.ptpl.ems.ImageDownload"/>
  <testcase name="imageDownload" time="0.000" classname="com.ptpl.ems.ImageDownload"/>
  <testcase name="imageDownload" time="0.000" classname="com.ptpl.ems.ImageDownload"/>
  <testcase name="imageDownload" time="0.001" classname="com.ptpl.ems.ImageDownload"/>
  <testcase name="imageDownload" time="0.000" classname="com.ptpl.ems.ImageDownload"/>
  <testcase name="imageDownload" time="0.000" classname="com.ptpl.ems.ImageDownload"/>
  <testcase name="imageDownload" time="0.001" classname="com.ptpl.ems.ImageDownload"/>
  <testcase name="imageDownload" time="0.001" classname="com.ptpl.ems.ImageDownload"/>
  <testcase name="imageDownload" time="0.001" classname="com.ptpl.ems.ImageDownload"/>
  <testcase name="imageDownload" time="0.000" classname="com.ptpl.ems.ImageDownload"/>
  <testcase name="imageDownload" time="0.002" classname="com.ptpl.ems.ImageDownload"/>
  <testcase name="imageDownload" time="0.001" classname="com.ptpl.ems.ImageDownload"/>
  <testcase name="imageDownload" time="0.003" classname="com.ptpl.ems.ImageDownload"/>
  <testcase name="imageDownload" time="0.000" classname="com.ptpl.ems.ImageDownload"/>
  <testcase name="imageDownload" time="0.000" classname="com.ptpl.ems.ImageDownload"/>
  <testcase name="imageDownload" time="0.001" classname="com.ptpl.ems.ImageDownload"/>
  <testcase name="imageDownload" time="0.000" classname="com.ptpl.ems.ImageDownload"/>
  <testcase name="imageDownload" time="0.000" classname="com.ptpl.ems.ImageDownload"/>
  <testcase name="imageDownload" time="0.003" classname="com.ptpl.ems.ImageDownload"/>
  <testcase name="imageDownload" time="0.001" classname="com.ptpl.ems.ImageDownload"/>
  <testcase name="imageDownload" time="0.000" classname="com.ptpl.ems.ImageDownload"/>
  <testcase name="imageDownload" time="0.005" classname="com.ptpl.ems.ImageDownload"/>
  <testcase name="imageDownload" time="0.001" classname="com.ptpl.ems.ImageDownload"/>
  <testcase name="imageDownload" time="0.001" classname="com.ptpl.ems.ImageDownload"/>
  <testcase name="imageDownload" time="0.000" classname="com.ptpl.ems.ImageDownload"/>
  <testcase name="imageDownload" time="0.000" classname="com.ptpl.ems.ImageDownload"/>
  <testcase name="imageDownload" time="0.000" classname="com.ptpl.ems.ImageDownload"/>
  <testcase name="imageDownload" time="0.001" classname="com.ptpl.ems.ImageDownload"/>
  <testcase name="imageDownload" time="0.001" classname="com.ptpl.ems.ImageDownload"/>
  <testcase name="imageDownload" time="0.002" classname="com.ptpl.ems.ImageDownload"/>
  <testcase name="imageDownload" time="0.000" classname="com.ptpl.ems.ImageDownload"/>
  <testcase name="imageDownload" time="0.000" classname="com.ptpl.ems.ImageDownload"/>
  <testcase name="imageDownload" time="0.000" classname="com.ptpl.ems.ImageDownload"/>
  <testcase name="imageDownload" time="0.001" classname="com.ptpl.ems.ImageDownload"/>
  <testcase name="imageDownload" time="0.000" classname="com.ptpl.ems.ImageDownload"/>
  <testcase name="imageDownload" time="0.003" classname="com.ptpl.ems.ImageDownload"/>
  <testcase name="imageDownload" time="0.000" classname="com.ptpl.ems.ImageDownload"/>
  <testcase name="imageDownload" time="0.001" classname="com.ptpl.ems.ImageDownload"/>
  <testcase name="imageDownload" time="0.000" classname="com.ptpl.ems.ImageDownload"/>
  <testcase name="imageDownload" time="0.000" classname="com.ptpl.ems.ImageDownload"/>
  <testcase name="imageDownload" time="0.000" classname="com.ptpl.ems.ImageDownload"/>
  <testcase name="imageDownload" time="0.002" classname="com.ptpl.ems.ImageDownload"/>
  <testcase name="imageDownload" time="0.000" classname="com.ptpl.ems.ImageDownload"/>
  <testcase name="imageDownload" time="0.000" classname="com.ptpl.ems.ImageDownload"/>
  <testcase name="imageDownload" time="0.000" classname="com.ptpl.ems.ImageDownload"/>
  <testcase name="imageDownload" time="0.001" classname="com.ptpl.ems.ImageDownload"/>
  <testcase name="imageDownload" time="0.001" classname="com.ptpl.ems.ImageDownload"/>
  <testcase name="imageDownload" time="0.000" classname="com.ptpl.ems.ImageDownload"/>
  <testcase name="imageDownload" time="0.001" classname="com.ptpl.ems.ImageDownload"/>
  <testcase name="imageDownload" time="0.002" classname="com.ptpl.ems.ImageDownload"/>
  <testcase name="imageDownload" time="0.000" classname="com.ptpl.ems.ImageDownload"/>
  <testcase name="imageDownload" time="0.000" classname="com.ptpl.ems.ImageDownload"/>
  <testcase name="imageDownload" time="0.000" classname="com.ptpl.ems.ImageDownload"/>
  <testcase name="imageDownload" time="0.000" classname="com.ptpl.ems.ImageDownload"/>
  <testcase name="imageDownload" time="0.000" classname="com.ptpl.ems.ImageDownload"/>
  <testcase name="imageDownload" time="0.000" classname="com.ptpl.ems.ImageDownload"/>
  <testcase name="imageDownload" time="0.006" classname="com.ptpl.ems.ImageDownload"/>
  <testcase name="imageDownload" time="0.000" classname="com.ptpl.ems.ImageDownload"/>
  <testcase name="imageDownload" time="0.001" classname="com.ptpl.ems.ImageDownload"/>
  <testcase name="imageDownload" time="0.001" classname="com.ptpl.ems.ImageDownload"/>
  <testcase name="imageDownload" time="0.000" classname="com.ptpl.ems.ImageDownload"/>
  <testcase name="imageDownload" time="0.000" classname="com.ptpl.ems.ImageDownload"/>
  <testcase name="imageDownload" time="0.001" classname="com.ptpl.ems.ImageDownload"/>
  <testcase name="imageDownload" time="0.001" classname="com.ptpl.ems.ImageDownload"/>
  <testcase name="imageDownload" time="0.000" classname="com.ptpl.ems.ImageDownload"/>
  <testcase name="imageDownload" time="0.002" classname="com.ptpl.ems.ImageDownload"/>
  <testcase name="imageDownload" time="0.001" classname="com.ptpl.ems.ImageDownload"/>
  <testcase name="imageDownload" time="0.001" classname="com.ptpl.ems.ImageDownload"/>
  <testcase name="imageDownload" time="0.000" classname="com.ptpl.ems.ImageDownload"/>
  <testcase name="imageDownload" time="0.000" classname="com.ptpl.ems.ImageDownload"/>
  <testcase name="imageDownload" time="0.001" classname="com.ptpl.ems.ImageDownload"/>
  <testcase name="imageDownload" time="0.000" classname="com.ptpl.ems.ImageDownload"/>
  <testcase name="imageDownload" time="0.000" classname="com.ptpl.ems.ImageDownload"/>
  <testcase name="imageDownload" time="0.000" classname="com.ptpl.ems.ImageDownload"/>
  <testcase name="imageDownload" time="0.000" classname="com.ptpl.ems.ImageDownload"/>
  <testcase name="imageDownload" time="0.001" classname="com.ptpl.ems.ImageDownload"/>
  <testcase name="imageDownload" time="0.000" classname="com.ptpl.ems.ImageDownload"/>
  <testcase name="imageDownload" time="0.000" classname="com.ptpl.ems.ImageDownload"/>
  <testcase name="imageDownload" time="0.001" classname="com.ptpl.ems.ImageDownload"/>
  <testcase name="imageDownload" time="0.001" classname="com.ptpl.ems.ImageDownload"/>
  <testcase name="imageDownload" time="0.000" classname="com.ptpl.ems.ImageDownload"/>
  <testcase name="imageDownload" time="0.000" classname="com.ptpl.ems.ImageDownload"/>
  <testcase name="imageDownload" time="0.004" classname="com.ptpl.ems.ImageDownload"/>
  <testcase name="imageDownload" time="0.001" classname="com.ptpl.ems.ImageDownload"/>
  <testcase name="imageDownload" time="0.001" classname="com.ptpl.ems.ImageDownload"/>
  <testcase name="imageDownload" time="0.001" classname="com.ptpl.ems.ImageDownload"/>
  <testcase name="imageDownload" time="0.001" classname="com.ptpl.ems.ImageDownload"/>
  <testcase name="imageDownload" time="0.000" classname="com.ptpl.ems.ImageDownload"/>
  <testcase name="imageDownload" time="0.000" classname="com.ptpl.ems.ImageDownload"/>
  <testcase name="imageDownload" time="0.000" classname="com.ptpl.ems.ImageDownload"/>
  <testcase name="imageDownload" time="0.001" classname="com.ptpl.ems.ImageDownload"/>
  <testcase name="imageDownload" time="0.000" classname="com.ptpl.ems.ImageDownload"/>
  <testcase name="imageDownload" time="0.001" classname="com.ptpl.ems.ImageDownload"/>
  <testcase name="imageDownload" time="0.000" classname="com.ptpl.ems.ImageDownload"/>
  <testcase name="imageDownload" time="0.000" classname="com.ptpl.ems.ImageDownload"/>
  <testcase name="imageDownload" time="0.000" classname="com.ptpl.ems.ImageDownload"/>
  <testcase name="imageDownload" time="0.001" classname="com.ptpl.ems.ImageDownload"/>
  <testcase name="imageDownload" time="0.000" classname="com.ptpl.ems.ImageDownload"/>
  <testcase name="imageDownload" time="0.001" classname="com.ptpl.ems.ImageDownload"/>
  <testcase name="imageDownload" time="0.000" classname="com.ptpl.ems.ImageDownload"/>
  <testcase name="imageDownload" time="0.001" classname="com.ptpl.ems.ImageDownload"/>
  <testcase name="imageDownload" time="0.000" classname="com.ptpl.ems.ImageDownload"/>
  <testcase name="imageDownload" time="0.000" classname="com.ptpl.ems.ImageDownload"/>
  <testcase name="imageDownload" time="0.001" classname="com.ptpl.ems.ImageDownload"/>
  <testcase name="imageDownload" time="0.001" classname="com.ptpl.ems.ImageDownload"/>
  <testcase name="imageDownload" time="0.000" classname="com.ptpl.ems.ImageDownload"/>
  <testcase name="imageDownload" time="0.000" classname="com.ptpl.ems.ImageDownload"/>
[...]
  <testcase name="imageDownload" time="0.000" classname="com.ptpl.ems.ImageDownload"/>
  <testcase name="imageDownload" time="0.000" classname="com.ptpl.ems.ImageDownload"/>
  <testcase name="imageDownload" time="0.000" classname="com.ptpl.ems.ImageDownload"/>
  <testcase name="imageDownload" time="0.002" classname="com.ptpl.ems.ImageDownload"/>
  <testcase name="imageDownload" time="0.001" classname="com.ptpl.ems.ImageDownload"/>
  <testcase name="imageDownload" time="0.000" classname="com.ptpl.ems.ImageDownload"/>
  <testcase name="imageDownload" time="0.000" classname="com.ptpl.ems.ImageDownload"/>
  <testcase name="imageDownload" time="0.000" classname="com.ptpl.ems.ImageDownload"/>
  <testcase name="imageDownload" time="0.001" classname="com.ptpl.ems.ImageDownload"/>
  <testcase name="imageDownload" time="0.000" classname="com.ptpl.ems.ImageDownload"/>
  <testcase name="imageDownload" time="0.001" classname="com.ptpl.ems.ImageDownload"/>
  <testcase name="imageDownload" time="0.000" classname="com.ptpl.ems.ImageDownload"/>
  <testcase name="imageDownload" time="0.000" classname="com.ptpl.ems.ImageDownload"/>
  <testcase name="imageDownload" time="0.000" classname="com.ptpl.ems.ImageDownload"/>
  <testcase name="imageDownload" time="0.001" classname="com.ptpl.ems.ImageDownload"/>
  <testcase name="imageDownload" time="0.003" classname="com.ptpl.ems.ImageDownload"/>
  <testcase name="imageDownload" time="0.001" classname="com.ptpl.ems.ImageDownload"/>
  <testcase name="imageDownload" time="0.000" classname="com.ptpl.ems.ImageDownload"/>
  <testcase name="imageDownload" time="0.000" classname="com.ptpl.ems.ImageDownload"/>
  <testcase name="imageDownload" time="0.000" classname="com.ptpl.ems.ImageDownload"/>
  <testcase name="imageDownload" time="0.001" classname="com.ptpl.ems.ImageDownload"/>
  <testcase name="imageDownload" time="0.001" classname="com.ptpl.ems.ImageDownload"/>
  <testcase name="imageDownload" time="0.000" classname="com.ptpl.ems.ImageDownload"/>
  <testcase name="imageDownload" time="0.001" classname="com.ptpl.ems.ImageDownload"/>
  <testcase name="imageDownload" time="0.000" classname="com.ptpl.ems.ImageDownload"/>
  <testcase name="imageDownload" time="0.001" classname="com.ptpl.ems.ImageDownload"/>
  <testcase name="imageDownload" time="0.000" classname="com.ptpl.ems.ImageDownload"/>
  <testcase name="imageDownload" time="0.000" classname="com.ptpl.ems.ImageDownload"/>
  <testcase name="imageDownload" time="0.000" classname="com.ptpl.ems.ImageDownload"/>
  <testcase name="imageDownload" time="0.000" classname="com.ptpl.ems.ImageDownload"/>
  <testcase name="imageDownload" time="0.000" classname="com.ptpl.ems.ImageDownload"/>
  <testcase name="imageDownload" time="0.001" classname="com.ptpl.ems.ImageDownload"/>
  <testcase name="imageDownload" time="0.000" classname="com.ptpl.ems.ImageDownload"/>
  <testcase name="imageDownload" time="0.001" classname="com.ptpl.ems.ImageDownload"/>
  <testcase name="imageDownload" time="0.002" classname="com.ptpl.ems.ImageDownload"/>
  <testcase name="imageDownload" time="0.001" classname="com.ptpl.ems.ImageDownload"/>
  <testcase name="imageDownload" time="0.001" classname="com.ptpl.ems.ImageDownload"/>
  <testcase name="imageDownload" time="0.001" classname="com.ptpl.ems.ImageDownload"/>
  <testcase name="imageDownload" time="0.000" classname="com.ptpl.ems.ImageDownload"/>
  <testcase name="imageDownload" time="0.000" classname="com.ptpl.ems.ImageDownload"/>
  <testcase name="imageDownload" time="0.000" classname="com.ptpl.ems.ImageDownload"/>
  <testcase name="imageDownload" time="0.001" classname="com.ptpl.ems.ImageDownload"/>
  <testcase name="imageDownload" time="0.001" classname="com.ptpl.ems.ImageDownload"/>
  <testcase name="imageDownload" time="0.000" classname="com.ptpl.ems.ImageDownload"/>
  <testcase name="imageDownload" time="0.001" classname="com.ptpl.ems.ImageDownload"/>
  <testcase name="imageDownload" time="0.000" classname="com.ptpl.ems.ImageDownload"/>
  <testcase name="imageDownload" time="0.001" classname="com.ptpl.ems.ImageDownload"/>
  <testcase name="imageDownload" time="0.000" classname="com.ptpl.ems.ImageDownload"/>
  <testcase name="imageDownload" time="0.000" classname="com.ptpl.ems.ImageDownload"/>
  <testcase name="imageDownload" time="0.000" classname="com.ptpl.ems.ImageDownload"/>
  <testcase name="imageDownload" time="0.000" classname="com.ptpl.ems.ImageDownload"/>
  <testcase name="imageDownload" time="0.000" classname="com.ptpl.ems.ImageDownload"/>
  <testcase name="imageDownload" time="0.000" classname="com.ptpl.ems.ImageDownload"/>
  <testcase name="imageDownload" time="0.001" classname="com.ptpl.ems.ImageDownload"/>
  <testcase name="imageDownload" time="0.000" classname="com.ptpl.ems.ImageDownload"/>
  <testcase name="imageDownload" time="0.000" classname="com.ptpl.ems.ImageDownload"/>
  <testcase name="imageDownload" time="0.002" classname="com.ptpl.ems.ImageDownload"/>
  <testcase name="imageDownload" time="0.001" classname="com.ptpl.ems.ImageDownload"/>
  <testcase name="imageDownload" time="0.000" classname="com.ptpl.ems.ImageDownload"/>
  <testcase name="imageDownload" time="0.000" classname="com.ptpl.ems.ImageDownload"/>
  <testcase name="imageDownload" time="0.000" classname="com.ptpl.ems.ImageDownload"/>
  <testcase name="imageDownload" time="0.000" classname="com.ptpl.ems.ImageDownload"/>
  <testcase name="imageDownload" time="0.001" classname="com.ptpl.ems.ImageDownload"/>
  <testcase name="imageDownload" time="0.001" classname="com.ptpl.ems.ImageDownload"/>
  <testcase name="imageDownload" time="0.002" classname="com.ptpl.ems.ImageDownload"/>
  <testcase name="imageDownload" time="0.000" classname="com.ptpl.ems.ImageDownload"/>
  <testcase name="imageDownload" time="0.001" classname="com.ptpl.ems.ImageDownload"/>
  <testcase name="imageDownload" time="0.000" classname="com.ptpl.ems.ImageDownload"/>
  <testcase name="imageDownload" time="0.000" classname="com.ptpl.ems.ImageDownload"/>
  <testcase name="imageDownload" time="0.009" classname="com.ptpl.ems.ImageDownload"/>
  <testcase name="imageDownload" time="0.000" classname="com.ptpl.ems.ImageDownload"/>
  <testcase name="imageDownload" time="0.001" classname="com.ptpl.ems.ImageDownload"/>
  <testcase name="imageDownload" time="0.001" classname="com.ptpl.ems.ImageDownload"/>
  <testcase name="imageDownload" time="0.001" classname="com.ptpl.ems.ImageDownload"/>
  <testcase name="imageDownload" time="0.001" classname="com.ptpl.ems.ImageDownload"/>
  <testcase name="imageDownload" time="0.000" classname="com.ptpl.ems.ImageDownload"/>
  <testcase name="imageDownload" time="0.001" classname="com.ptpl.ems.ImageDownload"/>
  <testcase name="imageDownload" time="0.001" classname="com.ptpl.ems.ImageDownload"/>
  <testcase name="imageDownload" time="0.000" classname="com.ptpl.ems.ImageDownload"/>
  <testcase name="imageDownload" time="0.000" classname="com.ptpl.ems.ImageDownload"/>
  <testcase name="imageDownload" time="0.000" classname="com.ptpl.ems.ImageDownload"/>
  <testcase name="imageDownload" time="0.001" classname="com.ptpl.ems.ImageDownload"/>
  <testcase name="imageDownload" time="0.001" classname="com.ptpl.ems.ImageDownload"/>
  <testcase name="imageDownload" time="0.000" classname="com.ptpl.ems.ImageDownload"/>
  <testcase name="imageDownload" time="0.001" classname="com.ptpl.ems.ImageDownload"/>
  <testcase name="imageDownload" time="0.021" classname="com.ptpl.ems.ImageDownload"/>
  <testcase name="imageDownload" time="0.001" classname="com.ptpl.ems.ImageDownload"/>
  <testcase name="imageDownload" time="0.001" classname="com.ptpl.ems.ImageDownload"/>
  <testcase name="imageDownload" time="0.001" classname="com.ptpl.ems.ImageDownload"/>
  <testcase name="imageDownload" time="0.001" classname="com.ptpl.ems.ImageDownload"/>
  <testcase name="imageDownload" time="0.000" classname="com.ptpl.ems.ImageDownload"/>
  <testcase name="imageDownload" time="0.001" classname="com.ptpl.ems.ImageDownload"/>
  <testcase name="imageDownload" time="0.002" classname="com.ptpl.ems.ImageDownload"/>
  <testcase name="imageDownload" time="0.001" classname="com.ptpl.ems.ImageDownload"/>
  <testcase name="imageDownload" time="0.000" classname="com.ptpl.ems.ImageDownload"/>
  <testcase name="imageDownload" time="0.001" classname="com.ptpl.ems.ImageDownload"/>
  <testcase name="imageDownload" time="0.000" classname="com.ptpl.ems.ImageDownload"/>
  <testcase name="imageDownload" time="0.001" classname="com.ptpl.ems.ImageDownload"/>
  <testcase name="imageDownload" time="0.000" classname="com.ptpl.ems.ImageDownload"/>
  <testcase name="imageDownload" time="0.007" classname="com.ptpl.ems.ImageDownload"/>
  <testcase name="imageDownload" time="0.001" classname="com.ptpl.ems.ImageDownload"/>
  <testcase name="imageDownload" time="0.001" classname="com.ptpl.ems.ImageDownload"/>
  <testcase name="imageDownload" time="0.001" classname="com.ptpl.ems.ImageDownload"/>
  <testcase name="imageDownload" time="0.001" classname="com.ptpl.ems.ImageDownload"/>
  <testcase name="imageDownload" time="0.000" classname="com.ptpl.ems.ImageDownload"/>
  <testcase name="imageDownload" time="0.000" classname="com.ptpl.ems.ImageDownload"/>
  <testcase name="imageDownload" time="0.000" classname="com.ptpl.ems.ImageDownload"/>
  <testcase name="imageDownload" time="0.001" classname="com.ptpl.ems.ImageDownload"/>
  <testcase name="imageDownload" time="0.000" classname="com.ptpl.ems.ImageDownload"/>
  <testcase name="imageDownload" time="0.001" classname="com.ptpl.ems.ImageDownload"/>
  <testcase name="imageDownload" time="0.000" classname="com.ptpl.ems.ImageDownload"/>
  <testcase name="imageDownload" time="0.001" classname="com.ptpl.ems.ImageDownload"/>
  <testcase name="imageDownload" time="0.000" classname="com.ptpl.ems.ImageDownload"/>
  <testcase name="imageDownload" time="0.001" classname="com.ptpl.ems.ImageDownload"/>
  <testcase name="imageDownload" time="0.000" classname="com.ptpl.ems.ImageDownload"/>
  <testcase name="imageDownload" time="0.000" classname="com.ptpl.ems.ImageDownload"/>
  <testcase name="imageDownload" time="0.000" classname="com.ptpl.ems.ImageDownload"/>
  <testcase name="imageDownload" time="0.001" classname="com.ptpl.ems.ImageDownload"/>
  <testcase name="imageDownload" time="0.000" classname="com.ptpl.ems.ImageDownload"/>
  <testcase name="imageDownload" time="0.002" classname="com.ptpl.ems.ImageDownload"/>
  <testcase name="imageDownload" time="0.001" classname="com.ptpl.ems.ImageDownload"/>
  <testcase name="imageDownload" time="0.000" classname="com.ptpl.ems.ImageDownload"/>
  <testcase name="imageDownload" time="0.000" classname="com.ptpl.ems.ImageDownload"/>
  <testcase name="imageDownload" time="0.000" classname="com.ptpl.ems.ImageDownload"/>
  <testcase name="imageDownload" time="0.001" classname="com.ptpl.ems.ImageDownload"/>
  <testcase name="imageDownload" time="0.000" classname="com.ptpl.ems.ImageDownload"/>
  <testcase name="imageDownload" time="0.001" classname="com.ptpl.ems.ImageDownload"/>
  <testcase name="imageDownload" time="0.002" classname="com.ptpl.ems.ImageDownload"/>
  <testcase name="imageDownload" time="0.001" classname="com.ptpl.ems.ImageDownload"/>
  <testcase name="imageDownload" time="0.001" classname="com.ptpl.ems.ImageDownload"/>
  <testcase name="imageDownload" time="0.001" classname="com.ptpl.ems.ImageDownload"/>
  <testcase name="imageDownload" time="0.001" classname="com.ptpl.ems.ImageDownload"/>
  <testcase name="imageDownload" time="0.001" classname="com.ptpl.ems.ImageDownload"/>
  <testcase name="imageDownload" time="0.001" classname="com.ptpl.ems.ImageDownload"/>
  <testcase name="imageDownload" time="0.000" classname="com.ptpl.ems.ImageDownload"/>
  <testcase name="imageDownload" time="0.000" classname="com.ptpl.ems.ImageDownload"/>
  <testcase name="imageDownload" time="0.005" classname="com.ptpl.ems.ImageDownload"/>
  <testcase name="imageDownload" time="0.001" classname="com.ptpl.ems.ImageDownload"/>
  <testcase name="imageDownload" time="0.000" classname="com.ptpl.ems.ImageDownload"/>
  <testcase name="imageDownload" time="0.001" classname="com.ptpl.ems.ImageDownload"/>
  <testcase name="imageDownload" time="0.001" classname="com.ptpl.ems.ImageDownload"/>
  <testcase name="imageDownload" time="0.001" classname="com.ptpl.ems.ImageDownload"/>
  <testcase name="imageDownload" time="0.001" classname="com.ptpl.ems.ImageDownload"/>
  <testcase name="imageDownload" time="0.002" classname="com.ptpl.ems.ImageDownload"/>
  <testcase name="imageDownload" time="0.000" classname="com.ptpl.ems.ImageDownload"/>
  <testcase name="imageDownload" time="0.000" classname="com.ptpl.ems.ImageDownload"/>
  <testcase name="imageDownload" time="0.001" classname="com.ptpl.ems.ImageDownload"/>
  <testcase name="imageDownload" time="0.000" classname="com.ptpl.ems.ImageDownload"/>
  <testcase name="imageDownload" time="0.000" classname="com.ptpl.ems.ImageDownload"/>
  <testcase name="imageDownload" time="0.001" classname="com.ptpl.ems.ImageDownload"/>
  <testcase name="imageDownload" time="0.001" classname="com.ptpl.ems.ImageDownload"/>
  <testcase name="imageDownload" time="0.002" classname="com.ptpl.ems.ImageDownload"/>
  <testcase name="imageDownload" time="0.001" classname="com.ptpl.ems.ImageDownload"/>
  <testcase name="imageDownload" time="0.000" classname="com.ptpl.ems.ImageDownload"/>
  <testcase name="imageDownload" time="0.000" classname="com.ptpl.ems.ImageDownload"/>
  <testcase name="imageDownload" time="0.000" classname="com.ptpl.ems.ImageDownload"/>
  <testcase name="imageDownload" time="0.000" classname="com.ptpl.ems.ImageDownload"/>
  <testcase name="imageDownload" time="0.001" classname="com.ptpl.ems.ImageDownload"/>
  <testcase name="imageDownload" time="0.000" classname="com.ptpl.ems.ImageDownload"/>
  <testcase name="imageDownload" time="0.001" classname="com.ptpl.ems.ImageDownload"/>
  <testcase name="imageDownload" time="0.001" classname="com.ptpl.ems.ImageDownload"/>
  <testcase name="imageDownload" time="0.000" classname="com.ptpl.ems.ImageDownload"/>
  <testcase name="imageDownload" time="0.000" classname="com.ptpl.ems.ImageDownload"/>
  <testcase name="imageDownload" time="0.000" classname="com.ptpl.ems.ImageDownload"/>
  <testcase name="imageDownload" time="0.001" classname="com.ptpl.ems.ImageDownload"/>
  <testcase name="imageDownload" time="0.000" classname="com.ptpl.ems.ImageDownload"/>
  <testcase name="imageDownload" time="0.001" classname="com.ptpl.ems.ImageDownload"/>
  <testcase name="imageDownload" time="0.000" classname="com.ptpl.ems.ImageDownload"/>
  <testcase name="imageDownload" time="0.008" classname="com.ptpl.ems.ImageDownload"/>
  <testcase name="imageDownload" time="0.002" classname="com.ptpl.ems.ImageDownload"/>
  <testcase name="imageDownload" time="0.001" classname="com.ptpl.ems.ImageDownload"/>
  <testcase name="imageDownload" time="0.001" classname="com.ptpl.ems.ImageDownload"/>
  <testcase name="imageDownload" time="0.000" classname="com.ptpl.ems.ImageDownload"/>
  <testcase name="imageDownload" time="0.001" classname="com.ptpl.ems.ImageDownload"/>
  <testcase name="imageDownload" time="0.001" classname="com.ptpl.ems.ImageDownload"/>
  <testcase name="imageDownload" time="0.000" classname="com.ptpl.ems.ImageDownload"/>
  <testcase name="imageDownload" time="0.000" classname="com.ptpl.ems.ImageDownload"/>
  <testcase name="imageDownload" time="0.000" classname="com.ptpl.ems.ImageDownload"/>
  <testcase name="imageDownload" time="0.001" classname="com.ptpl.ems.ImageDownload"/>
  <testcase name="imageDownload" time="0.001" classname="com.ptpl.ems.ImageDownload"/>
  <testcase name="imageDownload" time="0.000" classname="com.ptpl.ems.ImageDownload"/>
  <testcase name="imageDownload" time="0.001" classname="com.ptpl.ems.ImageDownload"/>
  <testcase name="imageDownload" time="0.001" classname="com.ptpl.ems.ImageDownload"/>
  <testcase name="imageDownload" time="0.001" classname="com.ptpl.ems.ImageDownload"/>
  <testcase name="imageDownload" time="0.000" classname="com.ptpl.ems.ImageDownload"/>
  <testcase name="imageDownload" time="0.001" classname="com.ptpl.ems.ImageDownload"/>
  <testcase name="imageDownload" time="0.001" classname="com.ptpl.ems.ImageDownload"/>
  <testcase name="imageDownload" time="0.001" classname="com.ptpl.ems.ImageDownload"/>
  <testcase name="imageDownload" time="0.000" classname="com.ptpl.ems.ImageDownload"/>
  <testcase name="imageDownload" time="0.000" classname="com.ptpl.ems.ImageDownload"/>
  <testcase name="imageDownload" time="0.001" classname="com.ptpl.ems.ImageDownload"/>
  <testcase name="imageDownload" time="0.000" classname="com.ptpl.ems.ImageDownload"/>
  <testcase name="imageDownload" time="0.000" classname="com.ptpl.ems.ImageDownload"/>
  <testcase name="imageDownload" time="0.000" classname="com.ptpl.ems.ImageDownload"/>
  <testcase name="imageDownload" time="0.001" classname="com.ptpl.ems.ImageDownload"/>
  <testcase name="imageDownload" time="0.001" classname="com.ptpl.ems.ImageDownload"/>
  <testcase name="imageDownload" time="0.000" classname="com.ptpl.ems.ImageDownload"/>
  <testcase name="imageDownload" time="0.000" classname="com.ptpl.ems.ImageDownload"/>
  <testcase name="imageDownload" time="0.000" classname="com.ptpl.ems.ImageDownload"/>
  <testcase name="imageDownload" time="0.000" classname="com.ptpl.ems.ImageDownload"/>
  <testcase name="imageDownload" time="0.001" classname="com.ptpl.ems.ImageDownload"/>
  <testcase name="imageDownload" time="0.001" classname="com.ptpl.ems.ImageDownload"/>
  <testcase name="imageDownload" time="0.000" classname="com.ptpl.ems.ImageDownload"/>
  <testcase name="imageDownload" time="0.000" classname="com.ptpl.ems.ImageDownload"/>
  <testcase name="imageDownload" time="0.002" classname="com.ptpl.ems.ImageDownload"/>
  <testcase name="imageDownload" time="0.001" classname="com.ptpl.ems.ImageDownload"/>
  <testcase name="imageDownload" time="0.000" classname="com.ptpl.ems.ImageDownload"/>
  <testcase name="imageDownload" time="0.001" classname="com.ptpl.ems.ImageDownload"/>
  <testcase name="imageDownload" time="0.000" classname="com.ptpl.ems.ImageDownload"/>
  <testcase name="imageDownload" time="0.000" classname="com.ptpl.ems.ImageDownload"/>
  <testcase name="imageDownload" time="0.000" classname="com.ptpl.ems.ImageDownload"/>
  <testcase name="imageDownload" time="0.001" classname="com.ptpl.ems.ImageDownload"/>
  <testcase name="imageDownload" time="0.000" classname="com.ptpl.ems.ImageDownload"/>
  <testcase name="imageDownload" time="0.000" classname="com.ptpl.ems.ImageDownload"/>
  <testcase name="imageDownload" time="0.000" classname="com.ptpl.ems.ImageDownload"/>
  <testcase name="imageDownload" time="0.000" classname="com.ptpl.ems.ImageDownload"/>
  <testcase name="imageDownload" time="0.001" classname="com.ptpl.ems.ImageDownload"/>
  <testcase name="imageDownload" time="0.001" classname="com.ptpl.ems.ImageDownload"/>
  <testcase name="imageDownload" time="0.001" classname="com.ptpl.ems.ImageDownload"/>
  <testcase name="imageDownload" time="0.000" classname="com.ptpl.ems.ImageDownload"/>
  <testcase name="imageDownload" time="0.011" classname="com.ptpl.ems.ImageDownload"/>
  <testcase name="imageDownload" time="0.000" classname="com.ptpl.ems.ImageDownload"/>
  <testcase name="imageDownload" time="0.000" classname="com.ptpl.ems.ImageDownload"/>
  <testcase name="imageDownload" time="0.002" classname="com.ptpl.ems.ImageDownload"/>
  <testcase name="imageDownload" time="0.000" classname="com.ptpl.ems.ImageDownload"/>
  <testcase name="imageDownload" time="0.000" classname="com.ptpl.ems.ImageDownload"/>
  <testcase name="imageDownload" time="0.000" classname="com.ptpl.ems.ImageDownload"/>
  <testcase name="imageDownload" time="0.002" classname="com.ptpl.ems.ImageDownload"/>
  <testcase name="imageDownload" time="0.000" classname="com.ptpl.ems.ImageDownload"/>
</testsuite> <!-- com.ptpl.ems.ImageDownload -->
